[11/26/18, 15:53:09:243] info: ╔═══════════════════════════════════════════════════════════════════════════════════╗
[11/26/18, 15:53:09:243] info: ║      Slack 3.3.3, linux 4.19.2-arch1-1-ARCH on x64 at 11/26/18, 15:53:09:240      ║
[11/26/18, 15:53:09:244] info: ╚═══════════════════════════════════════════════════════════════════════════════════╝
[11/26/18, 15:53:09:599] info: Initializing local storage instance at path: /home/bikeboi/.config/Slack/local-settings.json
[11/26/18, 15:53:09:685] error: Locale: Tried to access systemLocale before application was ready
[11/26/18, 15:53:09:970] info: TraceRecorder: setting up trace recorder, trace will be stored under /home/bikeboi/.config/Slack/logs/recorded-trace
[11/26/18, 15:53:09:976] info: Configuring uncaughtExceptionHandler
[11/26/18, 15:53:09:976] info: Configuring unhandledRejectionHandler
[11/26/18, 15:53:09:976] info: Registered with apiKey acaff8df67924f677747922423057034
[11/26/18, 15:53:10:207] error: TransformPasswords: Cannot access keychain
{
  "error": {
    "message": "The name org.freedesktop.secrets was not provided by any .service files",
    "stack": "Error: The name org.freedesktop.secrets was not provided by any .service files"
  }
}
[11/26/18, 15:53:10:208] warn: BrowserStore: Couldn't access keychain, make note of it
[11/26/18, 15:53:10:321] info: Store: persist/REHYDRATE
[11/26/18, 15:53:10:360] info: Store: UPDATE_SETTINGS
{
  "isSignedIntoSlackOrg": false
}
[11/26/18, 15:53:10:361] info: UpdaterEpics: Updates disabled because
{
  "reasons": [
    "using Linux"
  ]
}
[11/26/18, 15:53:10:363] info: Created uuid '8e1c0767-97b9-5935-8829-e9488508cc1b'
[11/26/18, 15:53:10:831] info: Tray Handler: Showing a tray balloon with title: Welcome to Slack!
[11/26/18, 15:53:10:836] info: Store: INITIALIZE_SETTINGS
{
  "releaseChannel": "prod",
  "platformVersion": {
    "major": 4,
    "minor": 19,
    "build": 2
  },
  "isTitleBarHidden": false,
  "isDevMode": false,
  "appVersion": "3.3.3",
  "versionName": "Dirty Computer",
  "devEnv": null,
  "resourcePath": "/usr/lib/slack/resources/app.asar",
  "webappSrcPath": null,
  "webappParams": null,
  "launchOnStartup": false,
  "openDevToolsOnStart": false,
  "logFile": null,
  "pretendNotReallyWindows10": false,
  "isAeroGlassEnabled": false,
  "isGpuCompositionAvailable": true,
  "linux": {
    "os": "Raspbian",
    "release": "",
    "desktopEnvironment": "KDE"
  }
}
[11/26/18, 15:53:10:838] info: AutoLoginEpic: Checking for autologin.
[11/26/18, 15:53:10:840] info: Store: UPDATE_SETTINGS
{
  "hasRunApp": true
}
[11/26/18, 15:53:10:844] info: WebContentsMediator: Attaching to new webContents
[11/26/18, 15:53:10:846] info: Store: ADD_WINDOW
{
  "id": 2,
  "type": "main"
}
[11/26/18, 15:53:10:847] info: BrowserViewManager: Starting initialization
[11/26/18, 15:53:10:848] info: PersistSettingsWindowBehavior: Loading windowMetrics
{
  "settings": null
}
[11/26/18, 15:53:10:849] info: PersistSettingsWindowBehavior: Resetting to default window position
{
  "settings": {
    "position": [
      171,
      0
    ],
    "size": [
      1024,
      768
    ]
  }
}
[11/26/18, 15:53:10:849] info: Store: SAVE_WINDOW_SETTINGS
{
  "position": [
    171,
    0
  ],
  "size": [
    1024,
    768
  ]
}
[11/26/18, 15:53:10:867] info: Store: UPDATE_SETTINGS
{
  "PrefSSBFileDownloadPath": "/home/bikeboi/Downloads"
}
[11/26/18, 15:53:10:868] info: DownloadListener: Downloads directory set to
{
  "downloadsDirectory": "/home/bikeboi/Downloads"
}
[11/26/18, 15:53:10:868] info: Application: Setting main window ID
{
  "id": 2
}
[11/26/18, 15:53:10:869] info: App: Welcome to Slack 3.3.3 x64
[11/26/18, 15:53:10:869] info: App load time: 1,846082605
[11/26/18, 15:53:11:940] info: Store: BACKGROUND_CLIENTS_INITIALIZED
[11/26/18, 15:53:11:944] info: Store: BACKGROUND_CLIENTS_INITIALIZED true
[11/26/18, 15:53:13:113] info: Store: SET_NETWORK_STATUS online
[11/26/18, 15:53:13:121] info: Store: MAIN_WINDOW_SHOWN
[11/26/18, 15:53:13:158] info: createSignInWindowEpic: No teams signed in, showing sign-in window
[11/26/18, 15:53:13:168] info: WebContentsMediator: Attaching to new webContents
[11/26/18, 15:53:13:181] info: Store: ADD_WINDOW
{
  "id": 3,
  "type": "sign-in"
}
[11/26/18, 15:53:13:191] info: SignInEpic: Loading URL in new window https://slack.com/signin
[11/26/18, 15:58:53:980] info: SignInEpic: Page redirect
{
  "newURL": "https://scrambld.slack.com/"
}
[11/26/18, 15:58:53:981] info: SignInEpic: Page redirect
{
  "newURL": "https://scrambld.slack.com/"
}
[11/26/18, 15:58:53:981] info: SignInEpic: Page redirect
{
  "newURL": "https://scrambld.slack.com/"
}
[11/26/18, 16:00:08:660] info: SignInEpic: Page redirect
{
  "newURL": "https://slack.com/checkcookie?redir=https%3A%2F%2Fscrambld.slack.com%2Fsignin%3Fssb_success%3D1%26ssb_relogin%3D"
}
[11/26/18, 16:00:08:661] info: SignInEpic: Page redirect
{
  "newURL": "https://slack.com/checkcookie?redir=https%3A%2F%2Fscrambld.slack.com%2Fsignin%3Fssb_success%3D1%26ssb_relogin%3D"
}
[11/26/18, 16:00:08:662] info: SignInEpic: Page redirect
{
  "newURL": "https://slack.com/checkcookie?redir=https%3A%2F%2Fscrambld.slack.com%2Fsignin%3Fssb_success%3D1%26ssb_relogin%3D"
}
[11/26/18, 16:00:08:820] info: SignInEpic: Page redirect
{
  "newURL": "https://scrambld.slack.com/signin?ssb_success=1&ssb_relogin="
}
[11/26/18, 16:00:08:822] info: Store: SIGN_IN_COMPLETE
[11/26/18, 16:00:08:826] info: SignInEpic: Page redirect
{
  "newURL": "https://scrambld.slack.com/signin?ssb_success=1&ssb_relogin="
}
[11/26/18, 16:00:08:827] info: SignInEpic: Page redirect
{
  "newURL": "https://scrambld.slack.com/signin?ssb_success=1&ssb_relogin="
}
[11/26/18, 16:00:09:444] info: SignInEpic: Received team(s) from the webapp
[11/26/18, 16:00:09:445] info: SignInEpic: Got signal!
[11/26/18, 16:00:09:445] info: Store: SIGN_IN_CANCELED
[11/26/18, 16:00:09:446] info: SignInEpic: Sign-in window closed
[11/26/18, 16:00:09:446] info: Store: REMOVE_WINDOW 3
[11/26/18, 16:00:09:449] info: maybeQuitAppAction
{
  "canceledSignIn": false,
  "hasNoTeams": true
}
[11/26/18, 16:00:09:449] info: SignInEpic: End of the road
{
  "action": "ADD_NEW_TEAM"
}
[11/26/18, 16:00:09:450] info: Store: ADD_NEW_TEAM
{
  "id": "UEBBHJPB2",
  "name": "[REDACTED]",
  "team_id": "TEBDL7HDF",
  "team_name": "[REDACTED]",
  "team_url": "[REDACTED]"
}
[11/26/18, 16:00:09:453] info: BrowserViewManager: Creating views for new teams
{
  "newTeamIds": [
    "TEBDL7HDF"
  ]
}
[11/26/18, 16:00:09:454] info: BrowserViewManager: Activating BrowserView
{
  "teamId": "TEBDL7HDF"
}
[11/26/18, 16:00:09:454] info: BrowserViewManager: Creating BrowserView
{
  "teamId": "TEBDL7HDF"
}
[11/26/18, 16:00:09:456] info: WebContentsMediator: Attaching to new webContents
[11/26/18, 16:00:09:457] info: Store: UPSERT_WEB_CONTENTS
{
  "id": 4,
  "teamId": "TEBDL7HDF",
  "state": "unloaded"
}
[11/26/18, 16:00:09:462] info: Background Clients Update: 
+-----------+-------+------------+
|           | Full  | Background |
|-----------+-------+------------+
| TEBDL7HDF | start |            |
+-----------+-------+------------+
[11/26/18, 16:00:09:475] info: BrowserViewManager: Activating BrowserView
{
  "teamId": "TEBDL7HDF"
}
[11/26/18, 16:00:09:478] info: Background Clients Update: 
+-----------+-------+------------+
|           | Full  | Background |
|-----------+-------+------------+
| TEBDL7HDF | start |            |
+-----------+-------+------------+
[11/26/18, 16:00:09:545] info: Store: SET_FULL_SCREEN
[11/26/18, 16:00:09:546] info: Store: SET_FULL_SCREEN
[11/26/18, 16:00:09:547] info: Store: SET_FULL_SCREEN
[11/26/18, 16:00:09:548] info: Store: SET_FULL_SCREEN
[11/26/18, 16:00:09:548] info: Store: SET_FULL_SCREEN
[11/26/18, 16:00:09:549] info: Store: SET_FULL_SCREEN
[11/26/18, 16:00:10:485] info: Store: SAVE_WINDOW_SETTINGS
{
  "size": [
    1024,
    739
  ],
  "position": [
    283,
    29
  ],
  "isMaximized": false
}
[11/26/18, 16:00:10:506] info: Team boot count
{
  "count": 1
}
[11/26/18, 16:00:13:987] info: WebContents LifeCycle: webContents:4 from 'unloaded' to 'loaded' took 4517 ms
[11/26/18, 16:00:13:987] info: Store: UPSERT_WEB_CONTENTS
{
  "id": 4,
  "state": "loaded",
  "teamId": "TEBDL7HDF"
}
[11/26/18, 16:00:13:989] info: Background Clients Update: 
+-----------+---------+------------+
|           | Full    | Background |
|-----------+---------+------------+
| TEBDL7HDF | loading |            |
+-----------+---------+------------+
[11/26/18, 16:00:14:235] info: Store: UPDATE_SESSION_STATUS
{
  "hasValidSession": true,
  "teamId": "TEBDL7HDF"
}
[11/26/18, 16:00:15:111] info: Store: SELECT_CHANNEL CEBSDAMK6
[11/26/18, 16:00:15:112] info: Store: UPDATE_TEAM_LOCALE
{
  "locale": "en-US",
  "teamId": "TEBDL7HDF"
}
[11/26/18, 16:00:15:173] info: Store: UPDATE_SETTINGS
{
  "locale": "en-US"
}
[11/26/18, 16:00:15:174] info: Store: UPDATE_TEAM_THEME
{
  "teamId": "TEBDL7HDF",
  "theme": {
    "active_item": "#4C9689",
    "active_item_text": "#FFFFFF",
    "active_presence": "#38978D",
    "badge": "#EB4D5C",
    "column_bg": "#4D394B",
    "hover_item": "#3E313C",
    "menu_bg": "#3E313C",
    "text_color": "#FFFFFF"
  }
}
[11/26/18, 16:00:15:422] info: Store: SELECT_CHANNEL DEBU86SAY
[11/26/18, 16:00:15:465] info: WebContents LifeCycle: webContents:4 from 'loaded' to 'webapp-loaded' took 1477 ms
[11/26/18, 16:00:15:465] info: Store: UPSERT_WEB_CONTENTS
{
  "id": 4,
  "state": "webapp-loaded",
  "teamId": "TEBDL7HDF"
}
[11/26/18, 16:00:15:466] info: Background Clients Update: 
+-----------+-------+------------+
|           | Full  | Background |
|-----------+-------+------------+
| TEBDL7HDF | ready |            |
+-----------+-------+------------+
[11/26/18, 16:00:15:468] info: Store: UPDATE_SETTINGS
{
  "sandboxSigninWindow": true
}
[11/26/18, 16:00:15:643] info: Store: STORE_ENTERPRISE_ID_PAIR
{
  "teamId": "TEBDL7HDF",
  "enterpriseId": null
}
[11/26/18, 16:00:15:645] info: Store: STORE_API_TOKEN
{
  "token": "xoxs-⋯",
  "teamId": "TEBDL7HDF"
}
[11/26/18, 16:00:16:601] info: Store: SET_SUSPEND_STATUS
[11/26/18, 16:03:06:303] info: Store: SET_SUSPEND_STATUS true
[11/26/18, 16:03:36:266] info: Store: SET_NETWORK_STATUS offline
[11/26/18, 16:03:47:203] info: Store: SET_NETWORK_STATUS online
[11/26/18, 16:04:02:733] info: Store: SET_NETWORK_STATUS offline
[11/26/18, 16:04:13:717] info: Store: SET_NETWORK_STATUS online
[11/26/18, 16:05:26:075] info: Store: SET_NETWORK_STATUS offline
[11/26/18, 16:05:36:739] info: Store: SET_NETWORK_STATUS online
[11/26/18, 16:10:26:174] info: Store: SELECT_CHANNEL DEC9P4YFP
[11/26/18, 16:10:33:810] info: Store: SELECT_CHANNEL CEB9NMHQQ
[11/26/18, 16:10:34:849] info: Store: SELECT_CHANNEL CEBSDAMK6
[11/26/18, 16:10:35:831] info: WebContentsMediator: Attaching to new webContents
[11/26/18, 16:10:36:214] info: WebContentsMediator: Attaching to new webContents
[11/26/18, 16:10:39:938] info: Store: SAVE_WINDOW_SETTINGS
{
  "position": [
    171,
    0
  ],
  "size": [
    1024,
    768
  ],
  "isMaximized": true
}
[11/26/18, 16:10:39:942] info: BrowserViewManager: Activating BrowserView
{
  "teamId": "TEBDL7HDF"
}
[11/26/18, 16:10:40:262] info: Store: SET_FULL_SCREEN
[11/26/18, 16:10:41:486] info: Store: SET_FULL_SCREEN
[11/26/18, 16:10:42:659] info: Store: SET_FULL_SCREEN
[11/26/18, 16:10:45:129] info: Store: SET_FULL_SCREEN
[11/26/18, 16:10:46:203] info: Store: SET_FULL_SCREEN
[11/26/18, 16:10:47:269] info: Store: SET_FULL_SCREEN
[11/26/18, 16:12:46:626] info: Store: SET_FULL_SCREEN
[11/26/18, 16:12:47:562] info: Store: SET_FULL_SCREEN
[11/26/18, 16:12:50:866] info: Store: SET_FULL_SCREEN
[11/26/18, 16:12:51:164] info: Store: SET_FULL_SCREEN
[11/26/18, 16:12:59:208] info: Store: SET_FULL_SCREEN
[11/26/18, 16:12:59:526] info: Store: SET_FULL_SCREEN
[11/26/18, 16:12:59:757] info: Store: SET_FULL_SCREEN
[11/26/18, 16:13:35:644] info: Store: SELECT_CHANNEL CECA60SMB
[11/26/18, 16:13:35:752] info: WebContentsMediator: Attaching to new webContents
[11/26/18, 16:14:15:974] info: Store: MAIN_WINDOW_FOCUSED
[11/26/18, 16:14:52:411] info: Store: SELECT_CHANNEL CEBSDAMK6
[11/26/18, 16:14:52:478] info: WebContentsMediator: Attaching to new webContents
[11/26/18, 16:14:53:492] info: Store: SELECT_CHANNEL CECA60SMB
[11/26/18, 16:15:02:033] info: Store: SET_FULL_SCREEN
[11/26/18, 16:15:03:342] info: Store: SET_FULL_SCREEN
[11/26/18, 16:15:03:649] info: Store: SET_FULL_SCREEN
[11/26/18, 16:15:07:342] info: Store: SET_FULL_SCREEN
[11/26/18, 16:15:41:133] info: Store: MAIN_WINDOW_FOCUSED
[11/26/18, 16:16:12:204] info: Store: SET_FULL_SCREEN
[11/26/18, 16:16:13:010] info: Store: SET_FULL_SCREEN
[11/26/18, 16:16:34:552] info: Store: SET_FULL_SCREEN
[11/26/18, 16:16:34:777] info: Store: SET_FULL_SCREEN
[11/26/18, 16:16:35:278] info: Store: SET_FULL_SCREEN
[11/26/18, 16:16:37:387] info: Store: SET_FULL_SCREEN
[11/26/18, 16:20:35:122] info: Store: SET_NETWORK_STATUS offline
[11/26/18, 16:20:45:257] info: Store: SET_NETWORK_STATUS online
[11/26/18, 16:29:53:612] info: Store: SET_FULL_SCREEN
[11/26/18, 16:32:51:161] info: Store: SET_FULL_SCREEN
[11/26/18, 16:33:04:223] info: Store: SET_FULL_SCREEN
[11/26/18, 16:34:04:865] info: Store: SET_FULL_SCREEN
[11/26/18, 16:34:11:454] info: Store: SET_FULL_SCREEN
[11/26/18, 16:34:12:219] info: Store: SET_FULL_SCREEN
[11/26/18, 16:34:14:387] info: Store: SET_FULL_SCREEN
[11/26/18, 16:34:26:125] info: Store: SET_FULL_SCREEN
[11/26/18, 16:34:32:952] info: Store: SET_NETWORK_STATUS offline
[11/26/18, 16:34:43:360] info: Store: SET_NETWORK_STATUS online
[11/26/18, 16:36:27:912] info: Store: SET_FULL_SCREEN
[11/26/18, 16:36:29:880] info: Store: SET_FULL_SCREEN
[11/26/18, 16:36:30:534] info: Store: SET_FULL_SCREEN
[11/26/18, 16:36:32:253] info: Store: SET_FULL_SCREEN
[11/26/18, 16:36:35:088] info: Store: SET_FULL_SCREEN
[11/26/18, 16:36:39:911] info: Store: SET_FULL_SCREEN
[11/26/18, 16:36:51:073] info: Store: SET_FULL_SCREEN
[11/26/18, 16:36:52:699] info: Store: SET_FULL_SCREEN
[11/26/18, 16:36:58:744] info: Store: SET_FULL_SCREEN
[11/26/18, 16:38:24:269] info: Store: SET_FULL_SCREEN
[11/26/18, 16:38:25:920] info: Store: SET_FULL_SCREEN
[11/26/18, 16:38:37:202] info: Store: SET_FULL_SCREEN
[11/26/18, 16:38:43:650] info: Store: SET_FULL_SCREEN
[11/26/18, 16:38:44:140] info: Store: SET_FULL_SCREEN
[11/26/18, 16:41:31:242] info: Store: SET_FULL_SCREEN
[11/26/18, 16:44:50:153] info: Store: SET_FULL_SCREEN
[11/26/18, 16:45:29:349] info: Store: SET_FULL_SCREEN
[11/26/18, 16:46:46:621] info: Store: SET_FULL_SCREEN
[11/26/18, 16:47:24:585] info: Store: SET_FULL_SCREEN
[11/26/18, 16:47:24:904] info: Store: SET_FULL_SCREEN
[11/26/18, 16:47:25:830] info: Store: SET_FULL_SCREEN
[11/26/18, 16:50:33:962] info: Store: SET_FULL_SCREEN
[11/26/18, 16:50:54:595] info: Store: SET_FULL_SCREEN
[11/26/18, 16:54:41:291] info: Store: SET_FULL_SCREEN
[11/26/18, 16:54:56:030] info: Store: SET_FULL_SCREEN
[11/26/18, 16:54:59:782] info: Store: SET_FULL_SCREEN
[11/26/18, 16:55:01:179] info: Store: SET_FULL_SCREEN
[11/26/18, 16:55:42:536] info: Store: SET_FULL_SCREEN
[11/26/18, 16:56:19:905] info: Store: SET_FULL_SCREEN
[11/26/18, 16:56:30:765] info: Store: SET_FULL_SCREEN
[11/26/18, 16:56:32:137] info: Store: SET_FULL_SCREEN
[11/26/18, 16:56:37:069] info: Store: SET_FULL_SCREEN
[11/26/18, 16:57:01:129] info: Store: SET_FULL_SCREEN
[11/26/18, 16:57:12:707] info: Store: SET_FULL_SCREEN
[11/26/18, 16:57:14:700] info: Store: SET_FULL_SCREEN
[11/26/18, 16:57:16:086] info: Store: SET_FULL_SCREEN
[11/26/18, 16:57:17:029] info: Store: SET_FULL_SCREEN
[11/26/18, 16:57:17:753] info: Store: SET_FULL_SCREEN
[11/26/18, 16:57:18:904] info: Store: SET_FULL_SCREEN
[11/26/18, 16:57:24:195] info: Store: SET_FULL_SCREEN
[11/26/18, 16:57:28:756] info: Store: SET_FULL_SCREEN
[11/26/18, 16:57:30:906] info: Store: SET_FULL_SCREEN
[11/26/18, 16:57:36:236] info: Store: SET_FULL_SCREEN
[11/26/18, 16:57:48:661] info: Store: SET_FULL_SCREEN
[11/26/18, 16:57:49:788] info: Store: SET_FULL_SCREEN
[11/26/18, 16:57:52:280] info: Store: SET_FULL_SCREEN
[11/26/18, 16:57:54:963] info: Store: SET_FULL_SCREEN
[11/26/18, 16:58:16:414] info: Store: SET_FULL_SCREEN
[11/26/18, 16:58:18:529] info: Store: SET_FULL_SCREEN
[11/26/18, 16:58:29:073] info: Store: SET_FULL_SCREEN
[11/26/18, 16:59:07:692] info: Store: SET_FULL_SCREEN
[11/26/18, 16:59:09:327] info: Store: SET_FULL_SCREEN
[11/26/18, 16:59:11:061] info: Store: SET_FULL_SCREEN
[11/26/18, 16:59:54:790] info: Store: SET_FULL_SCREEN
[11/26/18, 16:59:58:667] info: Store: SET_FULL_SCREEN
[11/26/18, 17:00:01:248] info: Store: SET_FULL_SCREEN
[11/26/18, 17:00:55:172] info: Store: SET_FULL_SCREEN
[11/26/18, 17:01:25:725] info: Store: SET_FULL_SCREEN
[11/26/18, 17:05:34:916] info: Store: SET_FULL_SCREEN
[11/26/18, 17:06:58:627] info: Store: SET_FULL_SCREEN
[11/26/18, 17:07:00:264] info: Store: SET_FULL_SCREEN
[11/26/18, 17:15:27:633] info: Store: SET_FULL_SCREEN
[11/26/18, 17:15:37:659] info: Store: SET_FULL_SCREEN
[11/26/18, 17:16:08:109] info: Store: SET_FULL_SCREEN
[11/26/18, 17:18:33:472] info: Store: SET_FULL_SCREEN
[11/26/18, 17:19:06:208] info: Store: SET_FULL_SCREEN
[11/26/18, 17:19:13:969] info: Store: SET_FULL_SCREEN
[11/26/18, 17:21:21:397] info: Store: SET_FULL_SCREEN
[11/26/18, 17:21:22:377] info: Store: SET_FULL_SCREEN
[11/26/18, 17:22:27:444] info: Store: SET_FULL_SCREEN
[11/26/18, 17:22:27:626] info: Store: SET_FULL_SCREEN
[11/26/18, 17:22:33:138] info: Store: SET_FULL_SCREEN
[11/26/18, 17:22:38:589] info: Store: SET_FULL_SCREEN
[11/26/18, 17:22:42:568] info: Store: SET_FULL_SCREEN
[11/26/18, 17:26:04:351] info: Store: SET_FULL_SCREEN
[11/26/18, 17:26:09:337] info: Store: SET_FULL_SCREEN
[11/26/18, 17:28:01:857] info: Store: SET_FULL_SCREEN
[11/26/18, 17:28:20:199] info: Store: SET_FULL_SCREEN
[11/26/18, 17:40:00:423] info: Store: SET_NETWORK_STATUS offline
[11/26/18, 17:40:07:421] info: Store: SET_NETWORK_STATUS online
[11/26/18, 17:45:12:422] info: Store: SET_NETWORK_STATUS offline
[11/26/18, 17:45:19:421] info: Store: SET_NETWORK_STATUS online
[11/26/18, 17:49:13:098] info: Store: SET_FULL_SCREEN
[11/26/18, 17:49:30:059] info: Store: SET_FULL_SCREEN
[11/26/18, 17:50:14:423] info: Store: SET_NETWORK_STATUS offline
[11/26/18, 17:50:21:420] info: Store: SET_NETWORK_STATUS online
[11/26/18, 17:50:49:852] info: Store: SET_FULL_SCREEN
[11/26/18, 17:51:37:447] info: Store: SET_FULL_SCREEN
[11/26/18, 17:51:38:060] info: Store: SET_FULL_SCREEN
[11/26/18, 17:51:46:099] info: Store: SET_FULL_SCREEN
[11/26/18, 17:52:32:456] info: Store: SET_FULL_SCREEN
[11/26/18, 17:52:33:644] info: Store: SET_FULL_SCREEN
[11/26/18, 17:52:38:384] info: Store: SET_FULL_SCREEN
[11/26/18, 17:52:39:497] info: Store: SET_FULL_SCREEN
[11/26/18, 17:54:27:378] info: Store: SET_FULL_SCREEN
[11/26/18, 17:54:27:837] info: Store: SET_FULL_SCREEN
[11/26/18, 17:54:31:548] info: Store: SET_FULL_SCREEN
[11/26/18, 17:54:32:348] info: Store: SET_FULL_SCREEN
[11/26/18, 17:54:40:948] info: Store: SET_FULL_SCREEN
[11/26/18, 17:54:46:134] info: Store: SET_FULL_SCREEN
[11/26/18, 17:58:01:491] info: Store: SET_FULL_SCREEN
[11/26/18, 17:58:05:600] info: Store: SET_FULL_SCREEN
[11/26/18, 17:58:25:999] info: Store: SET_FULL_SCREEN
[11/26/18, 17:58:28:777] info: Store: SET_FULL_SCREEN
[11/26/18, 17:58:31:699] info: Store: SET_FULL_SCREEN
[11/26/18, 17:58:36:681] info: Store: SET_FULL_SCREEN
[11/26/18, 17:58:40:755] info: Store: SET_FULL_SCREEN
[11/26/18, 17:58:44:390] info: Store: SET_FULL_SCREEN
[11/26/18, 17:58:45:155] info: Store: SET_FULL_SCREEN
[11/26/18, 17:58:49:488] info: Store: SET_FULL_SCREEN
[11/26/18, 17:58:50:571] info: Store: SET_FULL_SCREEN
[11/26/18, 17:59:03:563] info: Store: SET_FULL_SCREEN
[11/26/18, 17:59:05:929] info: Store: SET_FULL_SCREEN
[11/26/18, 18:03:19:596] info: Store: SET_FULL_SCREEN
[11/26/18, 18:03:23:897] info: Store: SET_FULL_SCREEN
[11/26/18, 18:03:35:418] info: Store: SET_FULL_SCREEN
[11/26/18, 18:03:41:859] info: Store: SET_FULL_SCREEN
[11/26/18, 18:04:17:839] info: Store: SET_FULL_SCREEN
[11/26/18, 18:04:20:698] info: Store: SET_FULL_SCREEN
[11/26/18, 18:04:51:001] info: Store: SET_FULL_SCREEN
[11/26/18, 18:04:58:720] info: Store: SET_FULL_SCREEN
[11/26/18, 18:05:10:737] info: Store: SET_FULL_SCREEN
[11/26/18, 18:06:01:133] info: Store: SET_FULL_SCREEN
[11/26/18, 18:06:04:405] info: Store: SET_FULL_SCREEN
[11/26/18, 18:06:38:409] info: Store: SET_FULL_SCREEN
[11/26/18, 18:06:43:073] info: Store: SET_FULL_SCREEN
[11/26/18, 18:06:47:576] info: Store: SET_FULL_SCREEN
[11/26/18, 18:07:03:241] info: Store: SET_FULL_SCREEN
[11/26/18, 18:07:04:558] info: Store: SET_FULL_SCREEN
[11/26/18, 18:07:19:380] info: Store: SET_FULL_SCREEN
[11/26/18, 18:07:31:863] info: Store: SET_FULL_SCREEN
[11/26/18, 18:08:41:107] info: Store: SET_FULL_SCREEN
[11/26/18, 18:09:42:395] info: Store: SET_FULL_SCREEN
[11/26/18, 18:10:02:224] info: Store: SET_FULL_SCREEN
[11/26/18, 18:10:05:301] info: Store: SET_FULL_SCREEN
[11/26/18, 18:11:30:700] info: Store: SET_FULL_SCREEN
[11/26/18, 18:14:08:910] info: Store: SET_FULL_SCREEN
[11/26/18, 18:14:48:893] info: Store: SET_FULL_SCREEN
[11/26/18, 18:17:26:346] info: Store: SET_FULL_SCREEN
[11/26/18, 18:21:22:285] info: Store: SET_SUSPEND_STATUS
[11/26/18, 18:55:11:115] info: Store: SET_SUSPEND_STATUS true
[11/26/18, 18:55:11:690] info: Store: SET_NETWORK_STATUS offline
[11/26/18, 19:05:17:157] info: Store: SET_SUSPEND_STATUS
[11/26/18, 19:16:18:097] info: Store: SET_SUSPEND_STATUS true
[11/26/18, 19:22:07:752] info: Store: SET_NETWORK_STATUS online
[11/26/18, 19:22:09:765] info: Store: UPDATE_TEAM_LOCALE
{
  "locale": "en-US",
  "teamId": "TEBDL7HDF"
}
[11/26/18, 19:32:01:212] info: Store: SET_SUSPEND_STATUS
[11/26/18, 20:37:51:147] info: Store: SET_SUSPEND_STATUS true
[11/26/18, 20:37:51:437] info: Store: SET_NETWORK_STATUS offline
[11/26/18, 20:37:59:438] info: Store: SET_NETWORK_STATUS online
[11/26/18, 20:38:00:538] info: Store: UPDATE_TEAM_LOCALE
{
  "locale": "en-US",
  "teamId": "TEBDL7HDF"
}
[11/26/18, 20:38:08:304] info: Store: SET_FULL_SCREEN
[11/26/18, 20:38:33:762] info: Store: SET_FULL_SCREEN
[11/26/18, 22:18:24:253] info: Store: SET_FULL_SCREEN
[11/26/18, 22:18:27:187] info: Store: SET_FULL_SCREEN
[11/26/18, 22:18:28:903] info: Store: SET_FULL_SCREEN
[11/26/18, 22:18:29:139] info: Store: SET_FULL_SCREEN
[11/26/18, 22:18:36:115] info: Store: SET_FULL_SCREEN
[11/26/18, 22:18:42:146] info: Store: SET_FULL_SCREEN
[11/26/18, 22:18:54:107] info: Store: SET_FULL_SCREEN
[11/26/18, 22:18:56:470] info: Store: SET_FULL_SCREEN
[11/26/18, 22:19:08:601] info: Store: SET_FULL_SCREEN
[11/26/18, 22:19:11:845] info: Store: SET_FULL_SCREEN
[11/26/18, 22:21:26:610] info: Store: SET_FULL_SCREEN
[11/26/18, 22:21:27:965] info: Store: SET_FULL_SCREEN
[11/26/18, 22:22:09:820] info: Store: SET_FULL_SCREEN
[11/26/18, 22:22:10:517] info: Store: SET_FULL_SCREEN
[11/26/18, 22:22:11:526] info: Store: SET_FULL_SCREEN
[11/26/18, 22:22:26:122] info: Store: SET_FULL_SCREEN
[11/26/18, 22:22:26:712] info: Store: SET_FULL_SCREEN
[11/26/18, 22:22:31:384] info: Store: SET_FULL_SCREEN
[11/26/18, 22:51:02:186] info: Store: SET_SUSPEND_STATUS
[11/27/18, 13:15:35:228] info: Store: SET_SUSPEND_STATUS true
[11/27/18, 13:15:35:635] info: Store: SET_NETWORK_STATUS offline
[11/27/18, 13:15:44:644] info: Store: SET_NETWORK_STATUS online
[11/27/18, 13:15:48:132] info: Store: UPDATE_TEAM_LOCALE
{
  "locale": "en-US",
  "teamId": "TEBDL7HDF"
}
[11/27/18, 13:44:50:036] info: Store: SET_FULL_SCREEN
[11/27/18, 13:46:38:054] info: Store: SET_FULL_SCREEN
[11/27/18, 13:46:56:590] info: Store: SET_FULL_SCREEN
[11/27/18, 13:46:57:861] info: Store: SET_FULL_SCREEN
[11/27/18, 13:47:00:619] info: Store: SET_FULL_SCREEN
[11/27/18, 13:47:06:885] info: Store: SET_FULL_SCREEN
[11/27/18, 13:47:08:764] info: Store: SET_FULL_SCREEN
[11/27/18, 14:09:10:401] info: Store: SET_FULL_SCREEN
[11/27/18, 14:10:05:954] info: Store: SET_FULL_SCREEN
[11/27/18, 14:10:51:188] info: Store: SET_FULL_SCREEN
[11/27/18, 14:10:58:719] info: Store: SET_FULL_SCREEN
[11/27/18, 14:11:06:193] info: Store: SET_FULL_SCREEN
[11/27/18, 14:11:45:657] info: Store: SET_FULL_SCREEN
[11/27/18, 14:12:16:437] info: Store: SET_FULL_SCREEN
[11/27/18, 14:14:41:676] info: Store: SET_FULL_SCREEN
[11/27/18, 14:14:55:968] info: Store: SET_FULL_SCREEN
[11/27/18, 14:15:23:902] info: Store: SET_FULL_SCREEN
[11/27/18, 14:50:39:647] info: Store: SET_FULL_SCREEN
[11/27/18, 15:59:03:340] info: Store: SET_FULL_SCREEN
[11/27/18, 15:59:29:426] info: Store: SET_FULL_SCREEN
[11/27/18, 15:59:43:020] info: Store: SET_FULL_SCREEN
[11/27/18, 15:59:46:595] info: Store: SET_FULL_SCREEN
[11/27/18, 16:00:23:386] info: Store: SET_FULL_SCREEN
[11/27/18, 16:00:27:342] info: Store: SET_FULL_SCREEN
[11/27/18, 16:00:29:115] info: Store: SET_FULL_SCREEN
[11/27/18, 16:00:44:899] info: Store: SET_FULL_SCREEN
[11/27/18, 16:01:36:930] info: Store: SET_FULL_SCREEN
[11/27/18, 16:12:44:800] info: Store: SET_FULL_SCREEN
[11/27/18, 16:13:00:914] info: Store: SET_FULL_SCREEN
[11/27/18, 16:15:52:144] info: Store: SET_FULL_SCREEN
[11/27/18, 16:16:09:977] info: Store: SET_FULL_SCREEN
[11/27/18, 16:25:45:208] info: Store: SET_FULL_SCREEN
[11/27/18, 16:26:01:122] info: Store: SET_FULL_SCREEN
[11/27/18, 16:26:52:365] info: Store: SET_FULL_SCREEN
[11/27/18, 16:26:57:801] info: Store: SET_FULL_SCREEN
[11/27/18, 16:33:33:295] info: Store: SET_FULL_SCREEN
[11/27/18, 16:33:40:464] info: Store: SET_FULL_SCREEN
[11/27/18, 16:33:41:849] info: Store: SET_FULL_SCREEN
[11/27/18, 16:33:47:883] info: Store: SET_FULL_SCREEN
[11/27/18, 16:42:11:638] info: Store: SET_FULL_SCREEN
[11/27/18, 16:42:22:393] info: Store: SET_FULL_SCREEN
[11/27/18, 16:43:36:207] info: Store: SET_FULL_SCREEN
[11/27/18, 16:43:47:678] info: Store: SET_FULL_SCREEN
[11/27/18, 16:43:54:435] info: Store: SET_FULL_SCREEN
[11/27/18, 16:44:03:568] info: Store: SET_FULL_SCREEN
[11/27/18, 16:44:04:370] info: Store: SET_FULL_SCREEN
[11/27/18, 16:44:16:038] info: Store: SET_FULL_SCREEN
[11/27/18, 17:09:22:091] info: Store: SET_FULL_SCREEN
[11/27/18, 17:27:05:437] info: Store: SET_FULL_SCREEN
[11/27/18, 17:27:06:436] info: Store: SET_FULL_SCREEN
[11/27/18, 17:27:53:781] info: Store: SET_FULL_SCREEN
[11/27/18, 17:35:49:428] info: Store: SET_SUSPEND_STATUS
[11/27/18, 17:35:57:939] info: Store: SET_NETWORK_STATUS offline
[11/27/18, 17:35:58:058] info: Store: SET_SUSPEND_STATUS true
[11/27/18, 17:36:04:943] info: Store: SET_NETWORK_STATUS online
[11/27/18, 17:52:02:513] info: Store: SET_SUSPEND_STATUS
[11/27/18, 17:52:18:268] info: Store: SET_SUSPEND_STATUS true
[11/27/18, 17:52:19:142] info: Store: SET_NETWORK_STATUS offline
[11/27/18, 17:52:33:140] info: Store: SET_NETWORK_STATUS online
[11/27/18, 18:52:09:059] info: Store: SET_FULL_SCREEN
[11/27/18, 18:52:09:750] info: Store: SET_FULL_SCREEN
[11/27/18, 18:52:10:228] info: Store: SET_FULL_SCREEN
[11/27/18, 18:52:11:830] info: Store: SET_FULL_SCREEN
[11/27/18, 18:52:12:863] info: Store: SET_FULL_SCREEN
[11/27/18, 18:52:13:117] info: Store: SET_FULL_SCREEN
[11/27/18, 18:52:13:959] info: Store: SET_FULL_SCREEN
[11/27/18, 18:53:10:990] info: Store: SET_FULL_SCREEN
[11/27/18, 20:14:37:577] info: Store: SET_SUSPEND_STATUS
[11/29/18, 09:23:04:139] info: Store: SET_SUSPEND_STATUS true
[11/29/18, 09:23:04:489] info: Store: SET_NETWORK_STATUS offline
[11/29/18, 09:23:12:486] info: Store: SET_NETWORK_STATUS online
[11/29/18, 09:23:14:465] info: Store: UPDATE_TEAM_LOCALE
{
  "locale": "en-US",
  "teamId": "TEBDL7HDF"
}
[11/29/18, 09:24:53:712] info: Store: SET_FULL_SCREEN
[11/29/18, 09:25:56:939] info: Store: SET_FULL_SCREEN
[11/29/18, 09:26:37:463] info: Store: SET_FULL_SCREEN
[11/29/18, 09:26:38:063] info: Store: SET_FULL_SCREEN
[11/29/18, 09:26:49:385] info: Store: SET_FULL_SCREEN
[11/29/18, 09:27:03:036] info: Store: SET_FULL_SCREEN
[11/29/18, 09:27:35:833] info: Store: SET_FULL_SCREEN
[11/29/18, 09:32:28:158] info: Store: SET_FULL_SCREEN
[11/29/18, 09:32:31:393] info: Store: SET_FULL_SCREEN
[11/29/18, 09:32:32:907] info: Store: SET_FULL_SCREEN
[11/29/18, 09:32:33:586] info: Store: SET_FULL_SCREEN
[11/29/18, 09:32:42:891] info: Store: SET_FULL_SCREEN
[11/29/18, 09:32:56:496] info: Store: SET_FULL_SCREEN
[11/29/18, 09:35:11:344] info: Store: SET_FULL_SCREEN
[11/29/18, 09:36:35:900] info: Store: SET_FULL_SCREEN
[11/29/18, 09:36:36:842] info: Store: SET_FULL_SCREEN
[11/29/18, 09:36:37:943] info: Store: SET_FULL_SCREEN
[11/29/18, 09:37:00:691] info: Store: SET_FULL_SCREEN
[11/29/18, 09:37:19:288] info: Store: SET_FULL_SCREEN
[11/29/18, 09:37:24:918] info: Store: SET_FULL_SCREEN
[11/29/18, 09:37:26:814] info: Store: SET_FULL_SCREEN
[11/29/18, 09:37:27:448] info: Store: SET_FULL_SCREEN
[11/29/18, 09:38:15:449] info: Store: SET_FULL_SCREEN
[11/29/18, 09:39:01:573] info: Store: SET_FULL_SCREEN
[11/29/18, 09:39:02:524] info: Store: SET_FULL_SCREEN
[11/29/18, 09:39:03:076] info: Store: SET_FULL_SCREEN
[11/29/18, 09:39:07:112] info: Store: SET_FULL_SCREEN
[11/29/18, 09:39:07:428] info: Store: SET_FULL_SCREEN
[11/29/18, 09:40:03:291] info: Store: SET_FULL_SCREEN
[11/29/18, 09:40:06:247] info: Store: SET_FULL_SCREEN
[11/29/18, 09:40:07:717] info: Store: SET_FULL_SCREEN
[11/29/18, 09:40:26:003] info: Store: SET_FULL_SCREEN
[11/29/18, 09:43:41:924] info: Store: SET_FULL_SCREEN
[11/29/18, 09:43:42:857] info: Store: SET_FULL_SCREEN
[11/29/18, 09:43:43:294] info: Store: SET_FULL_SCREEN
[11/29/18, 09:47:13:312] info: Store: SET_FULL_SCREEN
[11/29/18, 09:47:29:814] info: Store: SET_FULL_SCREEN
[11/29/18, 09:47:30:875] info: Store: SET_FULL_SCREEN
[11/29/18, 09:47:31:657] info: Store: SET_FULL_SCREEN
[11/29/18, 09:47:47:848] info: Store: SET_FULL_SCREEN
[11/29/18, 09:49:21:614] info: Store: SET_FULL_SCREEN
[11/29/18, 09:49:33:088] info: Store: SET_FULL_SCREEN
[11/29/18, 09:49:34:727] info: Store: SET_FULL_SCREEN
[11/29/18, 09:49:48:348] info: Store: SET_FULL_SCREEN
[11/29/18, 09:49:50:174] info: Store: SET_FULL_SCREEN
[11/29/18, 09:49:59:643] info: Store: SET_FULL_SCREEN
[11/29/18, 09:50:02:184] info: Store: SET_FULL_SCREEN
[11/29/18, 09:55:43:594] info: Store: SET_FULL_SCREEN
[11/29/18, 09:56:05:995] info: Store: SET_FULL_SCREEN
[11/29/18, 09:58:10:763] info: Store: SET_FULL_SCREEN
[11/29/18, 09:58:11:266] info: Store: SET_FULL_SCREEN
[11/29/18, 09:58:17:414] info: Store: SET_FULL_SCREEN
[11/29/18, 09:58:33:000] info: Store: SET_FULL_SCREEN
[11/29/18, 09:58:45:367] info: Store: SET_FULL_SCREEN
[11/29/18, 09:58:46:307] info: Store: SET_FULL_SCREEN
[11/29/18, 10:10:45:565] info: Store: SET_FULL_SCREEN
[11/29/18, 10:11:15:954] info: Store: SET_FULL_SCREEN
[11/29/18, 10:19:05:935] info: Store: SET_FULL_SCREEN
[11/29/18, 10:20:28:048] info: Store: SET_FULL_SCREEN
[11/29/18, 10:20:58:036] info: Store: SET_FULL_SCREEN
[11/29/18, 10:21:27:388] info: Store: SET_FULL_SCREEN
[11/29/18, 10:38:59:297] info: Store: SET_FULL_SCREEN
[11/29/18, 10:39:29:820] info: Store: SET_FULL_SCREEN
[11/29/18, 10:39:31:120] info: Store: SET_FULL_SCREEN
[11/29/18, 10:40:17:033] info: Store: SET_FULL_SCREEN
[11/29/18, 10:40:17:804] info: Store: SET_FULL_SCREEN
[11/29/18, 10:40:18:957] info: Store: SET_FULL_SCREEN
[11/29/18, 10:40:21:185] info: Store: SET_FULL_SCREEN
[11/29/18, 10:40:37:541] info: Store: SET_FULL_SCREEN
[11/29/18, 10:40:48:255] info: Store: SET_FULL_SCREEN
[11/29/18, 10:41:11:192] info: Store: SET_FULL_SCREEN
[11/29/18, 10:46:54:268] info: Store: SET_FULL_SCREEN
[11/29/18, 10:47:52:139] info: Store: SET_FULL_SCREEN
[11/29/18, 10:48:18:887] info: Store: SET_FULL_SCREEN
[11/29/18, 10:48:49:545] info: Store: SET_FULL_SCREEN
[11/29/18, 10:48:58:983] info: Store: SET_FULL_SCREEN
[11/29/18, 10:48:59:383] info: Store: SET_FULL_SCREEN
[11/29/18, 11:13:31:724] info: Store: SET_FULL_SCREEN
[11/29/18, 11:13:39:345] info: Store: SET_FULL_SCREEN
[11/29/18, 11:13:49:579] info: Store: SET_FULL_SCREEN
[11/29/18, 11:14:22:298] info: Store: SET_FULL_SCREEN
[11/29/18, 11:14:23:362] info: Store: SET_FULL_SCREEN
[11/29/18, 11:14:24:405] info: Store: SET_FULL_SCREEN
[11/29/18, 11:14:36:415] info: Store: SET_FULL_SCREEN
[11/29/18, 11:14:37:231] info: Store: SET_FULL_SCREEN
[11/29/18, 11:20:04:893] info: Store: SET_FULL_SCREEN
[11/29/18, 11:20:24:516] info: Store: SET_FULL_SCREEN
[11/29/18, 11:30:19:770] info: Store: SET_FULL_SCREEN
[11/29/18, 11:30:32:090] info: Store: SET_FULL_SCREEN
[11/29/18, 11:30:32:959] info: Store: SET_FULL_SCREEN
[11/29/18, 11:30:33:267] info: Store: SET_FULL_SCREEN
[11/29/18, 11:30:34:865] info: Store: SET_FULL_SCREEN
[11/29/18, 11:48:36:101] info: Store: SET_FULL_SCREEN
[11/29/18, 11:48:41:281] info: Store: SET_FULL_SCREEN
[11/29/18, 11:48:42:411] info: Store: SET_FULL_SCREEN
[11/29/18, 11:48:42:795] info: Store: SET_FULL_SCREEN
[11/29/18, 11:48:43:023] info: Store: SET_FULL_SCREEN
[11/29/18, 11:50:11:276] info: Store: SET_FULL_SCREEN
[11/29/18, 11:51:00:033] info: Store: SET_FULL_SCREEN
[11/29/18, 11:51:01:695] info: Store: SET_FULL_SCREEN
[11/29/18, 11:51:03:456] info: Store: SET_FULL_SCREEN
[11/29/18, 11:51:07:559] info: Store: SET_FULL_SCREEN
[11/29/18, 11:51:09:818] info: Store: SET_FULL_SCREEN
[11/29/18, 11:52:23:377] info: Store: SET_FULL_SCREEN
[11/29/18, 11:53:03:241] info: Store: SET_FULL_SCREEN
[11/29/18, 11:53:04:197] info: Store: SET_FULL_SCREEN
[11/29/18, 11:53:09:364] info: Store: SET_FULL_SCREEN
[11/29/18, 11:53:13:499] info: Store: SET_FULL_SCREEN
[11/29/18, 11:53:15:003] info: Store: SET_FULL_SCREEN
[11/29/18, 11:57:51:240] info: Store: SET_FULL_SCREEN
[11/29/18, 11:59:06:688] info: Store: SET_FULL_SCREEN
[11/29/18, 11:59:07:676] info: Store: SET_FULL_SCREEN
[11/29/18, 11:59:37:080] info: Store: SET_FULL_SCREEN
[11/29/18, 12:00:26:926] info: Store: SET_FULL_SCREEN
[11/29/18, 12:00:30:895] info: Store: SET_FULL_SCREEN
[11/29/18, 12:00:34:478] info: Store: SET_FULL_SCREEN
[11/29/18, 12:00:52:446] info: Store: SET_FULL_SCREEN
[11/29/18, 12:00:59:485] info: Store: SET_FULL_SCREEN
[11/29/18, 12:01:02:384] info: Store: SET_FULL_SCREEN
[11/29/18, 12:01:04:163] info: Store: SET_FULL_SCREEN
[11/29/18, 12:01:06:813] info: Store: SET_FULL_SCREEN
[11/29/18, 12:01:10:496] info: Store: SET_FULL_SCREEN
[11/29/18, 12:01:18:995] info: Store: SET_FULL_SCREEN
[11/29/18, 12:01:22:818] info: Store: SET_FULL_SCREEN
[11/29/18, 12:01:23:871] info: Store: SET_FULL_SCREEN
[11/29/18, 12:01:30:690] info: Store: SET_FULL_SCREEN
[11/29/18, 12:01:38:245] info: Store: SET_FULL_SCREEN
[11/29/18, 12:01:47:040] info: Store: SET_FULL_SCREEN
[11/29/18, 12:02:00:818] info: Store: SET_FULL_SCREEN
[11/29/18, 12:02:18:670] info: Store: SET_FULL_SCREEN
[11/29/18, 12:02:21:898] info: Store: SET_FULL_SCREEN
[11/29/18, 12:02:25:574] info: Store: SET_FULL_SCREEN
[11/29/18, 12:02:29:928] info: Store: SET_FULL_SCREEN
[11/29/18, 12:02:30:403] info: Store: SET_FULL_SCREEN
[11/29/18, 12:02:35:694] info: Store: SET_FULL_SCREEN
[11/29/18, 12:03:17:922] info: Store: SET_FULL_SCREEN
[11/29/18, 12:03:41:000] info: Store: SET_FULL_SCREEN
[11/29/18, 12:03:49:149] info: Store: SET_FULL_SCREEN
[11/29/18, 12:03:57:077] info: Store: SET_FULL_SCREEN
[11/29/18, 12:03:59:277] info: Store: SET_FULL_SCREEN
[11/29/18, 12:04:00:621] info: Store: SET_FULL_SCREEN
[11/29/18, 12:04:33:241] info: Store: SET_FULL_SCREEN
[11/29/18, 12:04:34:089] info: Store: SET_FULL_SCREEN
[11/29/18, 12:04:36:188] info: Store: SET_FULL_SCREEN
[11/29/18, 12:04:42:415] info: Store: SET_SUSPEND_STATUS
[11/29/18, 12:04:51:251] info: Store: SET_SUSPEND_STATUS true
[11/29/18, 12:04:52:127] info: Store: SET_NETWORK_STATUS offline
[11/29/18, 12:05:01:987] info: Store: SET_NETWORK_STATUS online
[11/29/18, 12:05:17:547] info: Store: SET_FULL_SCREEN
[11/29/18, 12:05:25:774] info: Store: SET_FULL_SCREEN
[11/29/18, 12:05:26:782] info: Store: SET_FULL_SCREEN
[11/29/18, 12:05:34:889] info: Store: SET_FULL_SCREEN
[11/29/18, 12:05:51:332] info: Store: SET_FULL_SCREEN
[11/29/18, 12:05:53:077] info: Store: SET_FULL_SCREEN
[11/29/18, 12:06:11:411] info: Store: SET_FULL_SCREEN
[11/29/18, 12:09:48:694] info: Store: SET_FULL_SCREEN
[11/29/18, 12:10:18:106] info: Store: SET_FULL_SCREEN
[11/29/18, 12:10:38:916] info: Store: SET_FULL_SCREEN
[11/29/18, 12:10:43:668] info: Store: SET_FULL_SCREEN
[11/29/18, 12:10:44:788] info: Store: SET_FULL_SCREEN
[11/29/18, 12:11:13:729] info: Store: SET_FULL_SCREEN
[11/29/18, 12:11:17:805] info: Store: SET_FULL_SCREEN
[11/29/18, 12:12:41:916] info: Store: SET_FULL_SCREEN
[11/29/18, 12:12:48:554] info: Store: SET_FULL_SCREEN
[11/29/18, 12:12:55:715] info: Store: SET_FULL_SCREEN
[11/29/18, 12:13:04:011] info: Store: SET_FULL_SCREEN
[11/29/18, 12:14:21:089] info: Store: SET_FULL_SCREEN
[11/29/18, 12:14:35:989] info: Store: SET_FULL_SCREEN
[11/29/18, 12:15:12:325] info: Store: SET_FULL_SCREEN
[11/29/18, 12:15:13:631] info: Store: SET_FULL_SCREEN
[11/29/18, 12:21:28:416] info: Store: SET_FULL_SCREEN
[11/29/18, 12:21:37:228] info: Store: SET_FULL_SCREEN
[11/29/18, 12:21:37:944] info: Store: SET_FULL_SCREEN
[11/29/18, 12:21:54:627] info: Store: SET_FULL_SCREEN
[11/29/18, 12:22:10:920] info: Store: SET_FULL_SCREEN
[11/29/18, 12:22:14:801] info: Store: SET_FULL_SCREEN
[11/29/18, 12:22:15:451] info: Store: SET_FULL_SCREEN
[11/29/18, 12:23:33:169] info: Store: SET_FULL_SCREEN
[11/29/18, 12:23:54:892] info: Store: SET_FULL_SCREEN
[11/29/18, 12:24:04:761] info: Store: SET_FULL_SCREEN
[11/29/18, 12:24:17:424] info: Store: SET_FULL_SCREEN
[11/29/18, 12:29:59:811] info: Store: SET_FULL_SCREEN
[11/29/18, 12:30:05:480] info: Store: SET_FULL_SCREEN
[11/29/18, 12:30:05:861] info: Store: SET_FULL_SCREEN
[11/29/18, 12:30:46:519] info: Store: SET_FULL_SCREEN
[11/29/18, 12:30:55:554] info: Store: SET_FULL_SCREEN
[11/29/18, 12:31:00:169] info: Store: SET_FULL_SCREEN
[11/29/18, 12:32:15:891] info: Store: SET_FULL_SCREEN
[11/29/18, 12:32:41:720] info: Store: SET_FULL_SCREEN
[11/29/18, 12:32:42:603] info: Store: SET_FULL_SCREEN
[11/29/18, 12:32:48:336] info: Store: SET_FULL_SCREEN
[11/29/18, 12:34:04:860] info: Store: SET_FULL_SCREEN
[11/29/18, 12:34:28:562] info: Store: SET_FULL_SCREEN
[11/29/18, 12:46:00:531] info: Store: SET_FULL_SCREEN
[11/29/18, 12:47:01:440] info: Store: SET_FULL_SCREEN
[11/29/18, 12:47:03:971] info: Store: SET_FULL_SCREEN
[11/29/18, 12:47:04:533] info: Store: SET_FULL_SCREEN
[11/29/18, 12:47:09:372] info: Store: SET_FULL_SCREEN
[11/29/18, 12:48:26:140] info: Store: SET_FULL_SCREEN
[11/29/18, 12:49:22:213] info: Store: SET_FULL_SCREEN
[11/29/18, 12:49:36:696] info: Store: SET_FULL_SCREEN
[11/29/18, 12:49:55:217] info: Store: SET_FULL_SCREEN
[11/29/18, 12:49:58:254] info: Store: SET_FULL_SCREEN
[11/29/18, 12:51:43:282] info: Store: SET_FULL_SCREEN
[11/29/18, 12:51:44:737] info: Store: SET_FULL_SCREEN
[11/29/18, 12:52:18:323] info: Store: SET_FULL_SCREEN
[11/29/18, 12:52:47:372] info: Store: SET_FULL_SCREEN
[11/29/18, 12:53:04:793] info: Store: SET_FULL_SCREEN
[11/29/18, 12:53:52:253] info: Store: SET_FULL_SCREEN
[11/29/18, 12:53:58:083] info: Store: SET_FULL_SCREEN
[11/29/18, 12:53:59:081] info: Store: SET_FULL_SCREEN
[11/29/18, 12:54:27:134] info: Store: SET_FULL_SCREEN
[11/29/18, 12:57:18:878] info: Store: SET_FULL_SCREEN
[11/29/18, 12:57:37:317] info: Store: SET_FULL_SCREEN
[11/29/18, 12:57:40:617] info: Store: SET_FULL_SCREEN
[11/29/18, 12:57:45:372] info: Store: SET_FULL_SCREEN
[11/29/18, 12:57:54:842] info: Store: SET_FULL_SCREEN
[11/29/18, 12:58:10:013] info: Store: SET_FULL_SCREEN
[11/29/18, 12:58:13:392] info: Store: SET_FULL_SCREEN
[11/29/18, 12:58:20:675] info: Store: SET_FULL_SCREEN
[11/29/18, 12:59:57:261] info: Store: SET_FULL_SCREEN
[11/29/18, 12:59:58:314] info: Store: SET_FULL_SCREEN
[11/29/18, 13:00:00:377] info: Store: SET_FULL_SCREEN
[11/29/18, 13:00:02:029] info: Store: SET_FULL_SCREEN
[11/29/18, 13:00:05:108] info: Store: SET_FULL_SCREEN
[11/29/18, 13:00:10:035] info: Store: SET_FULL_SCREEN
[11/29/18, 13:00:15:499] info: Store: SET_FULL_SCREEN
[11/29/18, 13:00:17:063] info: Store: SET_FULL_SCREEN
[11/29/18, 13:00:24:736] info: Store: SET_FULL_SCREEN
[11/29/18, 13:00:33:367] info: Store: SET_FULL_SCREEN
[11/29/18, 13:00:38:508] info: Store: SET_FULL_SCREEN
[11/29/18, 13:00:44:554] info: Store: SET_FULL_SCREEN
[11/29/18, 13:01:15:433] info: Store: SET_FULL_SCREEN
[11/29/18, 13:01:16:453] info: Store: SET_FULL_SCREEN
[11/29/18, 13:01:17:920] info: Store: SET_FULL_SCREEN
[11/29/18, 13:01:24:339] info: Store: SET_FULL_SCREEN
[11/29/18, 13:01:25:706] info: Store: SET_FULL_SCREEN
[11/29/18, 13:01:38:547] info: Store: SET_FULL_SCREEN
[11/29/18, 13:02:18:152] info: Store: SET_FULL_SCREEN
[11/29/18, 13:02:55:238] info: Store: SET_FULL_SCREEN
[11/29/18, 13:02:59:208] info: Store: SET_FULL_SCREEN
[11/29/18, 13:03:01:659] info: Store: SET_FULL_SCREEN
[11/29/18, 13:03:04:344] info: Store: SET_FULL_SCREEN
[11/29/18, 13:03:29:787] info: Store: SET_FULL_SCREEN
[11/29/18, 13:03:37:046] info: Store: SET_FULL_SCREEN
[11/29/18, 13:03:44:281] info: Store: SET_FULL_SCREEN
[11/29/18, 13:04:01:094] info: Store: SET_FULL_SCREEN
[11/29/18, 13:04:01:684] info: Store: SET_FULL_SCREEN
[11/29/18, 13:04:30:655] info: Store: SET_FULL_SCREEN
[11/29/18, 13:04:48:014] info: Store: SET_FULL_SCREEN
[11/29/18, 13:04:56:515] info: Store: SET_FULL_SCREEN
[11/29/18, 13:04:59:608] info: Store: SET_FULL_SCREEN
[11/29/18, 13:05:03:103] info: Store: SET_FULL_SCREEN
[11/29/18, 13:05:16:674] info: Store: SET_FULL_SCREEN
[11/29/18, 13:09:06:240] info: Store: SET_FULL_SCREEN
[11/29/18, 13:09:17:970] info: Store: SET_FULL_SCREEN
[11/29/18, 13:09:32:496] info: Store: SET_FULL_SCREEN
[11/29/18, 13:09:45:997] info: Store: SET_FULL_SCREEN
[11/29/18, 13:10:47:465] info: Store: SET_FULL_SCREEN
[11/29/18, 13:10:47:778] info: Store: SET_FULL_SCREEN
[11/29/18, 13:10:50:916] info: Store: SET_FULL_SCREEN
[11/29/18, 13:10:51:428] info: Store: SET_FULL_SCREEN
[11/29/18, 13:10:53:494] info: Store: SET_FULL_SCREEN
[11/29/18, 13:12:17:922] info: Store: SET_FULL_SCREEN
[11/29/18, 13:12:28:037] info: Store: SET_FULL_SCREEN
[11/29/18, 13:12:57:244] info: Store: SET_FULL_SCREEN
[11/29/18, 13:12:59:752] info: Store: SET_FULL_SCREEN
[11/29/18, 13:13:03:612] info: Store: SET_FULL_SCREEN
[11/29/18, 13:13:09:479] info: Store: SET_FULL_SCREEN
[11/29/18, 13:13:17:624] info: Store: SET_FULL_SCREEN
[11/29/18, 13:14:58:531] info: Store: SET_FULL_SCREEN
[11/29/18, 13:15:01:923] info: Store: SET_FULL_SCREEN
[11/29/18, 13:15:02:795] info: Store: SET_FULL_SCREEN
[11/29/18, 13:15:15:463] info: Store: SET_FULL_SCREEN
[11/29/18, 13:15:51:238] info: Store: SET_FULL_SCREEN
[11/29/18, 13:16:36:369] info: Store: SET_FULL_SCREEN
[11/29/18, 13:16:49:408] info: Store: SET_FULL_SCREEN
[11/29/18, 13:21:35:251] info: Store: SET_FULL_SCREEN
[11/29/18, 13:21:47:938] info: Store: SET_FULL_SCREEN
[11/29/18, 13:22:16:715] info: Store: SET_FULL_SCREEN
[11/29/18, 13:22:27:213] info: Store: SET_FULL_SCREEN
[11/29/18, 13:22:27:611] info: Store: SET_FULL_SCREEN
[11/29/18, 13:22:35:672] info: Store: SET_FULL_SCREEN
[11/29/18, 13:22:37:490] info: Store: SET_FULL_SCREEN
[11/29/18, 13:22:38:207] info: Store: SET_FULL_SCREEN
[11/29/18, 13:23:33:736] info: Store: SET_FULL_SCREEN
[11/29/18, 13:23:41:133] info: Store: SET_FULL_SCREEN
[11/29/18, 13:25:02:882] info: Store: SET_FULL_SCREEN
[11/29/18, 13:25:07:512] info: Store: SET_FULL_SCREEN
[11/29/18, 13:25:28:240] info: Store: SET_FULL_SCREEN
[11/29/18, 13:25:48:418] info: Store: SET_FULL_SCREEN
[11/29/18, 13:26:02:989] info: Store: SET_FULL_SCREEN
[11/29/18, 13:26:25:300] info: Store: SET_FULL_SCREEN
[11/29/18, 13:29:56:149] info: Store: SET_FULL_SCREEN
[11/29/18, 13:30:01:245] info: Store: SET_FULL_SCREEN
[11/29/18, 13:30:05:351] info: Store: SET_FULL_SCREEN
[11/29/18, 13:30:19:276] info: Store: SET_FULL_SCREEN
[11/29/18, 13:30:47:267] info: Store: SET_FULL_SCREEN
[11/29/18, 13:31:02:311] info: Store: SET_FULL_SCREEN
[11/29/18, 13:31:05:476] info: Store: SET_FULL_SCREEN
[11/29/18, 13:31:06:646] info: Store: SET_FULL_SCREEN
[11/29/18, 13:32:16:909] info: Store: SET_FULL_SCREEN
[11/29/18, 13:33:00:298] info: Store: SET_FULL_SCREEN
[11/29/18, 13:33:33:368] info: Store: SET_FULL_SCREEN
[11/29/18, 13:33:33:741] info: Store: SET_FULL_SCREEN
[11/29/18, 13:33:38:151] info: Store: SET_FULL_SCREEN
[11/29/18, 13:33:39:573] info: Store: SET_FULL_SCREEN
[11/29/18, 13:33:41:671] info: Store: SET_FULL_SCREEN
[11/29/18, 13:33:47:443] info: Store: SET_FULL_SCREEN
[11/29/18, 13:33:59:199] info: Store: SET_FULL_SCREEN
[11/29/18, 13:34:01:800] info: Store: SET_FULL_SCREEN
[11/29/18, 13:34:25:916] info: Store: SET_FULL_SCREEN
[11/29/18, 13:34:27:309] info: Store: SET_FULL_SCREEN
[11/29/18, 13:34:51:602] info: Store: SET_FULL_SCREEN
[11/29/18, 13:34:54:270] info: Store: SET_FULL_SCREEN
[11/29/18, 13:34:56:788] info: Store: SET_FULL_SCREEN
[11/29/18, 13:34:58:111] info: Store: SET_FULL_SCREEN
[11/29/18, 13:35:06:748] info: Store: SET_FULL_SCREEN
[11/29/18, 13:35:08:635] info: Store: SET_FULL_SCREEN
[11/29/18, 13:35:49:929] info: Store: SET_FULL_SCREEN
[11/29/18, 13:36:09:287] info: Store: SET_FULL_SCREEN
[11/29/18, 13:37:06:904] info: Store: SET_FULL_SCREEN
[11/29/18, 13:37:09:285] info: Store: SET_FULL_SCREEN
[11/29/18, 13:37:48:525] info: Store: SET_FULL_SCREEN
[11/29/18, 13:37:52:127] info: Store: SET_FULL_SCREEN
[11/29/18, 13:41:33:157] info: Store: SET_FULL_SCREEN
[11/29/18, 13:41:35:100] info: Store: SET_FULL_SCREEN
[11/29/18, 13:41:37:507] info: Store: SET_FULL_SCREEN
[11/29/18, 13:41:40:139] info: Store: SET_FULL_SCREEN
[11/29/18, 13:41:45:601] info: Store: SET_FULL_SCREEN
[11/29/18, 13:41:47:546] info: Store: SET_FULL_SCREEN
[11/29/18, 13:41:56:609] info: Store: SET_FULL_SCREEN
[11/29/18, 13:44:23:327] info: Store: SET_FULL_SCREEN
[11/29/18, 13:44:33:962] info: Store: SET_FULL_SCREEN
[11/29/18, 13:50:37:735] info: Store: SET_FULL_SCREEN
[11/29/18, 13:50:40:786] info: Store: SET_FULL_SCREEN
[11/29/18, 13:50:43:266] info: Store: SET_FULL_SCREEN
[11/29/18, 13:57:39:678] info: Store: SET_FULL_SCREEN
[11/29/18, 13:57:59:565] info: Store: SET_FULL_SCREEN
[11/29/18, 14:11:12:565] info: Store: SET_FULL_SCREEN
[11/29/18, 14:11:54:943] info: Store: SET_FULL_SCREEN
[11/29/18, 14:23:22:325] info: Store: SET_FULL_SCREEN
[11/29/18, 14:25:19:421] info: Store: SET_FULL_SCREEN
[11/29/18, 14:26:30:972] info: Store: SET_FULL_SCREEN
[11/29/18, 14:27:24:824] info: Store: SET_FULL_SCREEN
[11/29/18, 14:27:55:328] info: Store: SET_FULL_SCREEN
[11/29/18, 14:27:57:685] info: Store: SET_FULL_SCREEN
[11/29/18, 14:29:35:043] info: Store: SET_FULL_SCREEN
[11/29/18, 14:29:39:388] info: Store: SET_FULL_SCREEN
[11/29/18, 14:39:47:178] info: Store: SET_FULL_SCREEN
[11/29/18, 14:40:01:766] info: Store: SET_FULL_SCREEN
[11/29/18, 14:40:16:023] info: Store: SET_FULL_SCREEN
[11/29/18, 14:40:30:108] info: Store: SET_FULL_SCREEN
[11/29/18, 14:41:58:643] info: Store: SET_FULL_SCREEN
[11/29/18, 14:42:05:805] info: Store: SET_FULL_SCREEN
[11/29/18, 15:19:57:045] info: Store: SET_FULL_SCREEN
[11/29/18, 15:19:57:709] info: Store: SET_FULL_SCREEN
[11/29/18, 15:22:56:333] info: Store: SET_FULL_SCREEN
[11/29/18, 15:23:53:116] info: Store: SET_FULL_SCREEN
[11/29/18, 15:24:00:462] info: Store: SET_FULL_SCREEN
[11/29/18, 15:25:00:241] info: Store: SET_FULL_SCREEN
[11/29/18, 15:25:49:152] info: Store: SET_FULL_SCREEN
[11/29/18, 15:26:14:403] info: Store: SET_FULL_SCREEN
[11/29/18, 15:27:01:674] info: Store: SET_FULL_SCREEN
[11/29/18, 15:27:02:402] info: Store: SET_FULL_SCREEN
[11/29/18, 15:27:02:974] info: Store: SET_FULL_SCREEN
[11/29/18, 15:27:10:730] info: Store: SET_FULL_SCREEN
[11/29/18, 15:28:01:334] info: Store: SET_FULL_SCREEN
[11/29/18, 15:28:07:749] info: Store: SET_FULL_SCREEN
[11/29/18, 15:29:21:957] info: Store: SET_FULL_SCREEN
[11/29/18, 15:29:22:926] info: Store: SET_FULL_SCREEN
[11/29/18, 15:29:24:731] info: Store: SET_FULL_SCREEN
[11/29/18, 15:29:25:329] info: Store: SET_FULL_SCREEN
[11/29/18, 15:29:25:891] info: Store: SET_FULL_SCREEN
[11/29/18, 15:29:26:129] info: Store: SET_FULL_SCREEN
[11/29/18, 15:29:44:397] info: Store: SET_FULL_SCREEN
[11/29/18, 15:29:45:426] info: Store: SET_FULL_SCREEN
[11/29/18, 15:29:46:165] info: Store: SET_FULL_SCREEN
[11/29/18, 15:29:47:456] info: Store: SET_FULL_SCREEN
[11/29/18, 15:30:08:591] info: Store: SET_FULL_SCREEN
[11/29/18, 15:32:25:720] info: Store: SET_FULL_SCREEN
[11/29/18, 15:32:41:536] info: Store: SET_FULL_SCREEN
[11/29/18, 15:32:50:926] info: Store: SET_FULL_SCREEN
[11/29/18, 15:32:51:752] info: Store: SET_FULL_SCREEN
[11/29/18, 15:33:06:539] info: Store: SET_FULL_SCREEN
[11/29/18, 15:33:07:829] info: Store: SET_FULL_SCREEN
[11/29/18, 15:33:08:431] info: Store: SET_FULL_SCREEN
[11/29/18, 15:33:58:737] info: Store: SET_FULL_SCREEN
[11/29/18, 15:34:39:394] info: Store: SET_FULL_SCREEN
[11/29/18, 15:35:13:332] info: Store: SET_FULL_SCREEN
[11/29/18, 15:35:16:056] info: Store: SET_FULL_SCREEN
[11/29/18, 15:35:16:818] info: Store: SET_FULL_SCREEN
[11/29/18, 15:35:18:479] info: Store: SET_FULL_SCREEN
[11/29/18, 15:35:29:942] info: Store: SET_FULL_SCREEN
[11/29/18, 15:35:37:029] info: Store: SET_FULL_SCREEN
[11/29/18, 15:35:41:109] info: Store: SET_FULL_SCREEN
[11/29/18, 15:35:42:221] info: Store: SET_FULL_SCREEN
[11/29/18, 15:35:45:661] info: Store: SET_FULL_SCREEN
[11/29/18, 15:35:47:216] info: Store: SET_FULL_SCREEN
[11/29/18, 15:35:47:768] info: Store: SET_FULL_SCREEN
[11/29/18, 15:36:02:442] info: Store: SET_FULL_SCREEN
[11/29/18, 15:36:16:081] info: Store: SET_FULL_SCREEN
[11/29/18, 15:36:17:017] info: Store: SET_FULL_SCREEN
[11/29/18, 15:36:58:888] info: Store: SET_FULL_SCREEN
[11/29/18, 15:36:59:612] info: Store: SET_FULL_SCREEN
[11/29/18, 15:37:00:193] info: Store: SET_FULL_SCREEN
[11/29/18, 15:37:21:340] info: Store: SET_FULL_SCREEN
[11/29/18, 15:37:29:837] info: Store: SET_FULL_SCREEN
[11/29/18, 15:38:13:999] info: Store: SET_FULL_SCREEN
[11/29/18, 15:38:15:284] info: Store: SET_FULL_SCREEN
[11/29/18, 15:38:16:171] info: Store: SET_FULL_SCREEN
[11/29/18, 15:38:19:649] info: Store: SET_FULL_SCREEN
[11/29/18, 15:39:42:216] info: Store: SET_FULL_SCREEN
[11/29/18, 15:39:44:615] info: Store: SET_FULL_SCREEN
[11/29/18, 15:39:45:016] info: Store: SET_FULL_SCREEN
[11/29/18, 15:40:19:874] info: Store: SET_FULL_SCREEN
[11/29/18, 15:40:21:552] info: Store: SET_FULL_SCREEN
[11/29/18, 15:40:22:714] info: Store: SET_FULL_SCREEN
[11/29/18, 15:41:46:252] info: Store: SET_FULL_SCREEN
[11/29/18, 15:42:27:050] info: Store: SET_FULL_SCREEN
[11/29/18, 15:44:16:674] info: Store: SET_FULL_SCREEN
[11/29/18, 15:44:56:665] info: Store: SET_FULL_SCREEN
[11/29/18, 15:44:57:432] info: Store: SET_FULL_SCREEN
[11/29/18, 15:45:17:585] info: Store: SET_FULL_SCREEN
[11/29/18, 15:46:33:854] info: Store: SET_FULL_SCREEN
[11/29/18, 15:47:07:979] info: Store: SET_FULL_SCREEN
[11/29/18, 15:47:35:147] info: Store: SET_FULL_SCREEN
[11/29/18, 15:47:45:973] info: Store: SET_FULL_SCREEN
[11/29/18, 15:47:49:817] info: Store: SET_FULL_SCREEN
[11/29/18, 15:47:50:949] info: Store: SET_FULL_SCREEN
[11/29/18, 15:48:03:750] info: Store: SET_FULL_SCREEN
[11/29/18, 15:48:04:709] info: Store: SET_FULL_SCREEN
[11/29/18, 15:48:06:066] info: Store: SET_FULL_SCREEN
[11/29/18, 15:48:09:088] info: Store: SET_FULL_SCREEN
[11/29/18, 15:48:11:480] info: Store: SET_FULL_SCREEN
[11/29/18, 15:48:32:154] info: Store: SET_FULL_SCREEN
[11/29/18, 15:50:30:142] info: Store: SET_FULL_SCREEN
[11/29/18, 15:50:45:795] info: Store: SET_FULL_SCREEN
[11/29/18, 15:50:48:572] info: Store: SET_FULL_SCREEN
[11/29/18, 15:50:49:287] info: Store: SET_FULL_SCREEN
[11/29/18, 15:52:05:974] info: Store: SET_FULL_SCREEN
[11/29/18, 15:52:38:723] info: Store: SET_FULL_SCREEN
[11/29/18, 15:52:42:030] info: Store: SET_FULL_SCREEN
[11/29/18, 15:52:51:077] info: Store: SET_FULL_SCREEN
[11/29/18, 15:52:51:464] info: Store: SET_FULL_SCREEN
[11/29/18, 15:53:01:158] info: Store: SET_FULL_SCREEN
[11/29/18, 15:53:10:608] info: Store: SET_FULL_SCREEN
[11/29/18, 15:53:41:442] info: Store: SET_FULL_SCREEN
[11/29/18, 15:53:43:842] info: Store: SET_FULL_SCREEN
[11/29/18, 15:54:21:596] info: Store: SET_FULL_SCREEN
[11/29/18, 15:54:25:017] info: Store: SET_FULL_SCREEN
[11/29/18, 15:54:40:999] info: Store: SET_FULL_SCREEN
[11/29/18, 15:55:06:978] info: Store: SET_FULL_SCREEN
[11/29/18, 15:57:59:466] info: Store: SET_FULL_SCREEN
[11/29/18, 15:58:19:531] info: Store: SET_FULL_SCREEN
[11/29/18, 16:20:20:188] info: Store: SET_FULL_SCREEN
[11/29/18, 16:20:45:004] info: Store: SET_FULL_SCREEN
[11/29/18, 16:20:47:433] info: Store: SET_FULL_SCREEN
[11/29/18, 16:20:48:773] info: Store: SET_FULL_SCREEN
[11/29/18, 16:20:54:524] info: Store: SET_FULL_SCREEN
[11/29/18, 16:21:01:987] info: Store: SET_FULL_SCREEN
[11/29/18, 16:21:50:431] info: Store: SET_FULL_SCREEN
[11/29/18, 16:22:06:980] info: Store: SET_FULL_SCREEN
[11/29/18, 16:23:22:421] info: Store: SET_FULL_SCREEN
[11/29/18, 16:23:25:802] info: Store: SET_FULL_SCREEN
[11/29/18, 16:23:36:716] info: Store: SET_FULL_SCREEN
[11/29/18, 16:23:39:398] info: Store: SET_FULL_SCREEN
[11/29/18, 16:24:14:816] info: Store: SET_FULL_SCREEN
[11/29/18, 16:24:45:289] info: Store: SET_FULL_SCREEN
[11/29/18, 16:24:48:112] info: Store: SET_FULL_SCREEN
[11/29/18, 16:24:49:277] info: BrowserViewManager: Activating BrowserView
{
  "teamId": "TEBDL7HDF"
}
[11/29/18, 16:24:49:394] info: Store: SET_FULL_SCREEN
[11/29/18, 16:24:50:365] info: Store: SAVE_WINDOW_SETTINGS
{
  "position": [
    171,
    0
  ],
  "size": [
    1024,
    768
  ],
  "isMaximized": true
}
[11/29/18, 16:24:51:727] info: WindowCloseBehavior: Attempted to close the window, hiding due to run from tray
[11/29/18, 16:24:51:728] info: Store: UPDATE_SETTINGS
{
  "hasRunFromTray": true
}
[11/29/18, 16:24:51:729] info: Store: SHOW_TRAY_BALLOON
{
  "title": "Why didn’t Slack quit?",
  "content": "Slack’s set to stay running in the notification area. To change this, visit Preferences > Linux App."
}
[11/29/18, 16:24:51:730] info: Tray Handler: Showing a tray balloon with title: Why didn’t Slack quit?
[11/29/18, 16:24:52:911] info: Store: SAVE_WINDOW_SETTINGS
{
  "size": [
    1366,
    739
  ],
  "position": [
    0,
    29
  ],
  "isMaximized": false
}
[11/29/18, 17:45:36:138] info: Store: SET_SUSPEND_STATUS
[11/30/18, 09:31:37:322] info: Store: SET_SUSPEND_STATUS true
[11/30/18, 09:31:37:449] info: Store: SET_NETWORK_STATUS offline
[11/30/18, 09:31:50:449] info: Store: SET_NETWORK_STATUS online
[11/30/18, 09:32:17:570] info: Store: UPDATE_TEAM_LOCALE
{
  "locale": "en-US",
  "teamId": "TEBDL7HDF"
}
