[11/26/18, 16:00:10:648] info: ╔═══════════════════════════════════════════════════════════════════════════════════╗
[11/26/18, 16:00:10:649] info: ║      Slack 3.3.3, linux 4.19.2-arch1-1-ARCH on x64 at 11/26/18, 16:00:10:645      ║
[11/26/18, 16:00:10:649] info: ╚═══════════════════════════════════════════════════════════════════════════════════╝
[11/26/18, 16:00:10:751] info: Initializing local storage instance at path: /home/bikeboi/.config/Slack/local-settings.json
[11/26/18, 16:00:11:097] info: cld3::loadModule: loading cld3 module
[11/26/18, 16:00:11:119] info: cld3Loader::loadModule: running environment is NODE
[11/26/18, 16:00:11:119] info: cld3Loader::loadModule: constructed module object for runtime
[11/26/18, 16:00:11:284] info: cld3Loader::initializeRuntime: successfully initialized module
[11/26/18, 16:00:11:284] info: cld3Loader::loadModule: initialized wasm binary Runtime
[11/26/18, 16:00:11:290] info: SpellChecker:: updateSpellcheckerLanguage: Skip to set new language null, spellchecker is not available
[11/26/18, 16:00:11:302] info: Main window preload script finished
{
  "readyTime": 881.425335
}
[11/26/18, 16:00:14:010] info: Store: UPSERT_WEB_CONTENTS
{
  "id": 4,
  "state": "loaded",
  "teamId": "TEBDL7HDF"
}
[11/26/18, 16:00:14:609] info: Store: UPDATE_SESSION_STATUS
{
  "hasValidSession": true,
  "teamId": "TEBDL7HDF"
}
[11/26/18, 16:00:15:623] info: Store: SELECT_CHANNEL CEBSDAMK6
[11/26/18, 16:00:15:623] info: Store: UPDATE_TEAM_LOCALE
{
  "locale": "en-US",
  "teamId": "TEBDL7HDF"
}
[11/26/18, 16:00:15:635] info: Store: UPDATE_SETTINGS
{
  "locale": "en-US"
}
[11/26/18, 16:00:15:636] info: Store: UPDATE_TEAM_THEME
{
  "teamId": "TEBDL7HDF",
  "theme": {
    "active_item": "#4C9689",
    "active_item_text": "#FFFFFF",
    "active_presence": "#38978D",
    "badge": "#EB4D5C",
    "column_bg": "#4D394B",
    "hover_item": "#3E313C",
    "menu_bg": "#3E313C",
    "text_color": "#FFFFFF"
  }
}
[11/26/18, 16:00:15:639] info: Store: SELECT_CHANNEL DEBU86SAY
[11/26/18, 16:00:15:641] info: Store: UPSERT_WEB_CONTENTS
{
  "id": 4,
  "state": "webapp-loaded",
  "teamId": "TEBDL7HDF"
}
[11/26/18, 16:00:15:643] info: Store: UPDATE_SETTINGS
{
  "sandboxSigninWindow": true
}
[11/26/18, 16:00:15:734] info: Store: STORE_ENTERPRISE_ID_PAIR
{
  "enterpriseId": null,
  "teamId": "TEBDL7HDF"
}
[11/26/18, 16:00:15:736] info: Store: STORE_API_TOKEN
{
  "teamId": "TEBDL7HDF",
  "token": "xoxs-⋯"
}
[11/26/18, 16:00:15:791] info: postLoadTaskSetup: Setup spellchecker
{
  "version": "V1"
}
[11/26/18, 16:00:16:615] info: Store: SET_SUSPEND_STATUS
[11/26/18, 16:00:16:629] error: Nov-26 16:00:16.627 SOCKET-MANAGER (TEBDL7HDF) Closing socket because #4102: client is going to sleep
[11/26/18, 16:00:18:230] info: Unloading spellchecker
[11/26/18, 16:00:18:231] info: Unloading spellchecker
[11/26/18, 16:00:21:085] info: Couldn't get hint text from messages in channel: Failed to fetch recent messages
[11/26/18, 16:00:21:424] info: Couldn't get hint text from messages in channel: Failed to fetch recent messages
[11/26/18, 16:03:06:340] info: Store: SET_SUSPEND_STATUS true
[11/26/18, 16:03:06:473] error: Nov-26 16:03:06.472 SOCKET-MANAGER (TEBDL7HDF) Socket was closed because #1006: generic error
[11/26/18, 16:03:07:135] error: Nov-26 16:03:07.134 SOCKET-MANAGER (TEBDL7HDF) Socket was closed because #1006: generic error
[11/26/18, 16:03:08:923] error: Nov-26 16:03:08.922 SOCKET-MANAGER (TEBDL7HDF) Socket was closed because #1006: generic error
[11/26/18, 16:03:12:042] info: Couldn't get hint text from messages in channel: Failed to fetch recent messages
[11/26/18, 16:03:13:457] error: Nov-26 16:03:13.456 SOCKET-MANAGER (TEBDL7HDF) Socket was closed because #1006: generic error
[11/26/18, 16:03:35:879] error: Nov-26 16:03:35.878 SOCKET-MANAGER (TEBDL7HDF) Closing socket because #4105: client went offline
[11/26/18, 16:03:36:269] info: Store: SET_NETWORK_STATUS offline
[11/26/18, 16:03:47:206] info: Store: SET_NETWORK_STATUS online
[11/26/18, 16:04:02:736] info: Store: SET_NETWORK_STATUS offline
[11/26/18, 16:04:13:720] info: Store: SET_NETWORK_STATUS online
[11/26/18, 16:05:25:697] error: Nov-26 16:05:25.696 SOCKET-MANAGER (TEBDL7HDF) Closing socket because #4105: client went offline
[11/26/18, 16:05:26:078] info: Store: SET_NETWORK_STATUS offline
[11/26/18, 16:05:26:334] error: Nov-26 16:05:26.333 SOCKET-MANAGER (TEBDL7HDF) Socket was closed because #1006: generic error
[11/26/18, 16:05:27:861] error: Nov-26 16:05:27.860 SOCKET-MANAGER (TEBDL7HDF) Socket was closed because #1006: generic error
[11/26/18, 16:05:31:119] error: Nov-26 16:05:31.118 SOCKET-MANAGER (TEBDL7HDF) Socket was closed because #1006: generic error
[11/26/18, 16:05:36:741] info: Store: SET_NETWORK_STATUS online
[11/26/18, 16:10:26:228] info: Store: SELECT_CHANNEL DEC9P4YFP
[11/26/18, 16:10:32:176] info: Couldn't get hint text from messages in channel: Failed to fetch recent messages
[11/26/18, 16:10:33:859] info: Store: SELECT_CHANNEL CEB9NMHQQ
[11/26/18, 16:10:34:892] info: Store: SELECT_CHANNEL CEBSDAMK6
[11/26/18, 16:10:36:200] info: Raw Locale list: ["C","en_GB.utf8","POSIX",""]
[11/26/18, 16:10:36:201] info: Filtered Locale list: ["en_GB"]
[11/26/18, 16:10:36:201] info: Counts: {"en":["en_GB"]}
[11/26/18, 16:10:36:202] info: Setting en
[11/26/18, 16:10:36:204] info: Result: {"en":"en-GB"}
[11/26/18, 16:10:36:209] info: Requesting to load en-GB, alternatives are ["en-GB","en-GB","en-US"]
[11/26/18, 16:10:36:211] info: Loading dictionary for language en-GB
[11/26/18, 16:10:36:212] info: Actually downloading https://redirector.gvt1.com/edgedl/chrome/dict/en-gb-7-1.bdic
[11/26/18, 16:10:36:777] info: Setting current spellchecker to en-GB, requested language was en-GB
[11/26/18, 16:10:36:777] info: Creating node-spellchecker instance
[11/26/18, 16:10:36:804] info: Actually installing spell check provider to Electron
[11/26/18, 16:10:36:937] info: Loading dictionary for language en-GB
[11/26/18, 16:10:36:938] info: Returning local copy: /home/bikeboi/.config/Slack/dictionaries/en-GB.bdic
[11/26/18, 16:10:36:941] info: Setting current spellchecker to en-GB, requested language was en-GB
[11/26/18, 16:10:39:941] info: Store: SAVE_WINDOW_SETTINGS
{
  "isMaximized": true,
  "position": [
    171,
    0
  ],
  "size": [
    1024,
    768
  ]
}
[11/26/18, 16:10:39:955] info: Unloading spellchecker
[11/26/18, 16:10:39:961] info: Restoring spellchecker
[11/26/18, 16:10:39:961] info: Loading dictionary for language en-GB
[11/26/18, 16:10:39:962] info: Returning local copy: /home/bikeboi/.config/Slack/dictionaries/en-GB.bdic
[11/26/18, 16:10:39:977] info: Setting current spellchecker to en-GB, requested language was en-GB
[11/26/18, 16:10:39:977] info: Creating node-spellchecker instance
[11/26/18, 16:10:40:277] info: Unloading spellchecker
[11/26/18, 16:10:40:278] info: Store: SET_FULL_SCREEN
[11/26/18, 16:10:40:282] info: Unloading spellchecker
[11/26/18, 16:10:41:492] info: Store: SET_FULL_SCREEN
[11/26/18, 16:10:42:687] info: Restoring spellchecker
[11/26/18, 16:10:42:688] info: Loading dictionary for language en-GB
[11/26/18, 16:10:42:688] info: Returning local copy: /home/bikeboi/.config/Slack/dictionaries/en-GB.bdic
[11/26/18, 16:10:42:692] info: Store: SET_FULL_SCREEN
[11/26/18, 16:10:42:711] info: Setting current spellchecker to en-GB, requested language was en-GB
[11/26/18, 16:10:42:711] info: Creating node-spellchecker instance
[11/26/18, 16:10:45:144] info: Unloading spellchecker
[11/26/18, 16:10:45:145] info: Store: SET_FULL_SCREEN
[11/26/18, 16:10:45:171] info: Unloading spellchecker
[11/26/18, 16:10:46:206] info: Store: SET_FULL_SCREEN
[11/26/18, 16:10:47:272] info: Store: SET_FULL_SCREEN
[11/26/18, 16:12:46:628] info: Store: SET_FULL_SCREEN
[11/26/18, 16:12:47:609] info: Restoring spellchecker
[11/26/18, 16:12:47:610] info: Loading dictionary for language en-GB
[11/26/18, 16:12:47:610] info: Returning local copy: /home/bikeboi/.config/Slack/dictionaries/en-GB.bdic
[11/26/18, 16:12:47:614] info: Store: SET_FULL_SCREEN
[11/26/18, 16:12:47:637] info: Setting current spellchecker to en-GB, requested language was en-GB
[11/26/18, 16:12:47:638] info: Creating node-spellchecker instance
[11/26/18, 16:12:50:869] info: Unloading spellchecker
[11/26/18, 16:12:50:878] info: Store: SET_FULL_SCREEN
[11/26/18, 16:12:50:896] info: Unloading spellchecker
[11/26/18, 16:12:51:166] info: Store: SET_FULL_SCREEN
[11/26/18, 16:12:59:211] info: Store: SET_FULL_SCREEN
[11/26/18, 16:12:59:527] info: Store: SET_FULL_SCREEN
[11/26/18, 16:12:59:793] info: Restoring spellchecker
[11/26/18, 16:12:59:794] info: Loading dictionary for language en-GB
[11/26/18, 16:12:59:796] info: Returning local copy: /home/bikeboi/.config/Slack/dictionaries/en-GB.bdic
[11/26/18, 16:12:59:812] info: Store: SET_FULL_SCREEN
[11/26/18, 16:12:59:817] info: Setting current spellchecker to en-GB, requested language was en-GB
[11/26/18, 16:12:59:817] info: Creating node-spellchecker instance
[11/26/18, 16:13:35:708] info: Store: SELECT_CHANNEL CECA60SMB
[11/26/18, 16:13:36:077] info: Loading dictionary for language en-GB
[11/26/18, 16:13:36:077] info: Returning local copy: /home/bikeboi/.config/Slack/dictionaries/en-GB.bdic
[11/26/18, 16:13:36:078] info: Setting current spellchecker to en-GB, requested language was en-GB
[11/26/18, 16:14:08:651] info: Unloading spellchecker
[11/26/18, 16:14:08:651] info: Unloading spellchecker
[11/26/18, 16:14:15:974] info: Store: MAIN_WINDOW_FOCUSED
[11/26/18, 16:14:16:061] info: Restoring spellchecker
[11/26/18, 16:14:16:062] info: Loading dictionary for language en-GB
[11/26/18, 16:14:16:062] info: Returning local copy: /home/bikeboi/.config/Slack/dictionaries/en-GB.bdic
[11/26/18, 16:14:16:084] info: Setting current spellchecker to en-GB, requested language was en-GB
[11/26/18, 16:14:16:084] info: Creating node-spellchecker instance
[11/26/18, 16:14:29:891] error: Nov-26 16:14:29.891 ["upserting a bad file object! it has less than 2 properties",{"id":"FECA6UCGM"}]
[11/26/18, 16:14:36:967] error: Nov-26 16:14:36.967 ["upserting a bad file object! it has less than 2 properties",{"id":"FEDG44CB0"}]
[11/26/18, 16:14:43:519] error: Nov-26 16:14:43.518 ["upserting a bad file object! it has less than 2 properties",{"id":"FEBC1PB40"}]
[11/26/18, 16:14:52:473] info: Store: SELECT_CHANNEL CEBSDAMK6
[11/26/18, 16:14:52:779] info: Loading dictionary for language en-GB
[11/26/18, 16:14:52:780] info: Returning local copy: /home/bikeboi/.config/Slack/dictionaries/en-GB.bdic
[11/26/18, 16:14:52:780] info: Setting current spellchecker to en-GB, requested language was en-GB
[11/26/18, 16:14:53:576] info: Store: SELECT_CHANNEL CECA60SMB
[11/26/18, 16:14:53:591] info: Loading dictionary for language en-GB
[11/26/18, 16:14:53:592] info: Returning local copy: /home/bikeboi/.config/Slack/dictionaries/en-GB.bdic
[11/26/18, 16:14:53:593] info: Setting current spellchecker to en-GB, requested language was en-GB
[11/26/18, 16:15:02:063] info: Unloading spellchecker
[11/26/18, 16:15:02:082] info: Store: SET_FULL_SCREEN
[11/26/18, 16:15:02:093] info: Unloading spellchecker
[11/26/18, 16:15:03:346] info: Store: SET_FULL_SCREEN
[11/26/18, 16:15:03:652] info: Store: SET_FULL_SCREEN
[11/26/18, 16:15:07:404] info: Restoring spellchecker
[11/26/18, 16:15:07:405] info: Loading dictionary for language en-GB
[11/26/18, 16:15:07:406] info: Returning local copy: /home/bikeboi/.config/Slack/dictionaries/en-GB.bdic
[11/26/18, 16:15:07:438] info: Store: SET_FULL_SCREEN
[11/26/18, 16:15:07:442] info: Setting current spellchecker to en-GB, requested language was en-GB
[11/26/18, 16:15:07:442] info: Creating node-spellchecker instance
[11/26/18, 16:15:11:040] info: Unloading spellchecker
[11/26/18, 16:15:11:041] info: Unloading spellchecker
[11/26/18, 16:15:41:134] info: Store: MAIN_WINDOW_FOCUSED
[11/26/18, 16:15:41:188] info: Restoring spellchecker
[11/26/18, 16:15:41:189] info: Loading dictionary for language en-GB
[11/26/18, 16:15:41:189] info: Returning local copy: /home/bikeboi/.config/Slack/dictionaries/en-GB.bdic
[11/26/18, 16:15:41:236] info: Setting current spellchecker to en-GB, requested language was en-GB
[11/26/18, 16:15:41:236] info: Creating node-spellchecker instance
[11/26/18, 16:15:47:793] error: Nov-26 16:15:47.793 ["upserting a bad file object! it has less than 2 properties",{"id":"FEBUTJD60"}]
[11/26/18, 16:16:12:220] info: Unloading spellchecker
[11/26/18, 16:16:12:238] info: Store: SET_FULL_SCREEN
[11/26/18, 16:16:12:251] info: Unloading spellchecker
[11/26/18, 16:16:13:019] info: Store: SET_FULL_SCREEN
[11/26/18, 16:16:34:558] info: Store: SET_FULL_SCREEN
[11/26/18, 16:16:34:779] info: Store: SET_FULL_SCREEN
[11/26/18, 16:16:35:284] info: Store: SET_FULL_SCREEN
[11/26/18, 16:16:35:295] info: Restoring spellchecker
[11/26/18, 16:16:35:296] info: Loading dictionary for language en-GB
[11/26/18, 16:16:35:296] info: Returning local copy: /home/bikeboi/.config/Slack/dictionaries/en-GB.bdic
[11/26/18, 16:16:35:322] info: Setting current spellchecker to en-GB, requested language was en-GB
[11/26/18, 16:16:35:322] info: Creating node-spellchecker instance
[11/26/18, 16:16:37:401] info: Store: SET_FULL_SCREEN
[11/26/18, 16:16:37:427] info: Unloading spellchecker
[11/26/18, 16:16:37:467] info: Unloading spellchecker
[11/26/18, 16:20:34:641] error: Nov-26 16:20:34.641 SOCKET-MANAGER (TEBDL7HDF) Closing socket because #4105: client went offline
[11/26/18, 16:20:34:797] error: Nov-26 16:20:34.796 SOCKET-MANAGER (TEBDL7HDF) Socket was closed because #1006: generic error
[11/26/18, 16:20:35:123] info: Store: SET_NETWORK_STATUS offline
[11/26/18, 16:20:35:277] error: Nov-26 16:20:35.277 SOCKET-MANAGER (TEBDL7HDF) Socket was closed because #1006: generic error
[11/26/18, 16:20:36:421] error: Nov-26 16:20:36.421 SOCKET-MANAGER (TEBDL7HDF) Socket was closed because #1006: generic error
[11/26/18, 16:20:39:649] error: Nov-26 16:20:39.648 SOCKET-MANAGER (TEBDL7HDF) Socket was closed because #1006: generic error
[11/26/18, 16:20:45:259] info: Store: SET_NETWORK_STATUS online
[11/26/18, 16:29:53:618] info: Store: SET_FULL_SCREEN
[11/26/18, 16:32:51:164] info: Store: SET_FULL_SCREEN
[11/26/18, 16:33:04:225] info: Store: SET_FULL_SCREEN
[11/26/18, 16:34:04:871] info: Store: SET_FULL_SCREEN
[11/26/18, 16:34:11:456] info: Store: SET_FULL_SCREEN
[11/26/18, 16:34:12:221] info: Store: SET_FULL_SCREEN
[11/26/18, 16:34:14:389] info: Store: SET_FULL_SCREEN
[11/26/18, 16:34:26:129] info: Store: SET_FULL_SCREEN
[11/26/18, 16:34:32:467] error: Nov-26 16:34:32.467 SOCKET-MANAGER (TEBDL7HDF) Closing socket because #4105: client went offline
[11/26/18, 16:34:32:953] info: Store: SET_NETWORK_STATUS offline
[11/26/18, 16:34:33:274] error: Nov-26 16:34:33.274 SOCKET-MANAGER (TEBDL7HDF) Socket was closed because #1006: generic error
[11/26/18, 16:34:34:318] error: Nov-26 16:34:34.317 SOCKET-MANAGER (TEBDL7HDF) Socket was closed because #1006: generic error
[11/26/18, 16:34:36:126] error: Nov-26 16:34:36.125 SOCKET-MANAGER (TEBDL7HDF) Socket was closed because #1006: generic error
[11/26/18, 16:34:43:363] info: Store: SET_NETWORK_STATUS online
[11/26/18, 16:36:27:915] info: Store: SET_FULL_SCREEN
[11/26/18, 16:36:29:886] info: Store: SET_FULL_SCREEN
[11/26/18, 16:36:30:536] info: Store: SET_FULL_SCREEN
[11/26/18, 16:36:32:254] info: Store: SET_FULL_SCREEN
[11/26/18, 16:36:32:268] info: Restoring spellchecker
[11/26/18, 16:36:32:269] info: Loading dictionary for language en-GB
[11/26/18, 16:36:32:269] info: Returning local copy: /home/bikeboi/.config/Slack/dictionaries/en-GB.bdic
[11/26/18, 16:36:32:290] info: Setting current spellchecker to en-GB, requested language was en-GB
[11/26/18, 16:36:32:291] info: Creating node-spellchecker instance
[11/26/18, 16:36:34:082] info: Unloading spellchecker
[11/26/18, 16:36:34:085] info: Unloading spellchecker
[11/26/18, 16:36:35:091] info: Store: SET_FULL_SCREEN
[11/26/18, 16:36:39:914] info: Store: SET_FULL_SCREEN
[11/26/18, 16:36:51:075] info: Store: SET_FULL_SCREEN
[11/26/18, 16:36:52:701] info: Store: SET_FULL_SCREEN
[11/26/18, 16:36:58:746] info: Store: SET_FULL_SCREEN
[11/26/18, 16:38:24:272] info: Store: SET_FULL_SCREEN
[11/26/18, 16:38:25:922] info: Store: SET_FULL_SCREEN
[11/26/18, 16:38:37:204] info: Store: SET_FULL_SCREEN
[11/26/18, 16:38:43:652] info: Store: SET_FULL_SCREEN
[11/26/18, 16:38:44:143] info: Store: SET_FULL_SCREEN
[11/26/18, 16:41:31:249] info: Store: SET_FULL_SCREEN
[11/26/18, 16:44:50:159] info: Store: SET_FULL_SCREEN
[11/26/18, 16:45:29:352] info: Store: SET_FULL_SCREEN
[11/26/18, 16:46:46:623] info: Store: SET_FULL_SCREEN
[11/26/18, 16:47:24:588] info: Store: SET_FULL_SCREEN
[11/26/18, 16:47:24:905] info: Store: SET_FULL_SCREEN
[11/26/18, 16:47:25:831] info: Store: SET_FULL_SCREEN
[11/26/18, 16:50:33:964] info: Store: SET_FULL_SCREEN
[11/26/18, 16:50:54:602] info: Store: SET_FULL_SCREEN
[11/26/18, 16:54:41:293] info: Store: SET_FULL_SCREEN
[11/26/18, 16:54:56:032] info: Store: SET_FULL_SCREEN
[11/26/18, 16:54:59:783] info: Store: SET_FULL_SCREEN
[11/26/18, 16:55:01:180] info: Store: SET_FULL_SCREEN
[11/26/18, 16:55:42:539] info: Store: SET_FULL_SCREEN
[11/26/18, 16:56:19:906] info: Store: SET_FULL_SCREEN
[11/26/18, 16:56:30:766] info: Store: SET_FULL_SCREEN
[11/26/18, 16:56:32:139] info: Store: SET_FULL_SCREEN
[11/26/18, 16:56:37:070] info: Store: SET_FULL_SCREEN
[11/26/18, 16:57:01:132] info: Store: SET_FULL_SCREEN
[11/26/18, 16:57:12:708] info: Store: SET_FULL_SCREEN
[11/26/18, 16:57:14:703] info: Store: SET_FULL_SCREEN
[11/26/18, 16:57:16:088] info: Store: SET_FULL_SCREEN
[11/26/18, 16:57:17:031] info: Store: SET_FULL_SCREEN
[11/26/18, 16:57:17:758] info: Store: SET_FULL_SCREEN
[11/26/18, 16:57:18:906] info: Store: SET_FULL_SCREEN
[11/26/18, 16:57:24:195] info: Store: SET_FULL_SCREEN
[11/26/18, 16:57:28:757] info: Store: SET_FULL_SCREEN
[11/26/18, 16:57:30:907] info: Store: SET_FULL_SCREEN
[11/26/18, 16:57:36:237] info: Store: SET_FULL_SCREEN
[11/26/18, 16:57:48:663] info: Store: SET_FULL_SCREEN
[11/26/18, 16:57:49:790] info: Store: SET_FULL_SCREEN
[11/26/18, 16:57:52:281] info: Store: SET_FULL_SCREEN
[11/26/18, 16:57:54:964] info: Store: SET_FULL_SCREEN
[11/26/18, 16:58:16:415] info: Store: SET_FULL_SCREEN
[11/26/18, 16:58:18:532] info: Store: SET_FULL_SCREEN
[11/26/18, 16:58:29:075] info: Store: SET_FULL_SCREEN
[11/26/18, 16:59:07:696] info: Store: SET_FULL_SCREEN
[11/26/18, 16:59:09:328] info: Store: SET_FULL_SCREEN
[11/26/18, 16:59:11:062] info: Store: SET_FULL_SCREEN
[11/26/18, 16:59:54:791] info: Store: SET_FULL_SCREEN
[11/26/18, 16:59:58:672] info: Store: SET_FULL_SCREEN
[11/26/18, 17:00:01:248] info: Store: SET_FULL_SCREEN
[11/26/18, 17:00:55:175] info: Store: SET_FULL_SCREEN
[11/26/18, 17:01:25:725] info: Store: SET_FULL_SCREEN
[11/26/18, 17:05:34:917] info: Store: SET_FULL_SCREEN
[11/26/18, 17:06:58:629] info: Store: SET_FULL_SCREEN
[11/26/18, 17:07:00:268] info: Store: SET_FULL_SCREEN
[11/26/18, 17:15:27:634] info: Store: SET_FULL_SCREEN
[11/26/18, 17:15:37:662] info: Store: SET_FULL_SCREEN
[11/26/18, 17:16:08:111] info: Store: SET_FULL_SCREEN
[11/26/18, 17:18:33:475] info: Store: SET_FULL_SCREEN
[11/26/18, 17:19:06:208] info: Store: SET_FULL_SCREEN
[11/26/18, 17:19:13:973] info: Store: SET_FULL_SCREEN
[11/26/18, 17:21:21:398] info: Store: SET_FULL_SCREEN
[11/26/18, 17:21:22:378] info: Store: SET_FULL_SCREEN
[11/26/18, 17:22:27:447] info: Store: SET_FULL_SCREEN
[11/26/18, 17:22:27:631] info: Store: SET_FULL_SCREEN
[11/26/18, 17:22:33:140] info: Store: SET_FULL_SCREEN
[11/26/18, 17:22:38:589] info: Store: SET_FULL_SCREEN
[11/26/18, 17:22:42:573] info: Store: SET_FULL_SCREEN
[11/26/18, 17:26:04:352] info: Store: SET_FULL_SCREEN
[11/26/18, 17:26:09:340] info: Store: SET_FULL_SCREEN
[11/26/18, 17:28:01:857] info: Store: SET_FULL_SCREEN
[11/26/18, 17:28:20:202] info: Store: SET_FULL_SCREEN
[11/26/18, 17:39:59:475] error: Nov-26 17:39:59.474 SOCKET-MANAGER (TEBDL7HDF) Closing socket because #4105: client went offline
[11/26/18, 17:40:00:432] info: Store: SET_NETWORK_STATUS offline
[11/26/18, 17:40:00:433] error: Nov-26 17:40:00.433 SOCKET-MANAGER (TEBDL7HDF) Socket was closed because #1006: generic error
[11/26/18, 17:40:02:429] error: Nov-26 17:40:02.428 SOCKET-MANAGER (TEBDL7HDF) Socket was closed because #1006: generic error
[11/26/18, 17:40:04:429] error: Nov-26 17:40:04.429 SOCKET-MANAGER (TEBDL7HDF) Socket was closed because #1006: generic error
[11/26/18, 17:40:07:426] info: Store: SET_NETWORK_STATUS online
[11/26/18, 17:45:11:847] error: Nov-26 17:45:11.847 SOCKET-MANAGER (TEBDL7HDF) Closing socket because #4105: client went offline
[11/26/18, 17:45:12:426] info: Store: SET_NETWORK_STATUS offline
[11/26/18, 17:45:13:425] error: Nov-26 17:45:13.425 SOCKET-MANAGER (TEBDL7HDF) Socket was closed because #1006: generic error
[11/26/18, 17:45:15:427] error: Nov-26 17:45:15.426 SOCKET-MANAGER (TEBDL7HDF) Socket was closed because #1006: generic error
[11/26/18, 17:45:19:422] info: Store: SET_NETWORK_STATUS online
[11/26/18, 17:49:13:099] info: Store: SET_FULL_SCREEN
[11/26/18, 17:49:30:061] info: Store: SET_FULL_SCREEN
[11/26/18, 17:50:13:591] error: Nov-26 17:50:13.590 SOCKET-MANAGER (TEBDL7HDF) Closing socket because #4105: client went offline
[11/26/18, 17:50:14:434] info: Store: SET_NETWORK_STATUS offline
[11/26/18, 17:50:14:438] error: Nov-26 17:50:14.438 SOCKET-MANAGER (TEBDL7HDF) Socket was closed because #1006: generic error
[11/26/18, 17:50:17:432] error: Nov-26 17:50:17.431 SOCKET-MANAGER (TEBDL7HDF) Socket was closed because #1006: generic error
[11/26/18, 17:50:21:421] info: Store: SET_NETWORK_STATUS online
[11/26/18, 17:50:49:854] info: Store: SET_FULL_SCREEN
[11/26/18, 17:51:37:448] info: Store: SET_FULL_SCREEN
[11/26/18, 17:51:38:062] info: Store: SET_FULL_SCREEN
[11/26/18, 17:51:46:101] info: Store: SET_FULL_SCREEN
[11/26/18, 17:52:32:459] info: Store: SET_FULL_SCREEN
[11/26/18, 17:52:33:646] info: Store: SET_FULL_SCREEN
[11/26/18, 17:52:38:385] info: Store: SET_FULL_SCREEN
[11/26/18, 17:52:39:499] info: Store: SET_FULL_SCREEN
[11/26/18, 17:54:27:380] info: Store: SET_FULL_SCREEN
[11/26/18, 17:54:27:840] info: Store: SET_FULL_SCREEN
[11/26/18, 17:54:31:551] info: Store: SET_FULL_SCREEN
[11/26/18, 17:54:32:350] info: Store: SET_FULL_SCREEN
[11/26/18, 17:54:40:949] info: Store: SET_FULL_SCREEN
[11/26/18, 17:54:46:136] info: Store: SET_FULL_SCREEN
[11/26/18, 17:58:01:494] info: Store: SET_FULL_SCREEN
[11/26/18, 17:58:05:602] info: Store: SET_FULL_SCREEN
[11/26/18, 17:58:26:002] info: Store: SET_FULL_SCREEN
[11/26/18, 17:58:28:779] info: Store: SET_FULL_SCREEN
[11/26/18, 17:58:31:701] info: Store: SET_FULL_SCREEN
[11/26/18, 17:58:36:682] info: Store: SET_FULL_SCREEN
[11/26/18, 17:58:40:763] info: Store: SET_FULL_SCREEN
[11/26/18, 17:58:44:391] info: Store: SET_FULL_SCREEN
[11/26/18, 17:58:45:158] info: Store: SET_FULL_SCREEN
[11/26/18, 17:58:49:489] info: Store: SET_FULL_SCREEN
[11/26/18, 17:58:50:575] info: Store: SET_FULL_SCREEN
[11/26/18, 17:59:03:564] info: Store: SET_FULL_SCREEN
[11/26/18, 17:59:05:930] info: Store: SET_FULL_SCREEN
[11/26/18, 18:03:19:597] info: Store: SET_FULL_SCREEN
[11/26/18, 18:03:23:903] info: Store: SET_FULL_SCREEN
[11/26/18, 18:03:35:419] info: Store: SET_FULL_SCREEN
[11/26/18, 18:03:41:861] info: Store: SET_FULL_SCREEN
[11/26/18, 18:04:17:840] info: Store: SET_FULL_SCREEN
[11/26/18, 18:04:20:702] info: Store: SET_FULL_SCREEN
[11/26/18, 18:04:51:002] info: Store: SET_FULL_SCREEN
[11/26/18, 18:04:58:726] info: Store: SET_FULL_SCREEN
[11/26/18, 18:05:10:738] info: Store: SET_FULL_SCREEN
[11/26/18, 18:06:01:134] info: Store: SET_FULL_SCREEN
[11/26/18, 18:06:04:406] info: Store: SET_FULL_SCREEN
[11/26/18, 18:06:38:411] info: Store: SET_FULL_SCREEN
[11/26/18, 18:06:43:073] info: Store: SET_FULL_SCREEN
[11/26/18, 18:06:47:578] info: Store: SET_FULL_SCREEN
[11/26/18, 18:07:03:242] info: Store: SET_FULL_SCREEN
[11/26/18, 18:07:04:559] info: Store: SET_FULL_SCREEN
[11/26/18, 18:07:19:381] info: Store: SET_FULL_SCREEN
[11/26/18, 18:07:31:869] info: Store: SET_FULL_SCREEN
[11/26/18, 18:08:41:108] info: Store: SET_FULL_SCREEN
[11/26/18, 18:09:42:397] info: Store: SET_FULL_SCREEN
[11/26/18, 18:10:02:225] info: Store: SET_FULL_SCREEN
[11/26/18, 18:10:05:307] info: Store: SET_FULL_SCREEN
[11/26/18, 18:11:30:702] info: Store: SET_FULL_SCREEN
[11/26/18, 18:14:08:911] info: Store: SET_FULL_SCREEN
[11/26/18, 18:14:48:896] info: Store: SET_FULL_SCREEN
[11/26/18, 18:17:26:347] info: Store: SET_FULL_SCREEN
[11/26/18, 18:21:22:289] info: Store: SET_SUSPEND_STATUS
[11/26/18, 18:21:22:309] error: Nov-26 18:21:22.308 SOCKET-MANAGER (TEBDL7HDF) Closing socket because #4102: client is going to sleep
[11/26/18, 18:55:11:115] info: Store: SET_SUSPEND_STATUS true
[11/26/18, 18:55:11:134] error: Nov-26 18:55:11.133 SOCKET-MANAGER (TEBDL7HDF) Socket was closed because #1006: generic error
[11/26/18, 18:55:11:692] info: Store: SET_NETWORK_STATUS offline
[11/26/18, 19:00:12:690] error: Nov-26 19:00:12.689 SOCKET-MANAGER (TEBDL7HDF) Closing socket because we spent 300000 ms in wait_for_connectivity state; giving up
[11/26/18, 19:05:14:691] error: Nov-26 19:05:14.690 SOCKET-MANAGER (TEBDL7HDF) Closing socket because we spent 300000 ms in wait_for_connectivity state; giving up
[11/26/18, 19:05:17:160] info: Store: SET_SUSPEND_STATUS
[11/26/18, 19:16:18:098] info: Store: SET_SUSPEND_STATUS true
[11/26/18, 19:16:18:108] error: Nov-26 19:16:18.108 SOCKET-MANAGER (TEBDL7HDF) Socket was closed because #1006: generic error
[11/26/18, 19:21:25:751] error: Nov-26 19:21:25.750 SOCKET-MANAGER (TEBDL7HDF) Closing socket because we spent 300000 ms in wait_for_connectivity state; giving up
[11/26/18, 19:22:07:754] info: Store: SET_NETWORK_STATUS online
[11/26/18, 19:22:09:795] info: Store: UPDATE_TEAM_LOCALE
{
  "locale": "en-US",
  "teamId": "TEBDL7HDF"
}
[11/26/18, 19:32:01:213] info: Store: SET_SUSPEND_STATUS
[11/26/18, 19:32:01:217] error: Nov-26 19:32:01.217 SOCKET-MANAGER (TEBDL7HDF) Closing socket because #4102: client is going to sleep
[11/26/18, 20:37:51:149] info: Store: SET_SUSPEND_STATUS true
[11/26/18, 20:37:51:159] error: Nov-26 20:37:51.159 SOCKET-MANAGER (TEBDL7HDF) Socket was closed because #1006: generic error
[11/26/18, 20:37:51:439] info: Store: SET_NETWORK_STATUS offline
[11/26/18, 20:37:59:450] info: Store: SET_NETWORK_STATUS online
[11/26/18, 20:38:00:567] info: Store: UPDATE_TEAM_LOCALE
{
  "locale": "en-US",
  "teamId": "TEBDL7HDF"
}
[11/26/18, 20:38:08:310] info: Store: SET_FULL_SCREEN
[11/26/18, 20:38:33:764] info: Store: SET_FULL_SCREEN
[11/26/18, 22:18:24:255] info: Store: SET_FULL_SCREEN
[11/26/18, 22:18:27:189] info: Store: SET_FULL_SCREEN
[11/26/18, 22:18:28:907] info: Store: SET_FULL_SCREEN
[11/26/18, 22:18:29:142] info: Store: SET_FULL_SCREEN
[11/26/18, 22:18:36:121] info: Store: SET_FULL_SCREEN
[11/26/18, 22:18:42:149] info: Store: SET_FULL_SCREEN
[11/26/18, 22:18:54:115] info: Store: SET_FULL_SCREEN
[11/26/18, 22:18:56:485] info: Store: SET_FULL_SCREEN
[11/26/18, 22:19:08:601] info: Store: SET_FULL_SCREEN
[11/26/18, 22:19:11:849] info: Store: SET_FULL_SCREEN
[11/26/18, 22:21:26:612] info: Store: SET_FULL_SCREEN
[11/26/18, 22:21:27:966] info: Store: SET_FULL_SCREEN
[11/26/18, 22:22:09:821] info: Store: SET_FULL_SCREEN
[11/26/18, 22:22:10:521] info: Store: SET_FULL_SCREEN
[11/26/18, 22:22:11:528] info: Store: SET_FULL_SCREEN
[11/26/18, 22:22:26:124] info: Store: SET_FULL_SCREEN
[11/26/18, 22:22:26:715] info: Store: SET_FULL_SCREEN
[11/26/18, 22:22:31:386] info: Store: SET_FULL_SCREEN
[11/26/18, 22:51:02:188] info: Store: SET_SUSPEND_STATUS
[11/26/18, 22:51:02:195] error: Nov-26 22:51:02.195 SOCKET-MANAGER (TEBDL7HDF) Closing socket because #4102: client is going to sleep
[11/27/18, 13:15:35:292] info: Store: SET_SUSPEND_STATUS true
[11/27/18, 13:15:35:394] error: Nov-27 13:15:35.394 SOCKET-MANAGER (TEBDL7HDF) Socket was closed because #1006: generic error
[11/27/18, 13:15:35:637] info: Store: SET_NETWORK_STATUS offline
[11/27/18, 13:15:44:663] info: Store: SET_NETWORK_STATUS online
[11/27/18, 13:15:48:507] info: Store: UPDATE_TEAM_LOCALE
{
  "locale": "en-US",
  "teamId": "TEBDL7HDF"
}
[11/27/18, 13:44:50:037] info: Store: SET_FULL_SCREEN
[11/27/18, 13:46:38:055] info: Store: SET_FULL_SCREEN
[11/27/18, 13:46:56:591] info: Store: SET_FULL_SCREEN
[11/27/18, 13:46:57:864] info: Store: SET_FULL_SCREEN
[11/27/18, 13:47:00:621] info: Store: SET_FULL_SCREEN
[11/27/18, 13:47:06:886] info: Store: SET_FULL_SCREEN
[11/27/18, 13:47:08:764] info: Store: SET_FULL_SCREEN
[11/27/18, 14:09:10:401] info: Store: SET_FULL_SCREEN
[11/27/18, 14:10:05:955] info: Store: SET_FULL_SCREEN
[11/27/18, 14:10:51:190] info: Store: SET_FULL_SCREEN
[11/27/18, 14:10:58:721] info: Store: SET_FULL_SCREEN
[11/27/18, 14:11:06:195] info: Store: SET_FULL_SCREEN
[11/27/18, 14:11:45:660] info: Store: SET_FULL_SCREEN
[11/27/18, 14:12:16:437] info: Store: SET_FULL_SCREEN
[11/27/18, 14:14:41:676] info: Store: SET_FULL_SCREEN
[11/27/18, 14:14:55:969] info: Store: SET_FULL_SCREEN
[11/27/18, 14:15:23:903] info: Store: SET_FULL_SCREEN
[11/27/18, 14:50:39:648] info: Store: SET_FULL_SCREEN
[11/27/18, 15:59:03:340] info: Store: SET_FULL_SCREEN
[11/27/18, 15:59:29:429] info: Store: SET_FULL_SCREEN
[11/27/18, 15:59:43:021] info: Store: SET_FULL_SCREEN
[11/27/18, 15:59:46:598] info: Store: SET_FULL_SCREEN
[11/27/18, 16:00:23:388] info: Store: SET_FULL_SCREEN
[11/27/18, 16:00:27:343] info: Store: SET_FULL_SCREEN
[11/27/18, 16:00:29:117] info: Store: SET_FULL_SCREEN
[11/27/18, 16:00:44:903] info: Store: SET_FULL_SCREEN
[11/27/18, 16:01:36:932] info: Store: SET_FULL_SCREEN
[11/27/18, 16:12:44:801] info: Store: SET_FULL_SCREEN
[11/27/18, 16:13:00:917] info: Store: SET_FULL_SCREEN
[11/27/18, 16:15:52:146] info: Store: SET_FULL_SCREEN
[11/27/18, 16:16:09:979] info: Store: SET_FULL_SCREEN
[11/27/18, 16:25:45:211] info: Store: SET_FULL_SCREEN
[11/27/18, 16:26:01:123] info: Store: SET_FULL_SCREEN
[11/27/18, 16:26:52:367] info: Store: SET_FULL_SCREEN
[11/27/18, 16:26:57:803] info: Store: SET_FULL_SCREEN
[11/27/18, 16:33:33:297] info: Store: SET_FULL_SCREEN
[11/27/18, 16:33:40:470] info: Store: SET_FULL_SCREEN
[11/27/18, 16:33:41:853] info: Store: SET_FULL_SCREEN
[11/27/18, 16:33:47:887] info: Store: SET_FULL_SCREEN
[11/27/18, 16:42:11:640] info: Store: SET_FULL_SCREEN
[11/27/18, 16:42:22:395] info: Store: SET_FULL_SCREEN
[11/27/18, 16:43:36:210] info: Store: SET_FULL_SCREEN
[11/27/18, 16:43:47:680] info: Store: SET_FULL_SCREEN
[11/27/18, 16:43:54:438] info: Store: SET_FULL_SCREEN
[11/27/18, 16:44:03:569] info: Store: SET_FULL_SCREEN
[11/27/18, 16:44:04:371] info: Store: SET_FULL_SCREEN
[11/27/18, 16:44:16:040] info: Store: SET_FULL_SCREEN
[11/27/18, 17:09:22:094] info: Store: SET_FULL_SCREEN
[11/27/18, 17:27:05:438] info: Store: SET_FULL_SCREEN
[11/27/18, 17:27:06:440] info: Store: SET_FULL_SCREEN
[11/27/18, 17:27:53:782] info: Store: SET_FULL_SCREEN
[11/27/18, 17:35:49:433] info: Store: SET_SUSPEND_STATUS
[11/27/18, 17:35:49:446] error: Nov-27 17:35:49.446 SOCKET-MANAGER (TEBDL7HDF) Closing socket because #4102: client is going to sleep
[11/27/18, 17:35:57:941] info: Store: SET_NETWORK_STATUS offline
[11/27/18, 17:35:58:062] info: Store: SET_SUSPEND_STATUS true
[11/27/18, 17:35:58:079] error: Nov-27 17:35:58.079 SOCKET-MANAGER (TEBDL7HDF) Socket was closed because #1006: generic error
[11/27/18, 17:36:04:982] info: Store: SET_NETWORK_STATUS online
[11/27/18, 17:52:02:516] info: Store: SET_SUSPEND_STATUS
[11/27/18, 17:52:02:556] error: Nov-27 17:52:02.556 SOCKET-MANAGER (TEBDL7HDF) Closing socket because #4102: client is going to sleep
[11/27/18, 17:52:18:567] info: Store: SET_SUSPEND_STATUS true
[11/27/18, 17:52:18:719] error: Nov-27 17:52:18.718 SOCKET-MANAGER (TEBDL7HDF) Socket was closed because #1006: generic error
[11/27/18, 17:52:19:302] info: Store: SET_NETWORK_STATUS offline
[11/27/18, 17:52:33:143] info: Store: SET_NETWORK_STATUS online
[11/27/18, 18:52:09:060] info: Store: SET_FULL_SCREEN
[11/27/18, 18:52:09:751] info: Store: SET_FULL_SCREEN
[11/27/18, 18:52:10:229] info: Store: SET_FULL_SCREEN
[11/27/18, 18:52:11:833] info: Store: SET_FULL_SCREEN
[11/27/18, 18:52:12:864] info: Store: SET_FULL_SCREEN
[11/27/18, 18:52:13:118] info: Store: SET_FULL_SCREEN
[11/27/18, 18:52:13:960] info: Store: SET_FULL_SCREEN
[11/27/18, 18:53:10:992] info: Store: SET_FULL_SCREEN
[11/27/18, 20:14:37:580] info: Store: SET_SUSPEND_STATUS
[11/27/18, 20:14:37:582] error: Nov-27 20:14:37.582 SOCKET-MANAGER (TEBDL7HDF) Closing socket because #4102: client is going to sleep
[11/29/18, 09:23:04:141] info: Store: SET_SUSPEND_STATUS true
[11/29/18, 09:23:04:177] error: Nov-29 09:23:04.177 SOCKET-MANAGER (TEBDL7HDF) Socket was closed because #1006: generic error
[11/29/18, 09:23:04:494] info: Store: SET_NETWORK_STATUS offline
[11/29/18, 09:23:12:487] info: Store: SET_NETWORK_STATUS online
[11/29/18, 09:23:14:499] info: Store: UPDATE_TEAM_LOCALE
{
  "locale": "en-US",
  "teamId": "TEBDL7HDF"
}
[11/29/18, 09:24:53:714] info: Store: SET_FULL_SCREEN
[11/29/18, 09:25:56:942] info: Store: SET_FULL_SCREEN
[11/29/18, 09:26:37:464] info: Store: SET_FULL_SCREEN
[11/29/18, 09:26:38:068] info: Store: SET_FULL_SCREEN
[11/29/18, 09:26:49:387] info: Store: SET_FULL_SCREEN
[11/29/18, 09:27:03:040] info: Store: SET_FULL_SCREEN
[11/29/18, 09:27:35:834] info: Store: SET_FULL_SCREEN
[11/29/18, 09:32:28:158] info: Store: SET_FULL_SCREEN
[11/29/18, 09:32:31:395] info: Store: SET_FULL_SCREEN
[11/29/18, 09:32:32:907] info: Store: SET_FULL_SCREEN
[11/29/18, 09:32:33:587] info: Store: SET_FULL_SCREEN
[11/29/18, 09:32:42:894] info: Store: SET_FULL_SCREEN
[11/29/18, 09:32:56:498] info: Store: SET_FULL_SCREEN
[11/29/18, 09:35:11:345] info: Store: SET_FULL_SCREEN
[11/29/18, 09:36:35:901] info: Store: SET_FULL_SCREEN
[11/29/18, 09:36:36:844] info: Store: SET_FULL_SCREEN
[11/29/18, 09:36:37:946] info: Store: SET_FULL_SCREEN
[11/29/18, 09:37:00:693] info: Store: SET_FULL_SCREEN
[11/29/18, 09:37:19:290] info: Store: SET_FULL_SCREEN
[11/29/18, 09:37:24:919] info: Store: SET_FULL_SCREEN
[11/29/18, 09:37:26:815] info: Store: SET_FULL_SCREEN
[11/29/18, 09:37:27:451] info: Store: SET_FULL_SCREEN
[11/29/18, 09:38:15:450] info: Store: SET_FULL_SCREEN
[11/29/18, 09:39:01:575] info: Store: SET_FULL_SCREEN
[11/29/18, 09:39:02:526] info: Store: SET_FULL_SCREEN
[11/29/18, 09:39:03:076] info: Store: SET_FULL_SCREEN
[11/29/18, 09:39:07:113] info: Store: SET_FULL_SCREEN
[11/29/18, 09:39:07:429] info: Store: SET_FULL_SCREEN
[11/29/18, 09:40:03:352] info: Store: SET_FULL_SCREEN
[11/29/18, 09:40:06:249] info: Store: SET_FULL_SCREEN
[11/29/18, 09:40:07:718] info: Store: SET_FULL_SCREEN
[11/29/18, 09:40:26:006] info: Store: SET_FULL_SCREEN
[11/29/18, 09:43:41:927] info: Store: SET_FULL_SCREEN
[11/29/18, 09:43:42:857] info: Store: SET_FULL_SCREEN
[11/29/18, 09:43:43:295] info: Store: SET_FULL_SCREEN
[11/29/18, 09:47:13:314] info: Store: SET_FULL_SCREEN
[11/29/18, 09:47:29:817] info: Store: SET_FULL_SCREEN
[11/29/18, 09:47:30:878] info: Store: SET_FULL_SCREEN
[11/29/18, 09:47:31:660] info: Store: SET_FULL_SCREEN
[11/29/18, 09:47:47:849] info: Store: SET_FULL_SCREEN
[11/29/18, 09:49:21:616] info: Store: SET_FULL_SCREEN
[11/29/18, 09:49:33:089] info: Store: SET_FULL_SCREEN
[11/29/18, 09:49:34:730] info: Store: SET_FULL_SCREEN
[11/29/18, 09:49:48:349] info: Store: SET_FULL_SCREEN
[11/29/18, 09:49:50:175] info: Store: SET_FULL_SCREEN
[11/29/18, 09:49:59:644] info: Store: SET_FULL_SCREEN
[11/29/18, 09:50:02:185] info: Store: SET_FULL_SCREEN
[11/29/18, 09:55:43:595] info: Store: SET_FULL_SCREEN
[11/29/18, 09:56:05:996] info: Store: SET_FULL_SCREEN
[11/29/18, 09:58:10:766] info: Store: SET_FULL_SCREEN
[11/29/18, 09:58:11:266] info: Store: SET_FULL_SCREEN
[11/29/18, 09:58:17:416] info: Store: SET_FULL_SCREEN
[11/29/18, 09:58:33:001] info: Store: SET_FULL_SCREEN
[11/29/18, 09:58:45:372] info: Store: SET_FULL_SCREEN
[11/29/18, 09:58:46:311] info: Store: SET_FULL_SCREEN
[11/29/18, 10:10:45:565] info: Store: SET_FULL_SCREEN
[11/29/18, 10:11:15:956] info: Store: SET_FULL_SCREEN
[11/29/18, 10:19:05:936] info: Store: SET_FULL_SCREEN
[11/29/18, 10:20:28:049] info: Store: SET_FULL_SCREEN
[11/29/18, 10:20:58:037] info: Store: SET_FULL_SCREEN
[11/29/18, 10:21:27:391] info: Store: SET_FULL_SCREEN
[11/29/18, 10:38:59:299] info: Store: SET_FULL_SCREEN
[11/29/18, 10:39:29:822] info: Store: SET_FULL_SCREEN
[11/29/18, 10:39:31:121] info: Store: SET_FULL_SCREEN
[11/29/18, 10:40:17:035] info: Store: SET_FULL_SCREEN
[11/29/18, 10:40:17:804] info: Store: SET_FULL_SCREEN
[11/29/18, 10:40:18:959] info: Store: SET_FULL_SCREEN
[11/29/18, 10:40:21:186] info: Store: SET_FULL_SCREEN
[11/29/18, 10:40:37:542] info: Store: SET_FULL_SCREEN
[11/29/18, 10:40:48:257] info: Store: SET_FULL_SCREEN
[11/29/18, 10:41:11:193] info: Store: SET_FULL_SCREEN
[11/29/18, 10:46:54:268] info: Store: SET_FULL_SCREEN
[11/29/18, 10:47:52:141] info: Store: SET_FULL_SCREEN
[11/29/18, 10:48:18:888] info: Store: SET_FULL_SCREEN
[11/29/18, 10:48:49:546] info: Store: SET_FULL_SCREEN
[11/29/18, 10:48:58:985] info: Store: SET_FULL_SCREEN
[11/29/18, 10:48:59:384] info: Store: SET_FULL_SCREEN
[11/29/18, 11:13:31:725] info: Store: SET_FULL_SCREEN
[11/29/18, 11:13:39:348] info: Store: SET_FULL_SCREEN
[11/29/18, 11:13:49:580] info: Store: SET_FULL_SCREEN
[11/29/18, 11:14:22:299] info: Store: SET_FULL_SCREEN
[11/29/18, 11:14:23:363] info: Store: SET_FULL_SCREEN
[11/29/18, 11:14:24:407] info: Store: SET_FULL_SCREEN
[11/29/18, 11:14:36:415] info: Store: SET_FULL_SCREEN
[11/29/18, 11:14:37:233] info: Store: SET_FULL_SCREEN
[11/29/18, 11:20:04:893] info: Store: SET_FULL_SCREEN
[11/29/18, 11:20:24:519] info: Store: SET_FULL_SCREEN
[11/29/18, 11:30:19:771] info: Store: SET_FULL_SCREEN
[11/29/18, 11:30:32:091] info: Store: SET_FULL_SCREEN
[11/29/18, 11:30:32:965] info: Store: SET_FULL_SCREEN
[11/29/18, 11:30:33:269] info: Store: SET_FULL_SCREEN
[11/29/18, 11:30:34:866] info: Store: SET_FULL_SCREEN
[11/29/18, 11:48:36:101] info: Store: SET_FULL_SCREEN
[11/29/18, 11:48:41:283] info: Store: SET_FULL_SCREEN
[11/29/18, 11:48:42:411] info: Store: SET_FULL_SCREEN
[11/29/18, 11:48:42:798] info: Store: SET_FULL_SCREEN
[11/29/18, 11:48:43:024] info: Store: SET_FULL_SCREEN
[11/29/18, 11:50:11:277] info: Store: SET_FULL_SCREEN
[11/29/18, 11:51:00:035] info: Store: SET_FULL_SCREEN
[11/29/18, 11:51:01:695] info: Store: SET_FULL_SCREEN
[11/29/18, 11:51:03:460] info: Store: SET_FULL_SCREEN
[11/29/18, 11:51:07:559] info: Store: SET_FULL_SCREEN
[11/29/18, 11:51:09:820] info: Store: SET_FULL_SCREEN
[11/29/18, 11:52:23:378] info: Store: SET_FULL_SCREEN
[11/29/18, 11:53:03:241] info: Store: SET_FULL_SCREEN
[11/29/18, 11:53:04:199] info: Store: SET_FULL_SCREEN
[11/29/18, 11:53:09:365] info: Store: SET_FULL_SCREEN
[11/29/18, 11:53:13:502] info: Store: SET_FULL_SCREEN
[11/29/18, 11:53:15:004] info: Store: SET_FULL_SCREEN
[11/29/18, 11:57:51:241] info: Store: SET_FULL_SCREEN
[11/29/18, 11:59:06:690] info: Store: SET_FULL_SCREEN
[11/29/18, 11:59:07:678] info: Store: SET_FULL_SCREEN
[11/29/18, 11:59:37:082] info: Store: SET_FULL_SCREEN
[11/29/18, 12:00:26:928] info: Store: SET_FULL_SCREEN
[11/29/18, 12:00:30:896] info: Store: SET_FULL_SCREEN
[11/29/18, 12:00:34:479] info: Store: SET_FULL_SCREEN
[11/29/18, 12:00:52:446] info: Store: SET_FULL_SCREEN
[11/29/18, 12:00:59:489] info: Store: SET_FULL_SCREEN
[11/29/18, 12:01:02:386] info: Store: SET_FULL_SCREEN
[11/29/18, 12:01:04:166] info: Store: SET_FULL_SCREEN
[11/29/18, 12:01:06:814] info: Store: SET_FULL_SCREEN
[11/29/18, 12:01:10:498] info: Store: SET_FULL_SCREEN
[11/29/18, 12:01:18:995] info: Store: SET_FULL_SCREEN
[11/29/18, 12:01:22:820] info: Store: SET_FULL_SCREEN
[11/29/18, 12:01:23:872] info: Store: SET_FULL_SCREEN
[11/29/18, 12:01:30:692] info: Store: SET_FULL_SCREEN
[11/29/18, 12:01:38:246] info: Store: SET_FULL_SCREEN
[11/29/18, 12:01:47:041] info: Store: SET_FULL_SCREEN
[11/29/18, 12:02:00:820] info: Store: SET_FULL_SCREEN
[11/29/18, 12:02:18:673] info: Store: SET_FULL_SCREEN
[11/29/18, 12:02:21:898] info: Store: SET_FULL_SCREEN
[11/29/18, 12:02:25:574] info: Store: SET_FULL_SCREEN
[11/29/18, 12:02:29:929] info: Store: SET_FULL_SCREEN
[11/29/18, 12:02:30:404] info: Store: SET_FULL_SCREEN
[11/29/18, 12:02:35:695] info: Store: SET_FULL_SCREEN
[11/29/18, 12:03:17:925] info: Store: SET_FULL_SCREEN
[11/29/18, 12:03:41:001] info: Store: SET_FULL_SCREEN
[11/29/18, 12:03:49:150] info: Store: SET_FULL_SCREEN
[11/29/18, 12:03:57:077] info: Store: SET_FULL_SCREEN
[11/29/18, 12:03:59:278] info: Store: SET_FULL_SCREEN
[11/29/18, 12:04:00:622] info: Store: SET_FULL_SCREEN
[11/29/18, 12:04:33:242] info: Store: SET_FULL_SCREEN
[11/29/18, 12:04:34:090] info: Store: SET_FULL_SCREEN
[11/29/18, 12:04:36:190] info: Store: SET_FULL_SCREEN
[11/29/18, 12:04:42:415] info: Store: SET_SUSPEND_STATUS
[11/29/18, 12:04:42:480] error: Nov-29 12:04:42.480 SOCKET-MANAGER (TEBDL7HDF) Closing socket because #4102: client is going to sleep
[11/29/18, 12:04:51:569] info: Store: SET_SUSPEND_STATUS true
[11/29/18, 12:04:53:600] error: Nov-29 12:04:53.599 SOCKET-MANAGER (TEBDL7HDF) Closing socket because #4105: client went offline
[11/29/18, 12:04:53:610] info: Store: SET_NETWORK_STATUS offline
[11/29/18, 12:05:02:041] info: Store: SET_NETWORK_STATUS online
[11/29/18, 12:05:17:549] info: Store: SET_FULL_SCREEN
[11/29/18, 12:05:25:777] info: Store: SET_FULL_SCREEN
[11/29/18, 12:05:26:783] info: Store: SET_FULL_SCREEN
[11/29/18, 12:05:34:892] info: Store: SET_FULL_SCREEN
[11/29/18, 12:05:51:334] info: Store: SET_FULL_SCREEN
[11/29/18, 12:05:53:079] info: Store: SET_FULL_SCREEN
[11/29/18, 12:06:11:415] info: Store: SET_FULL_SCREEN
[11/29/18, 12:09:48:696] info: Store: SET_FULL_SCREEN
[11/29/18, 12:10:18:109] info: Store: SET_FULL_SCREEN
[11/29/18, 12:10:38:920] info: Store: SET_FULL_SCREEN
[11/29/18, 12:10:43:669] info: Store: SET_FULL_SCREEN
[11/29/18, 12:10:44:788] info: Store: SET_FULL_SCREEN
[11/29/18, 12:11:13:729] info: Store: SET_FULL_SCREEN
[11/29/18, 12:11:17:806] info: Store: SET_FULL_SCREEN
[11/29/18, 12:12:41:916] info: Store: SET_FULL_SCREEN
[11/29/18, 12:12:48:556] info: Store: SET_FULL_SCREEN
[11/29/18, 12:12:55:716] info: Store: SET_FULL_SCREEN
[11/29/18, 12:13:04:012] info: Store: SET_FULL_SCREEN
[11/29/18, 12:14:21:091] info: Store: SET_FULL_SCREEN
[11/29/18, 12:14:35:990] info: Store: SET_FULL_SCREEN
[11/29/18, 12:15:12:326] info: Store: SET_FULL_SCREEN
[11/29/18, 12:15:13:632] info: Store: SET_FULL_SCREEN
[11/29/18, 12:21:28:417] info: Store: SET_FULL_SCREEN
[11/29/18, 12:21:37:233] info: Store: SET_FULL_SCREEN
[11/29/18, 12:21:37:948] info: Store: SET_FULL_SCREEN
[11/29/18, 12:21:54:627] info: Store: SET_FULL_SCREEN
[11/29/18, 12:22:10:923] info: Store: SET_FULL_SCREEN
[11/29/18, 12:22:14:802] info: Store: SET_FULL_SCREEN
[11/29/18, 12:22:15:453] info: Store: SET_FULL_SCREEN
[11/29/18, 12:23:33:170] info: Store: SET_FULL_SCREEN
[11/29/18, 12:23:54:894] info: Store: SET_FULL_SCREEN
[11/29/18, 12:24:04:763] info: Store: SET_FULL_SCREEN
[11/29/18, 12:24:17:426] info: Store: SET_FULL_SCREEN
[11/29/18, 12:29:59:811] info: Store: SET_FULL_SCREEN
[11/29/18, 12:30:05:481] info: Store: SET_FULL_SCREEN
[11/29/18, 12:30:05:863] info: Store: SET_FULL_SCREEN
[11/29/18, 12:30:46:520] info: Store: SET_FULL_SCREEN
[11/29/18, 12:30:55:555] info: Store: SET_FULL_SCREEN
[11/29/18, 12:31:00:172] info: Store: SET_FULL_SCREEN
[11/29/18, 12:32:15:892] info: Store: SET_FULL_SCREEN
[11/29/18, 12:32:41:731] info: Store: SET_FULL_SCREEN
[11/29/18, 12:32:42:604] info: Store: SET_FULL_SCREEN
[11/29/18, 12:32:48:338] info: Store: SET_FULL_SCREEN
[11/29/18, 12:34:04:861] info: Store: SET_FULL_SCREEN
[11/29/18, 12:34:28:564] info: Store: SET_FULL_SCREEN
[11/29/18, 12:46:00:531] info: Store: SET_FULL_SCREEN
[11/29/18, 12:47:01:443] info: Store: SET_FULL_SCREEN
[11/29/18, 12:47:03:972] info: Store: SET_FULL_SCREEN
[11/29/18, 12:47:04:536] info: Store: SET_FULL_SCREEN
[11/29/18, 12:47:09:374] info: Store: SET_FULL_SCREEN
[11/29/18, 12:48:26:141] info: Store: SET_FULL_SCREEN
[11/29/18, 12:49:22:217] info: Store: SET_FULL_SCREEN
[11/29/18, 12:49:36:697] info: Store: SET_FULL_SCREEN
[11/29/18, 12:49:55:218] info: Store: SET_FULL_SCREEN
[11/29/18, 12:49:58:256] info: Store: SET_FULL_SCREEN
[11/29/18, 12:51:43:282] info: Store: SET_FULL_SCREEN
[11/29/18, 12:51:44:740] info: Store: SET_FULL_SCREEN
[11/29/18, 12:52:18:324] info: Store: SET_FULL_SCREEN
[11/29/18, 12:52:47:374] info: Store: SET_FULL_SCREEN
[11/29/18, 12:53:04:795] info: Store: SET_FULL_SCREEN
[11/29/18, 12:53:52:255] info: Store: SET_FULL_SCREEN
[11/29/18, 12:53:58:086] info: Store: SET_FULL_SCREEN
[11/29/18, 12:53:59:081] info: Store: SET_FULL_SCREEN
[11/29/18, 12:54:27:136] info: Store: SET_FULL_SCREEN
[11/29/18, 12:57:18:879] info: Store: SET_FULL_SCREEN
[11/29/18, 12:57:37:320] info: Store: SET_FULL_SCREEN
[11/29/18, 12:57:40:619] info: Store: SET_FULL_SCREEN
[11/29/18, 12:57:45:380] info: Store: SET_FULL_SCREEN
[11/29/18, 12:57:54:844] info: Store: SET_FULL_SCREEN
[11/29/18, 12:58:10:014] info: Store: SET_FULL_SCREEN
[11/29/18, 12:58:13:394] info: Store: SET_FULL_SCREEN
[11/29/18, 12:58:20:676] info: Store: SET_FULL_SCREEN
[11/29/18, 12:59:57:262] info: Store: SET_FULL_SCREEN
[11/29/18, 12:59:58:315] info: Store: SET_FULL_SCREEN
[11/29/18, 13:00:00:379] info: Store: SET_FULL_SCREEN
[11/29/18, 13:00:02:030] info: Store: SET_FULL_SCREEN
[11/29/18, 13:00:05:109] info: Store: SET_FULL_SCREEN
[11/29/18, 13:00:10:037] info: Store: SET_FULL_SCREEN
[11/29/18, 13:00:15:501] info: Store: SET_FULL_SCREEN
[11/29/18, 13:00:17:064] info: Store: SET_FULL_SCREEN
[11/29/18, 13:00:24:736] info: Store: SET_FULL_SCREEN
[11/29/18, 13:00:33:368] info: Store: SET_FULL_SCREEN
[11/29/18, 13:00:38:518] info: Store: SET_FULL_SCREEN
[11/29/18, 13:00:44:559] info: Store: SET_FULL_SCREEN
[11/29/18, 13:01:15:435] info: Store: SET_FULL_SCREEN
[11/29/18, 13:01:16:454] info: Store: SET_FULL_SCREEN
[11/29/18, 13:01:17:921] info: Store: SET_FULL_SCREEN
[11/29/18, 13:01:24:340] info: Store: SET_FULL_SCREEN
[11/29/18, 13:01:25:709] info: Store: SET_FULL_SCREEN
[11/29/18, 13:01:38:548] info: Store: SET_FULL_SCREEN
[11/29/18, 13:02:18:154] info: Store: SET_FULL_SCREEN
[11/29/18, 13:02:55:239] info: Store: SET_FULL_SCREEN
[11/29/18, 13:02:59:209] info: Store: SET_FULL_SCREEN
[11/29/18, 13:03:01:661] info: Store: SET_FULL_SCREEN
[11/29/18, 13:03:04:346] info: Store: SET_FULL_SCREEN
[11/29/18, 13:03:29:790] info: Store: SET_FULL_SCREEN
[11/29/18, 13:03:37:062] info: Store: SET_FULL_SCREEN
[11/29/18, 13:03:44:282] info: Store: SET_FULL_SCREEN
[11/29/18, 13:04:01:095] info: Store: SET_FULL_SCREEN
[11/29/18, 13:04:01:686] info: Store: SET_FULL_SCREEN
[11/29/18, 13:04:30:658] info: Store: SET_FULL_SCREEN
[11/29/18, 13:04:48:016] info: Store: SET_FULL_SCREEN
[11/29/18, 13:04:56:515] info: Store: SET_FULL_SCREEN
[11/29/18, 13:04:59:609] info: Store: SET_FULL_SCREEN
[11/29/18, 13:05:03:105] info: Store: SET_FULL_SCREEN
[11/29/18, 13:05:16:674] info: Store: SET_FULL_SCREEN
[11/29/18, 13:09:06:241] info: Store: SET_FULL_SCREEN
[11/29/18, 13:09:17:971] info: Store: SET_FULL_SCREEN
[11/29/18, 13:09:32:498] info: Store: SET_FULL_SCREEN
[11/29/18, 13:09:45:999] info: Store: SET_FULL_SCREEN
[11/29/18, 13:10:47:466] info: Store: SET_FULL_SCREEN
[11/29/18, 13:10:47:780] info: Store: SET_FULL_SCREEN
[11/29/18, 13:10:50:918] info: Store: SET_FULL_SCREEN
[11/29/18, 13:10:51:430] info: Store: SET_FULL_SCREEN
[11/29/18, 13:10:53:495] info: Store: SET_FULL_SCREEN
[11/29/18, 13:12:17:924] info: Store: SET_FULL_SCREEN
[11/29/18, 13:12:28:039] info: Store: SET_FULL_SCREEN
[11/29/18, 13:12:57:245] info: Store: SET_FULL_SCREEN
[11/29/18, 13:12:59:755] info: Store: SET_FULL_SCREEN
[11/29/18, 13:13:03:613] info: Store: SET_FULL_SCREEN
[11/29/18, 13:13:09:480] info: Store: SET_FULL_SCREEN
[11/29/18, 13:13:17:626] info: Store: SET_FULL_SCREEN
[11/29/18, 13:14:58:533] info: Store: SET_FULL_SCREEN
[11/29/18, 13:15:01:924] info: Store: SET_FULL_SCREEN
[11/29/18, 13:15:02:796] info: Store: SET_FULL_SCREEN
[11/29/18, 13:15:15:464] info: Store: SET_FULL_SCREEN
[11/29/18, 13:15:51:238] info: Store: SET_FULL_SCREEN
[11/29/18, 13:16:36:370] info: Store: SET_FULL_SCREEN
[11/29/18, 13:16:49:413] info: Store: SET_FULL_SCREEN
[11/29/18, 13:21:35:253] info: Store: SET_FULL_SCREEN
[11/29/18, 13:21:47:940] info: Store: SET_FULL_SCREEN
[11/29/18, 13:22:16:716] info: Store: SET_FULL_SCREEN
[11/29/18, 13:22:27:223] info: Store: SET_FULL_SCREEN
[11/29/18, 13:22:27:614] info: Store: SET_FULL_SCREEN
[11/29/18, 13:22:35:673] info: Store: SET_FULL_SCREEN
[11/29/18, 13:22:37:490] info: Store: SET_FULL_SCREEN
[11/29/18, 13:22:38:209] info: Store: SET_FULL_SCREEN
[11/29/18, 13:23:33:738] info: Store: SET_FULL_SCREEN
[11/29/18, 13:23:41:135] info: Store: SET_FULL_SCREEN
[11/29/18, 13:25:02:883] info: Store: SET_FULL_SCREEN
[11/29/18, 13:25:07:514] info: Store: SET_FULL_SCREEN
[11/29/18, 13:25:28:241] info: Store: SET_FULL_SCREEN
[11/29/18, 13:25:48:419] info: Store: SET_FULL_SCREEN
[11/29/18, 13:26:02:990] info: Store: SET_FULL_SCREEN
[11/29/18, 13:26:25:301] info: Store: SET_FULL_SCREEN
[11/29/18, 13:29:56:150] info: Store: SET_FULL_SCREEN
[11/29/18, 13:30:01:245] info: Store: SET_FULL_SCREEN
[11/29/18, 13:30:05:352] info: Store: SET_FULL_SCREEN
[11/29/18, 13:30:19:277] info: Store: SET_FULL_SCREEN
[11/29/18, 13:30:47:269] info: Store: SET_FULL_SCREEN
[11/29/18, 13:31:02:313] info: Store: SET_FULL_SCREEN
[11/29/18, 13:31:05:478] info: Store: SET_FULL_SCREEN
[11/29/18, 13:31:06:648] info: Store: SET_FULL_SCREEN
[11/29/18, 13:32:16:911] info: Store: SET_FULL_SCREEN
[11/29/18, 13:33:00:299] info: Store: SET_FULL_SCREEN
[11/29/18, 13:33:33:369] info: Store: SET_FULL_SCREEN
[11/29/18, 13:33:33:743] info: Store: SET_FULL_SCREEN
[11/29/18, 13:33:38:154] info: Store: SET_FULL_SCREEN
[11/29/18, 13:33:39:574] info: Store: SET_FULL_SCREEN
[11/29/18, 13:33:41:678] info: Store: SET_FULL_SCREEN
[11/29/18, 13:33:47:444] info: Store: SET_FULL_SCREEN
[11/29/18, 13:33:59:201] info: Store: SET_FULL_SCREEN
[11/29/18, 13:34:01:801] info: Store: SET_FULL_SCREEN
[11/29/18, 13:34:25:917] info: Store: SET_FULL_SCREEN
[11/29/18, 13:34:27:311] info: Store: SET_FULL_SCREEN
[11/29/18, 13:34:51:603] info: Store: SET_FULL_SCREEN
[11/29/18, 13:34:54:271] info: Store: SET_FULL_SCREEN
[11/29/18, 13:34:56:790] info: Store: SET_FULL_SCREEN
[11/29/18, 13:34:58:112] info: Store: SET_FULL_SCREEN
[11/29/18, 13:35:06:748] info: Store: SET_FULL_SCREEN
[11/29/18, 13:35:08:637] info: Store: SET_FULL_SCREEN
[11/29/18, 13:35:49:929] info: Store: SET_FULL_SCREEN
[11/29/18, 13:36:09:288] info: Store: SET_FULL_SCREEN
[11/29/18, 13:37:06:904] info: Store: SET_FULL_SCREEN
[11/29/18, 13:37:09:286] info: Store: SET_FULL_SCREEN
[11/29/18, 13:37:48:526] info: Store: SET_FULL_SCREEN
[11/29/18, 13:37:52:129] info: Store: SET_FULL_SCREEN
[11/29/18, 13:41:33:158] info: Store: SET_FULL_SCREEN
[11/29/18, 13:41:35:100] info: Store: SET_FULL_SCREEN
[11/29/18, 13:41:37:508] info: Store: SET_FULL_SCREEN
[11/29/18, 13:41:40:141] info: Store: SET_FULL_SCREEN
[11/29/18, 13:41:45:602] info: Store: SET_FULL_SCREEN
[11/29/18, 13:41:47:550] info: Store: SET_FULL_SCREEN
[11/29/18, 13:41:56:610] info: Store: SET_FULL_SCREEN
[11/29/18, 13:44:23:328] info: Store: SET_FULL_SCREEN
[11/29/18, 13:44:33:965] info: Store: SET_FULL_SCREEN
[11/29/18, 13:50:37:735] info: Store: SET_FULL_SCREEN
[11/29/18, 13:50:40:786] info: Store: SET_FULL_SCREEN
[11/29/18, 13:50:43:267] info: Store: SET_FULL_SCREEN
[11/29/18, 13:57:39:679] info: Store: SET_FULL_SCREEN
[11/29/18, 13:57:59:567] info: Store: SET_FULL_SCREEN
[11/29/18, 14:11:12:566] info: Store: SET_FULL_SCREEN
[11/29/18, 14:11:54:944] info: Store: SET_FULL_SCREEN
[11/29/18, 14:23:22:328] info: Store: SET_FULL_SCREEN
[11/29/18, 14:25:19:424] info: Store: SET_FULL_SCREEN
[11/29/18, 14:26:30:973] info: Store: SET_FULL_SCREEN
[11/29/18, 14:27:24:826] info: Store: SET_FULL_SCREEN
[11/29/18, 14:27:55:330] info: Store: SET_FULL_SCREEN
[11/29/18, 14:27:57:686] info: Store: SET_FULL_SCREEN
[11/29/18, 14:29:35:045] info: Store: SET_FULL_SCREEN
[11/29/18, 14:29:39:389] info: Store: SET_FULL_SCREEN
[11/29/18, 14:39:47:179] info: Store: SET_FULL_SCREEN
[11/29/18, 14:40:01:766] info: Store: SET_FULL_SCREEN
[11/29/18, 14:40:16:025] info: Store: SET_FULL_SCREEN
[11/29/18, 14:40:30:110] info: Store: SET_FULL_SCREEN
[11/29/18, 14:41:58:643] info: Store: SET_FULL_SCREEN
[11/29/18, 14:42:05:806] info: Store: SET_FULL_SCREEN
[11/29/18, 15:19:57:045] info: Store: SET_FULL_SCREEN
[11/29/18, 15:19:57:713] info: Store: SET_FULL_SCREEN
[11/29/18, 15:22:56:334] info: Store: SET_FULL_SCREEN
[11/29/18, 15:23:53:118] info: Store: SET_FULL_SCREEN
[11/29/18, 15:24:00:462] info: Store: SET_FULL_SCREEN
[11/29/18, 15:25:00:241] info: Store: SET_FULL_SCREEN
[11/29/18, 15:25:49:155] info: Store: SET_FULL_SCREEN
[11/29/18, 15:26:14:405] info: Store: SET_FULL_SCREEN
[11/29/18, 15:27:01:675] info: Store: SET_FULL_SCREEN
[11/29/18, 15:27:02:403] info: Store: SET_FULL_SCREEN
[11/29/18, 15:27:02:976] info: Store: SET_FULL_SCREEN
[11/29/18, 15:27:10:731] info: Store: SET_FULL_SCREEN
[11/29/18, 15:28:01:335] info: Store: SET_FULL_SCREEN
[11/29/18, 15:28:07:750] info: Store: SET_FULL_SCREEN
[11/29/18, 15:29:21:959] info: Store: SET_FULL_SCREEN
[11/29/18, 15:29:22:929] info: Store: SET_FULL_SCREEN
[11/29/18, 15:29:24:732] info: Store: SET_FULL_SCREEN
[11/29/18, 15:29:25:331] info: Store: SET_FULL_SCREEN
[11/29/18, 15:29:25:892] info: Store: SET_FULL_SCREEN
[11/29/18, 15:29:26:131] info: Store: SET_FULL_SCREEN
[11/29/18, 15:29:44:398] info: Store: SET_FULL_SCREEN
[11/29/18, 15:29:45:428] info: Store: SET_FULL_SCREEN
[11/29/18, 15:29:46:168] info: Store: SET_FULL_SCREEN
[11/29/18, 15:29:47:459] info: Store: SET_FULL_SCREEN
[11/29/18, 15:30:08:592] info: Store: SET_FULL_SCREEN
[11/29/18, 15:32:25:721] info: Store: SET_FULL_SCREEN
[11/29/18, 15:32:41:538] info: Store: SET_FULL_SCREEN
[11/29/18, 15:32:50:930] info: Store: SET_FULL_SCREEN
[11/29/18, 15:32:51:754] info: Store: SET_FULL_SCREEN
[11/29/18, 15:33:06:541] info: Store: SET_FULL_SCREEN
[11/29/18, 15:33:07:830] info: Store: SET_FULL_SCREEN
[11/29/18, 15:33:08:434] info: Store: SET_FULL_SCREEN
[11/29/18, 15:33:58:739] info: Store: SET_FULL_SCREEN
[11/29/18, 15:34:39:395] info: Store: SET_FULL_SCREEN
[11/29/18, 15:35:13:334] info: Store: SET_FULL_SCREEN
[11/29/18, 15:35:16:057] info: Store: SET_FULL_SCREEN
[11/29/18, 15:35:16:819] info: Store: SET_FULL_SCREEN
[11/29/18, 15:35:18:480] info: Store: SET_FULL_SCREEN
[11/29/18, 15:35:29:944] info: Store: SET_FULL_SCREEN
[11/29/18, 15:35:37:031] info: Store: SET_FULL_SCREEN
[11/29/18, 15:35:41:111] info: Store: SET_FULL_SCREEN
[11/29/18, 15:35:42:223] info: Store: SET_FULL_SCREEN
[11/29/18, 15:35:45:662] info: Store: SET_FULL_SCREEN
[11/29/18, 15:35:47:216] info: Store: SET_FULL_SCREEN
[11/29/18, 15:35:47:769] info: Store: SET_FULL_SCREEN
[11/29/18, 15:36:02:443] info: Store: SET_FULL_SCREEN
[11/29/18, 15:36:16:082] info: Store: SET_FULL_SCREEN
[11/29/18, 15:36:17:019] info: Store: SET_FULL_SCREEN
[11/29/18, 15:36:58:889] info: Store: SET_FULL_SCREEN
[11/29/18, 15:36:59:615] info: Store: SET_FULL_SCREEN
[11/29/18, 15:37:00:197] info: Store: SET_FULL_SCREEN
[11/29/18, 15:37:21:342] info: Store: SET_FULL_SCREEN
[11/29/18, 15:37:29:838] info: Store: SET_FULL_SCREEN
[11/29/18, 15:38:14:001] info: Store: SET_FULL_SCREEN
[11/29/18, 15:38:15:286] info: Store: SET_FULL_SCREEN
[11/29/18, 15:38:16:172] info: Store: SET_FULL_SCREEN
[11/29/18, 15:38:19:650] info: Store: SET_FULL_SCREEN
[11/29/18, 15:39:42:218] info: Store: SET_FULL_SCREEN
[11/29/18, 15:39:44:616] info: Store: SET_FULL_SCREEN
[11/29/18, 15:39:45:018] info: Store: SET_FULL_SCREEN
[11/29/18, 15:40:19:875] info: Store: SET_FULL_SCREEN
[11/29/18, 15:40:21:554] info: Store: SET_FULL_SCREEN
[11/29/18, 15:40:22:715] info: Store: SET_FULL_SCREEN
[11/29/18, 15:41:46:253] info: Store: SET_FULL_SCREEN
[11/29/18, 15:42:27:051] info: Store: SET_FULL_SCREEN
[11/29/18, 15:44:16:676] info: Store: SET_FULL_SCREEN
[11/29/18, 15:44:56:667] info: Store: SET_FULL_SCREEN
[11/29/18, 15:44:57:433] info: Store: SET_FULL_SCREEN
[11/29/18, 15:45:17:585] info: Store: SET_FULL_SCREEN
[11/29/18, 15:46:33:856] info: Store: SET_FULL_SCREEN
[11/29/18, 15:47:07:980] info: Store: SET_FULL_SCREEN
[11/29/18, 15:47:35:150] info: Store: SET_FULL_SCREEN
[11/29/18, 15:47:45:975] info: Store: SET_FULL_SCREEN
[11/29/18, 15:47:49:818] info: Store: SET_FULL_SCREEN
[11/29/18, 15:47:50:951] info: Store: SET_FULL_SCREEN
[11/29/18, 15:48:03:752] info: Store: SET_FULL_SCREEN
[11/29/18, 15:48:04:710] info: Store: SET_FULL_SCREEN
[11/29/18, 15:48:06:067] info: Store: SET_FULL_SCREEN
[11/29/18, 15:48:09:091] info: Store: SET_FULL_SCREEN
[11/29/18, 15:48:11:482] info: Store: SET_FULL_SCREEN
[11/29/18, 15:48:32:159] info: Store: SET_FULL_SCREEN
[11/29/18, 15:50:30:143] info: Store: SET_FULL_SCREEN
[11/29/18, 15:50:45:796] info: Store: SET_FULL_SCREEN
[11/29/18, 15:50:48:575] info: Store: SET_FULL_SCREEN
[11/29/18, 15:50:49:288] info: Store: SET_FULL_SCREEN
[11/29/18, 15:52:05:975] info: Store: SET_FULL_SCREEN
[11/29/18, 15:52:38:726] info: Store: SET_FULL_SCREEN
[11/29/18, 15:52:42:033] info: Store: SET_FULL_SCREEN
[11/29/18, 15:52:51:081] info: Store: SET_FULL_SCREEN
[11/29/18, 15:52:51:467] info: Store: SET_FULL_SCREEN
[11/29/18, 15:53:01:163] info: Store: SET_FULL_SCREEN
[11/29/18, 15:53:10:609] info: Store: SET_FULL_SCREEN
[11/29/18, 15:53:41:443] info: Store: SET_FULL_SCREEN
[11/29/18, 15:53:43:843] info: Store: SET_FULL_SCREEN
[11/29/18, 15:54:21:598] info: Store: SET_FULL_SCREEN
[11/29/18, 15:54:25:020] info: Store: SET_FULL_SCREEN
[11/29/18, 15:54:41:001] info: Store: SET_FULL_SCREEN
[11/29/18, 15:55:06:979] info: Store: SET_FULL_SCREEN
[11/29/18, 15:57:59:468] info: Store: SET_FULL_SCREEN
[11/29/18, 15:58:19:531] info: Store: SET_FULL_SCREEN
[11/29/18, 16:20:20:190] info: Store: SET_FULL_SCREEN
[11/29/18, 16:20:45:006] info: Store: SET_FULL_SCREEN
[11/29/18, 16:20:47:434] info: Store: SET_FULL_SCREEN
[11/29/18, 16:20:48:775] info: Store: SET_FULL_SCREEN
[11/29/18, 16:20:54:526] info: Store: SET_FULL_SCREEN
[11/29/18, 16:21:01:988] info: Store: SET_FULL_SCREEN
[11/29/18, 16:21:50:431] info: Store: SET_FULL_SCREEN
[11/29/18, 16:22:06:980] info: Store: SET_FULL_SCREEN
[11/29/18, 16:23:22:424] info: Store: SET_FULL_SCREEN
[11/29/18, 16:23:25:805] info: Store: SET_FULL_SCREEN
[11/29/18, 16:23:36:717] info: Store: SET_FULL_SCREEN
[11/29/18, 16:23:39:401] info: Store: SET_FULL_SCREEN
[11/29/18, 16:24:14:818] info: Store: SET_FULL_SCREEN
[11/29/18, 16:24:45:291] info: Store: SET_FULL_SCREEN
[11/29/18, 16:24:48:114] info: Store: SET_FULL_SCREEN
[11/29/18, 16:24:49:634] info: Restoring spellchecker
[11/29/18, 16:24:49:636] info: Loading dictionary for language en-GB
[11/29/18, 16:24:49:655] info: Returning local copy: /home/bikeboi/.config/Slack/dictionaries/en-GB.bdic
[11/29/18, 16:24:49:665] info: Unloading spellchecker
[11/29/18, 16:24:49:669] info: Restoring spellchecker
[11/29/18, 16:24:49:669] info: Loading dictionary for language en-GB
[11/29/18, 16:24:49:669] info: Returning local copy: /home/bikeboi/.config/Slack/dictionaries/en-GB.bdic
[11/29/18, 16:24:49:674] info: Store: SET_FULL_SCREEN
[11/29/18, 16:24:49:788] info: Setting current spellchecker to en-GB, requested language was en-GB
[11/29/18, 16:24:49:788] info: Creating node-spellchecker instance
[11/29/18, 16:24:49:845] info: Setting current spellchecker to en-GB, requested language was en-GB
[11/29/18, 16:24:50:366] info: Store: SAVE_WINDOW_SETTINGS
{
  "isMaximized": true,
  "position": [
    171,
    0
  ],
  "size": [
    1024,
    768
  ]
}
[11/29/18, 16:24:51:732] info: Unloading spellchecker
[11/29/18, 16:24:51:732] info: Store: UPDATE_SETTINGS
{
  "hasRunFromTray": true
}
[11/29/18, 16:24:51:733] info: Store: SHOW_TRAY_BALLOON
{
  "content": "Slack’s set to stay running in the notification area. To change this, visit Preferences > Linux App.",
  "title": "Why didn’t Slack quit?"
}
[11/29/18, 16:24:52:913] info: Store: SAVE_WINDOW_SETTINGS
{
  "isMaximized": false,
  "position": [
    0,
    29
  ],
  "size": [
    1366,
    739
  ]
}
[11/29/18, 17:45:36:143] info: Store: SET_SUSPEND_STATUS
[11/29/18, 17:45:36:151] error: Nov-29 17:45:36.151 SOCKET-MANAGER (TEBDL7HDF) Closing socket because #4102: client is going to sleep
[11/30/18, 09:31:37:325] info: Store: SET_SUSPEND_STATUS true
[11/30/18, 09:31:37:402] error: Nov-30 09:31:37.401 SOCKET-MANAGER (TEBDL7HDF) Socket was closed because #1006: generic error
[11/30/18, 09:31:37:480] info: Store: SET_NETWORK_STATUS offline
[11/30/18, 09:31:50:451] info: Store: SET_NETWORK_STATUS online
[11/30/18, 09:32:17:644] info: Store: UPDATE_TEAM_LOCALE
{
  "locale": "en-US",
  "teamId": "TEBDL7HDF"
}
