[11/26/18, 15:53:11:418] info: ╔═══════════════════════════════════════════════════════════════════════════════════╗
[11/26/18, 15:53:11:419] info: ║      Slack 3.3.3, linux 4.19.2-arch1-1-ARCH on x64 at 11/26/18, 15:53:11:415      ║
[11/26/18, 15:53:11:419] info: ╚═══════════════════════════════════════════════════════════════════════════════════╝
[11/26/18, 15:53:11:578] info: Initializing local storage instance at path: /home/bikeboi/.config/Slack/local-settings.json
[11/26/18, 15:53:11:747] info: NetworkStatus: Waiting for network online…
[11/26/18, 15:53:11:942] info: Store: BACKGROUND_CLIENTS_INITIALIZED
[11/26/18, 15:53:11:945] info: Store: BACKGROUND_CLIENTS_INITIALIZED true
[11/26/18, 15:53:12:691] info: NetworkStatus: Response from api.test
{
  "status": "online"
}
[11/26/18, 15:53:13:115] info: Store: SET_NETWORK_STATUS online
[11/26/18, 15:53:13:123] info: Store: MAIN_WINDOW_SHOWN
[11/26/18, 15:53:13:183] info: Store: ADD_WINDOW
{
  "id": 3,
  "type": "sign-in"
}
[11/26/18, 16:00:08:824] info: Store: SIGN_IN_COMPLETE
[11/26/18, 16:00:09:446] info: Store: SIGN_IN_CANCELED
[11/26/18, 16:00:09:447] info: Store: REMOVE_WINDOW 3
[11/26/18, 16:00:09:453] info: Store: ADD_NEW_TEAM
{
  "id": "UEBBHJPB2",
  "name": "[REDACTED]",
  "team_id": "TEBDL7HDF",
  "team_name": "[REDACTED]",
  "team_url": "[REDACTED]"
}
[11/26/18, 16:00:09:458] info: Store: UPSERT_WEB_CONTENTS
{
  "id": 4,
  "state": "unloaded",
  "teamId": "TEBDL7HDF"
}
[11/26/18, 16:00:09:546] info: Store: SET_FULL_SCREEN
[11/26/18, 16:00:09:547] info: Store: SET_FULL_SCREEN
[11/26/18, 16:00:09:547] info: Store: SET_FULL_SCREEN
[11/26/18, 16:00:09:548] info: Store: SET_FULL_SCREEN
[11/26/18, 16:00:09:549] info: Store: SET_FULL_SCREEN
[11/26/18, 16:00:09:549] info: Store: SET_FULL_SCREEN
[11/26/18, 16:00:10:487] info: Store: SAVE_WINDOW_SETTINGS
{
  "isMaximized": false,
  "position": [
    283,
    29
  ],
  "size": [
    1024,
    739
  ]
}
[11/26/18, 16:00:13:988] info: Store: UPSERT_WEB_CONTENTS
{
  "id": 4,
  "state": "loaded",
  "teamId": "TEBDL7HDF"
}
[11/26/18, 16:00:14:236] info: Store: UPDATE_SESSION_STATUS
{
  "hasValidSession": true,
  "teamId": "TEBDL7HDF"
}
[11/26/18, 16:00:15:111] info: Store: SELECT_CHANNEL CEBSDAMK6
[11/26/18, 16:00:15:113] info: Store: UPDATE_TEAM_LOCALE
{
  "locale": "en-US",
  "teamId": "TEBDL7HDF"
}
[11/26/18, 16:00:15:173] info: Store: UPDATE_SETTINGS
{
  "locale": "en-US"
}
[11/26/18, 16:00:15:174] info: Store: UPDATE_TEAM_THEME
{
  "teamId": "TEBDL7HDF",
  "theme": {
    "active_item": "#4C9689",
    "active_item_text": "#FFFFFF",
    "active_presence": "#38978D",
    "badge": "#EB4D5C",
    "column_bg": "#4D394B",
    "hover_item": "#3E313C",
    "menu_bg": "#3E313C",
    "text_color": "#FFFFFF"
  }
}
[11/26/18, 16:00:15:423] info: Store: SELECT_CHANNEL DEBU86SAY
[11/26/18, 16:00:15:465] info: Store: UPSERT_WEB_CONTENTS
{
  "id": 4,
  "state": "webapp-loaded",
  "teamId": "TEBDL7HDF"
}
[11/26/18, 16:00:15:469] info: Store: UPDATE_SETTINGS
{
  "sandboxSigninWindow": true
}
[11/26/18, 16:00:15:644] info: Store: STORE_ENTERPRISE_ID_PAIR
{
  "enterpriseId": null,
  "teamId": "TEBDL7HDF"
}
[11/26/18, 16:00:15:646] info: Store: STORE_API_TOKEN
{
  "teamId": "TEBDL7HDF",
  "token": "xoxs-⋯"
}
[11/26/18, 16:00:16:608] info: Store: SET_SUSPEND_STATUS
[11/26/18, 16:03:06:334] info: Store: SET_SUSPEND_STATUS true
[11/26/18, 16:03:36:268] info: Store: SET_NETWORK_STATUS offline
[11/26/18, 16:03:36:650] info: NetworkStatus: Waiting for network online…
[11/26/18, 16:03:36:707] info: NetworkStatus: Network check failed
{
  "error": {
    "message": "Failed to fetch",
    "stack": "TypeError: Failed to fetch"
  }
}
[11/26/18, 16:03:36:708] info: NetworkStatus: Response from api.test
{
  "status": "offline"
}
[11/26/18, 16:03:41:665] info: NetworkStatus: Network check failed
{
  "error": {
    "message": "Failed to fetch",
    "stack": "TypeError: Failed to fetch"
  }
}
[11/26/18, 16:03:41:666] info: NetworkStatus: Response from api.test
{
  "status": "offline"
}
[11/26/18, 16:03:46:800] info: NetworkStatus: Response from api.test
{
  "status": "online"
}
[11/26/18, 16:03:47:206] info: Store: SET_NETWORK_STATUS online
[11/26/18, 16:03:47:212] warn: Base Component: Attempting to update LoadingScreen when unmounted.
[11/26/18, 16:04:02:736] info: Store: SET_NETWORK_STATUS offline
[11/26/18, 16:04:03:174] info: NetworkStatus: Waiting for network online…
[11/26/18, 16:04:03:268] info: NetworkStatus: Network check failed
{
  "error": {
    "message": "Failed to fetch",
    "stack": "TypeError: Failed to fetch"
  }
}
[11/26/18, 16:04:03:269] info: NetworkStatus: Response from api.test
{
  "status": "offline"
}
[11/26/18, 16:04:08:201] info: NetworkStatus: Network check failed
{
  "error": {
    "message": "Failed to fetch",
    "stack": "TypeError: Failed to fetch"
  }
}
[11/26/18, 16:04:08:202] info: NetworkStatus: Response from api.test
{
  "status": "offline"
}
[11/26/18, 16:04:13:314] info: NetworkStatus: Response from api.test
{
  "status": "online"
}
[11/26/18, 16:04:13:720] info: Store: SET_NETWORK_STATUS online
[11/26/18, 16:04:13:723] warn: Base Component: Attempting to update LoadingScreen when unmounted.
[11/26/18, 16:05:26:078] info: Store: SET_NETWORK_STATUS offline
[11/26/18, 16:05:26:190] info: NetworkStatus: Waiting for network online…
[11/26/18, 16:05:26:212] info: NetworkStatus: Network check failed
{
  "error": {
    "message": "Failed to fetch",
    "stack": "TypeError: Failed to fetch"
  }
}
[11/26/18, 16:05:26:212] info: NetworkStatus: Response from api.test
{
  "status": "offline"
}
[11/26/18, 16:05:31:198] info: NetworkStatus: Network check failed
{
  "error": {
    "message": "Failed to fetch",
    "stack": "TypeError: Failed to fetch"
  }
}
[11/26/18, 16:05:31:199] info: NetworkStatus: Response from api.test
{
  "status": "offline"
}
[11/26/18, 16:05:36:336] info: NetworkStatus: Response from api.test
{
  "status": "online"
}
[11/26/18, 16:05:36:741] info: Store: SET_NETWORK_STATUS online
[11/26/18, 16:05:36:744] warn: Base Component: Attempting to update LoadingScreen when unmounted.
[11/26/18, 16:10:26:176] info: Store: SELECT_CHANNEL DEC9P4YFP
[11/26/18, 16:10:33:810] info: Store: SELECT_CHANNEL CEB9NMHQQ
[11/26/18, 16:10:34:850] info: Store: SELECT_CHANNEL CEBSDAMK6
[11/26/18, 16:10:39:941] info: Store: SAVE_WINDOW_SETTINGS
{
  "isMaximized": true,
  "position": [
    171,
    0
  ],
  "size": [
    1024,
    768
  ]
}
[11/26/18, 16:10:40:269] info: Store: SET_FULL_SCREEN
[11/26/18, 16:10:41:495] info: Store: SET_FULL_SCREEN
[11/26/18, 16:10:42:670] info: Store: SET_FULL_SCREEN
[11/26/18, 16:10:45:132] info: Store: SET_FULL_SCREEN
[11/26/18, 16:10:46:208] info: Store: SET_FULL_SCREEN
[11/26/18, 16:10:47:276] info: Store: SET_FULL_SCREEN
[11/26/18, 16:12:46:627] info: Store: SET_FULL_SCREEN
[11/26/18, 16:12:47:567] info: Store: SET_FULL_SCREEN
[11/26/18, 16:12:50:867] info: Store: SET_FULL_SCREEN
[11/26/18, 16:12:51:166] info: Store: SET_FULL_SCREEN
[11/26/18, 16:12:59:212] info: Store: SET_FULL_SCREEN
[11/26/18, 16:12:59:527] info: Store: SET_FULL_SCREEN
[11/26/18, 16:12:59:759] info: Store: SET_FULL_SCREEN
[11/26/18, 16:13:35:645] info: Store: SELECT_CHANNEL CECA60SMB
[11/26/18, 16:14:15:974] info: Store: MAIN_WINDOW_FOCUSED
[11/26/18, 16:14:52:412] info: Store: SELECT_CHANNEL CEBSDAMK6
[11/26/18, 16:14:53:493] info: Store: SELECT_CHANNEL CECA60SMB
[11/26/18, 16:15:02:035] info: Store: SET_FULL_SCREEN
[11/26/18, 16:15:03:346] info: Store: SET_FULL_SCREEN
[11/26/18, 16:15:03:652] info: Store: SET_FULL_SCREEN
[11/26/18, 16:15:07:345] info: Store: SET_FULL_SCREEN
[11/26/18, 16:15:41:134] info: Store: MAIN_WINDOW_FOCUSED
[11/26/18, 16:16:12:210] info: Store: SET_FULL_SCREEN
[11/26/18, 16:16:13:016] info: Store: SET_FULL_SCREEN
[11/26/18, 16:16:34:558] info: Store: SET_FULL_SCREEN
[11/26/18, 16:16:34:779] info: Store: SET_FULL_SCREEN
[11/26/18, 16:16:35:287] info: Store: SET_FULL_SCREEN
[11/26/18, 16:16:37:397] info: Store: SET_FULL_SCREEN
[11/26/18, 16:20:34:707] info: NetworkStatus: Waiting for network online…
[11/26/18, 16:20:34:720] info: NetworkStatus: Network check failed
{
  "error": {
    "message": "Failed to fetch",
    "stack": "TypeError: Failed to fetch"
  }
}
[11/26/18, 16:20:34:720] info: NetworkStatus: Response from api.test
{
  "status": "offline"
}
[11/26/18, 16:20:35:123] info: Store: SET_NETWORK_STATUS offline
[11/26/18, 16:20:39:712] info: NetworkStatus: Network check failed
{
  "error": {
    "message": "Failed to fetch",
    "stack": "TypeError: Failed to fetch"
  }
}
[11/26/18, 16:20:39:712] info: NetworkStatus: Response from api.test
{
  "status": "offline"
}
[11/26/18, 16:20:44:850] info: NetworkStatus: Response from api.test
{
  "status": "online"
}
[11/26/18, 16:20:45:259] info: Store: SET_NETWORK_STATUS online
[11/26/18, 16:20:45:262] warn: Base Component: Attempting to update LoadingScreen when unmounted.
[11/26/18, 16:29:53:617] info: Store: SET_FULL_SCREEN
[11/26/18, 16:32:51:165] info: Store: SET_FULL_SCREEN
[11/26/18, 16:33:04:227] info: Store: SET_FULL_SCREEN
[11/26/18, 16:34:04:871] info: Store: SET_FULL_SCREEN
[11/26/18, 16:34:11:459] info: Store: SET_FULL_SCREEN
[11/26/18, 16:34:12:225] info: Store: SET_FULL_SCREEN
[11/26/18, 16:34:14:389] info: Store: SET_FULL_SCREEN
[11/26/18, 16:34:26:131] info: Store: SET_FULL_SCREEN
[11/26/18, 16:34:32:545] info: NetworkStatus: Waiting for network online…
[11/26/18, 16:34:32:549] info: NetworkStatus: Network check failed
{
  "error": {
    "message": "Failed to fetch",
    "stack": "TypeError: Failed to fetch"
  }
}
[11/26/18, 16:34:32:550] info: NetworkStatus: Response from api.test
{
  "status": "offline"
}
[11/26/18, 16:34:32:953] info: Store: SET_NETWORK_STATUS offline
[11/26/18, 16:34:37:555] info: NetworkStatus: Network check failed
{
  "error": {
    "message": "Failed to fetch",
    "stack": "TypeError: Failed to fetch"
  }
}
[11/26/18, 16:34:37:556] info: NetworkStatus: Response from api.test
{
  "status": "offline"
}
[11/26/18, 16:34:42:957] info: NetworkStatus: Response from api.test
{
  "status": "online"
}
[11/26/18, 16:34:43:363] info: Store: SET_NETWORK_STATUS online
[11/26/18, 16:34:43:367] warn: Base Component: Attempting to update LoadingScreen when unmounted.
[11/26/18, 16:36:27:915] info: Store: SET_FULL_SCREEN
[11/26/18, 16:36:29:891] info: Store: SET_FULL_SCREEN
[11/26/18, 16:36:30:536] info: Store: SET_FULL_SCREEN
[11/26/18, 16:36:32:257] info: Store: SET_FULL_SCREEN
[11/26/18, 16:36:35:089] info: Store: SET_FULL_SCREEN
[11/26/18, 16:36:39:913] info: Store: SET_FULL_SCREEN
[11/26/18, 16:36:51:075] info: Store: SET_FULL_SCREEN
[11/26/18, 16:36:52:702] info: Store: SET_FULL_SCREEN
[11/26/18, 16:36:58:748] info: Store: SET_FULL_SCREEN
[11/26/18, 16:38:24:272] info: Store: SET_FULL_SCREEN
[11/26/18, 16:38:25:928] info: Store: SET_FULL_SCREEN
[11/26/18, 16:38:37:204] info: Store: SET_FULL_SCREEN
[11/26/18, 16:38:43:656] info: Store: SET_FULL_SCREEN
[11/26/18, 16:38:44:147] info: Store: SET_FULL_SCREEN
[11/26/18, 16:41:31:248] info: Store: SET_FULL_SCREEN
[11/26/18, 16:44:50:160] info: Store: SET_FULL_SCREEN
[11/26/18, 16:45:29:351] info: Store: SET_FULL_SCREEN
[11/26/18, 16:46:46:623] info: Store: SET_FULL_SCREEN
[11/26/18, 16:47:24:588] info: Store: SET_FULL_SCREEN
[11/26/18, 16:47:24:905] info: Store: SET_FULL_SCREEN
[11/26/18, 16:47:25:831] info: Store: SET_FULL_SCREEN
[11/26/18, 16:50:33:963] info: Store: SET_FULL_SCREEN
[11/26/18, 16:50:54:603] info: Store: SET_FULL_SCREEN
[11/26/18, 16:54:41:292] info: Store: SET_FULL_SCREEN
[11/26/18, 16:54:56:034] info: Store: SET_FULL_SCREEN
[11/26/18, 16:54:59:783] info: Store: SET_FULL_SCREEN
[11/26/18, 16:55:01:180] info: Store: SET_FULL_SCREEN
[11/26/18, 16:55:42:539] info: Store: SET_FULL_SCREEN
[11/26/18, 16:56:19:909] info: Store: SET_FULL_SCREEN
[11/26/18, 16:56:30:766] info: Store: SET_FULL_SCREEN
[11/26/18, 16:56:32:139] info: Store: SET_FULL_SCREEN
[11/26/18, 16:56:37:070] info: Store: SET_FULL_SCREEN
[11/26/18, 16:57:01:132] info: Store: SET_FULL_SCREEN
[11/26/18, 16:57:12:708] info: Store: SET_FULL_SCREEN
[11/26/18, 16:57:14:707] info: Store: SET_FULL_SCREEN
[11/26/18, 16:57:16:088] info: Store: SET_FULL_SCREEN
[11/26/18, 16:57:17:033] info: Store: SET_FULL_SCREEN
[11/26/18, 16:57:17:759] info: Store: SET_FULL_SCREEN
[11/26/18, 16:57:18:906] info: Store: SET_FULL_SCREEN
[11/26/18, 16:57:24:196] info: Store: SET_FULL_SCREEN
[11/26/18, 16:57:28:757] info: Store: SET_FULL_SCREEN
[11/26/18, 16:57:30:907] info: Store: SET_FULL_SCREEN
[11/26/18, 16:57:36:237] info: Store: SET_FULL_SCREEN
[11/26/18, 16:57:48:663] info: Store: SET_FULL_SCREEN
[11/26/18, 16:57:49:792] info: Store: SET_FULL_SCREEN
[11/26/18, 16:57:52:281] info: Store: SET_FULL_SCREEN
[11/26/18, 16:57:54:965] info: Store: SET_FULL_SCREEN
[11/26/18, 16:58:16:416] info: Store: SET_FULL_SCREEN
[11/26/18, 16:58:18:532] info: Store: SET_FULL_SCREEN
[11/26/18, 16:58:29:075] info: Store: SET_FULL_SCREEN
[11/26/18, 16:59:07:695] info: Store: SET_FULL_SCREEN
[11/26/18, 16:59:09:328] info: Store: SET_FULL_SCREEN
[11/26/18, 16:59:11:065] info: Store: SET_FULL_SCREEN
[11/26/18, 16:59:54:791] info: Store: SET_FULL_SCREEN
[11/26/18, 16:59:58:674] info: Store: SET_FULL_SCREEN
[11/26/18, 17:00:01:248] info: Store: SET_FULL_SCREEN
[11/26/18, 17:00:55:176] info: Store: SET_FULL_SCREEN
[11/26/18, 17:01:25:725] info: Store: SET_FULL_SCREEN
[11/26/18, 17:05:34:918] info: Store: SET_FULL_SCREEN
[11/26/18, 17:06:58:628] info: Store: SET_FULL_SCREEN
[11/26/18, 17:07:00:268] info: Store: SET_FULL_SCREEN
[11/26/18, 17:15:27:635] info: Store: SET_FULL_SCREEN
[11/26/18, 17:15:37:666] info: Store: SET_FULL_SCREEN
[11/26/18, 17:16:08:111] info: Store: SET_FULL_SCREEN
[11/26/18, 17:18:33:474] info: Store: SET_FULL_SCREEN
[11/26/18, 17:19:06:208] info: Store: SET_FULL_SCREEN
[11/26/18, 17:19:13:973] info: Store: SET_FULL_SCREEN
[11/26/18, 17:21:21:399] info: Store: SET_FULL_SCREEN
[11/26/18, 17:21:22:379] info: Store: SET_FULL_SCREEN
[11/26/18, 17:22:27:445] info: Store: SET_FULL_SCREEN
[11/26/18, 17:22:27:628] info: Store: SET_FULL_SCREEN
[11/26/18, 17:22:33:139] info: Store: SET_FULL_SCREEN
[11/26/18, 17:22:38:590] info: Store: SET_FULL_SCREEN
[11/26/18, 17:22:42:576] info: Store: SET_FULL_SCREEN
[11/26/18, 17:26:04:352] info: Store: SET_FULL_SCREEN
[11/26/18, 17:26:09:343] info: Store: SET_FULL_SCREEN
[11/26/18, 17:28:01:857] info: Store: SET_FULL_SCREEN
[11/26/18, 17:28:20:204] info: Store: SET_FULL_SCREEN
[11/26/18, 17:39:59:533] info: NetworkStatus: Waiting for network online…
[11/26/18, 17:40:00:426] info: Store: SET_NETWORK_STATUS offline
[11/26/18, 17:40:00:430] info: NetworkStatus: Network check failed
{
  "error": {
    "message": "Failed to fetch",
    "stack": "TypeError: Failed to fetch"
  }
}
[11/26/18, 17:40:00:431] info: NetworkStatus: Response from api.test
{
  "status": "offline"
}
[11/26/18, 17:40:06:556] info: NetworkStatus: Response from api.test
{
  "status": "online"
}
[11/26/18, 17:40:07:423] info: Store: SET_NETWORK_STATUS online
[11/26/18, 17:40:07:424] warn: Base Component: Attempting to update LoadingScreen when unmounted.
[11/26/18, 17:45:11:912] info: NetworkStatus: Waiting for network online…
[11/26/18, 17:45:12:425] info: Store: SET_NETWORK_STATUS offline
[11/26/18, 17:45:12:429] info: NetworkStatus: Network check failed
{
  "error": {
    "message": "Failed to fetch",
    "stack": "TypeError: Failed to fetch"
  }
}
[11/26/18, 17:45:12:429] info: NetworkStatus: Response from api.test
{
  "status": "offline"
}
[11/26/18, 17:45:18:562] info: NetworkStatus: Response from api.test
{
  "status": "online"
}
[11/26/18, 17:45:19:422] info: Store: SET_NETWORK_STATUS online
[11/26/18, 17:45:19:424] warn: Base Component: Attempting to update LoadingScreen when unmounted.
[11/26/18, 17:49:13:099] info: Store: SET_FULL_SCREEN
[11/26/18, 17:49:30:064] info: Store: SET_FULL_SCREEN
[11/26/18, 17:50:13:652] info: NetworkStatus: Waiting for network online…
[11/26/18, 17:50:14:428] info: Store: SET_NETWORK_STATUS offline
[11/26/18, 17:50:14:434] info: NetworkStatus: Network check failed
{
  "error": {
    "message": "Failed to fetch",
    "stack": "TypeError: Failed to fetch"
  }
}
[11/26/18, 17:50:14:434] info: NetworkStatus: Response from api.test
{
  "status": "offline"
}
[11/26/18, 17:50:20:783] info: NetworkStatus: Response from api.test
{
  "status": "online"
}
[11/26/18, 17:50:21:421] info: Store: SET_NETWORK_STATUS online
[11/26/18, 17:50:21:422] warn: Base Component: Attempting to update LoadingScreen when unmounted.
[11/26/18, 17:50:49:857] info: Store: SET_FULL_SCREEN
[11/26/18, 17:51:37:453] info: Store: SET_FULL_SCREEN
[11/26/18, 17:51:38:062] info: Store: SET_FULL_SCREEN
[11/26/18, 17:51:46:102] info: Store: SET_FULL_SCREEN
[11/26/18, 17:52:32:458] info: Store: SET_FULL_SCREEN
[11/26/18, 17:52:33:648] info: Store: SET_FULL_SCREEN
[11/26/18, 17:52:38:387] info: Store: SET_FULL_SCREEN
[11/26/18, 17:52:39:501] info: Store: SET_FULL_SCREEN
[11/26/18, 17:54:27:379] info: Store: SET_FULL_SCREEN
[11/26/18, 17:54:27:841] info: Store: SET_FULL_SCREEN
[11/26/18, 17:54:31:551] info: Store: SET_FULL_SCREEN
[11/26/18, 17:54:32:354] info: Store: SET_FULL_SCREEN
[11/26/18, 17:54:40:952] info: Store: SET_FULL_SCREEN
[11/26/18, 17:54:46:136] info: Store: SET_FULL_SCREEN
[11/26/18, 17:58:01:494] info: Store: SET_FULL_SCREEN
[11/26/18, 17:58:05:603] info: Store: SET_FULL_SCREEN
[11/26/18, 17:58:26:001] info: Store: SET_FULL_SCREEN
[11/26/18, 17:58:28:779] info: Store: SET_FULL_SCREEN
[11/26/18, 17:58:31:701] info: Store: SET_FULL_SCREEN
[11/26/18, 17:58:36:684] info: Store: SET_FULL_SCREEN
[11/26/18, 17:58:40:766] info: Store: SET_FULL_SCREEN
[11/26/18, 17:58:44:391] info: Store: SET_FULL_SCREEN
[11/26/18, 17:58:45:166] info: Store: SET_FULL_SCREEN
[11/26/18, 17:58:49:490] info: Store: SET_FULL_SCREEN
[11/26/18, 17:58:50:577] info: Store: SET_FULL_SCREEN
[11/26/18, 17:59:03:564] info: Store: SET_FULL_SCREEN
[11/26/18, 17:59:05:931] info: Store: SET_FULL_SCREEN
[11/26/18, 18:03:19:597] info: Store: SET_FULL_SCREEN
[11/26/18, 18:03:23:901] info: Store: SET_FULL_SCREEN
[11/26/18, 18:03:35:419] info: Store: SET_FULL_SCREEN
[11/26/18, 18:03:41:862] info: Store: SET_FULL_SCREEN
[11/26/18, 18:04:17:840] info: Store: SET_FULL_SCREEN
[11/26/18, 18:04:20:702] info: Store: SET_FULL_SCREEN
[11/26/18, 18:04:51:002] info: Store: SET_FULL_SCREEN
[11/26/18, 18:04:58:726] info: Store: SET_FULL_SCREEN
[11/26/18, 18:05:10:738] info: Store: SET_FULL_SCREEN
[11/26/18, 18:06:01:135] info: Store: SET_FULL_SCREEN
[11/26/18, 18:06:04:406] info: Store: SET_FULL_SCREEN
[11/26/18, 18:06:38:412] info: Store: SET_FULL_SCREEN
[11/26/18, 18:06:43:073] info: Store: SET_FULL_SCREEN
[11/26/18, 18:06:47:579] info: Store: SET_FULL_SCREEN
[11/26/18, 18:07:03:242] info: Store: SET_FULL_SCREEN
[11/26/18, 18:07:04:560] info: Store: SET_FULL_SCREEN
[11/26/18, 18:07:19:381] info: Store: SET_FULL_SCREEN
[11/26/18, 18:07:31:869] info: Store: SET_FULL_SCREEN
[11/26/18, 18:08:41:108] info: Store: SET_FULL_SCREEN
[11/26/18, 18:09:42:403] info: Store: SET_FULL_SCREEN
[11/26/18, 18:10:02:225] info: Store: SET_FULL_SCREEN
[11/26/18, 18:10:05:308] info: Store: SET_FULL_SCREEN
[11/26/18, 18:11:30:703] info: Store: SET_FULL_SCREEN
[11/26/18, 18:14:08:911] info: Store: SET_FULL_SCREEN
[11/26/18, 18:14:48:897] info: Store: SET_FULL_SCREEN
[11/26/18, 18:17:26:348] info: Store: SET_FULL_SCREEN
[11/26/18, 18:21:22:289] info: Store: SET_SUSPEND_STATUS
[11/26/18, 18:55:11:116] info: Store: SET_SUSPEND_STATUS true
[11/26/18, 18:55:11:692] info: Store: SET_NETWORK_STATUS offline
[11/26/18, 19:05:17:159] info: Store: SET_SUSPEND_STATUS
[11/26/18, 19:16:18:098] info: Store: SET_SUSPEND_STATUS true
[11/26/18, 19:22:06:167] info: NetworkStatus: Waiting for network online…
[11/26/18, 19:22:06:946] info: NetworkStatus: Response from api.test
{
  "status": "online"
}
[11/26/18, 19:22:07:754] info: Store: SET_NETWORK_STATUS online
[11/26/18, 19:22:07:755] warn: Base Component: Attempting to update LoadingScreen when unmounted.
[11/26/18, 19:22:09:766] info: Store: UPDATE_TEAM_LOCALE
{
  "locale": "en-US",
  "teamId": "TEBDL7HDF"
}
[11/26/18, 19:32:01:214] info: Store: SET_SUSPEND_STATUS
[11/26/18, 20:37:51:149] info: Store: SET_SUSPEND_STATUS true
[11/26/18, 20:37:51:439] info: Store: SET_NETWORK_STATUS offline
[11/26/18, 20:37:57:878] info: NetworkStatus: Waiting for network online…
[11/26/18, 20:37:58:615] info: NetworkStatus: Response from api.test
{
  "status": "online"
}
[11/26/18, 20:37:59:439] info: Store: SET_NETWORK_STATUS online
[11/26/18, 20:37:59:440] warn: Base Component: Attempting to update LoadingScreen when unmounted.
[11/26/18, 20:38:00:538] info: Store: UPDATE_TEAM_LOCALE
{
  "locale": "en-US",
  "teamId": "TEBDL7HDF"
}
[11/26/18, 20:38:08:307] info: Store: SET_FULL_SCREEN
[11/26/18, 20:38:33:765] info: Store: SET_FULL_SCREEN
[11/26/18, 22:18:24:255] info: Store: SET_FULL_SCREEN
[11/26/18, 22:18:27:198] info: Store: SET_FULL_SCREEN
[11/26/18, 22:18:28:911] info: Store: SET_FULL_SCREEN
[11/26/18, 22:18:29:143] info: Store: SET_FULL_SCREEN
[11/26/18, 22:18:36:125] info: Store: SET_FULL_SCREEN
[11/26/18, 22:18:42:152] info: Store: SET_FULL_SCREEN
[11/26/18, 22:18:54:112] info: Store: SET_FULL_SCREEN
[11/26/18, 22:18:56:494] info: Store: SET_FULL_SCREEN
[11/26/18, 22:19:08:603] info: Store: SET_FULL_SCREEN
[11/26/18, 22:19:11:851] info: Store: SET_FULL_SCREEN
[11/26/18, 22:21:26:618] info: Store: SET_FULL_SCREEN
[11/26/18, 22:21:27:966] info: Store: SET_FULL_SCREEN
[11/26/18, 22:22:09:822] info: Store: SET_FULL_SCREEN
[11/26/18, 22:22:10:521] info: Store: SET_FULL_SCREEN
[11/26/18, 22:22:11:528] info: Store: SET_FULL_SCREEN
[11/26/18, 22:22:26:123] info: Store: SET_FULL_SCREEN
[11/26/18, 22:22:26:715] info: Store: SET_FULL_SCREEN
[11/26/18, 22:22:31:390] info: Store: SET_FULL_SCREEN
[11/26/18, 22:51:02:188] info: Store: SET_SUSPEND_STATUS
[11/27/18, 13:15:35:338] info: Store: SET_SUSPEND_STATUS true
[11/27/18, 13:15:35:637] info: Store: SET_NETWORK_STATUS offline
[11/27/18, 13:15:42:848] info: NetworkStatus: Waiting for network online…
[11/27/18, 13:15:43:886] info: NetworkStatus: Response from api.test
{
  "status": "online"
}
[11/27/18, 13:15:44:650] info: Store: SET_NETWORK_STATUS online
[11/27/18, 13:15:44:654] warn: Base Component: Attempting to update LoadingScreen when unmounted.
[11/27/18, 13:15:48:141] info: Store: UPDATE_TEAM_LOCALE
{
  "locale": "en-US",
  "teamId": "TEBDL7HDF"
}
[11/27/18, 13:44:50:037] info: Store: SET_FULL_SCREEN
[11/27/18, 13:46:38:055] info: Store: SET_FULL_SCREEN
[11/27/18, 13:46:56:591] info: Store: SET_FULL_SCREEN
[11/27/18, 13:46:57:863] info: Store: SET_FULL_SCREEN
[11/27/18, 13:47:00:622] info: Store: SET_FULL_SCREEN
[11/27/18, 13:47:06:887] info: Store: SET_FULL_SCREEN
[11/27/18, 13:47:08:764] info: Store: SET_FULL_SCREEN
[11/27/18, 14:09:10:401] info: Store: SET_FULL_SCREEN
[11/27/18, 14:10:05:955] info: Store: SET_FULL_SCREEN
[11/27/18, 14:10:51:191] info: Store: SET_FULL_SCREEN
[11/27/18, 14:10:58:721] info: Store: SET_FULL_SCREEN
[11/27/18, 14:11:06:195] info: Store: SET_FULL_SCREEN
[11/27/18, 14:11:45:660] info: Store: SET_FULL_SCREEN
[11/27/18, 14:12:16:437] info: Store: SET_FULL_SCREEN
[11/27/18, 14:14:41:677] info: Store: SET_FULL_SCREEN
[11/27/18, 14:14:55:969] info: Store: SET_FULL_SCREEN
[11/27/18, 14:15:23:903] info: Store: SET_FULL_SCREEN
[11/27/18, 14:50:39:648] info: Store: SET_FULL_SCREEN
[11/27/18, 15:59:03:341] info: Store: SET_FULL_SCREEN
[11/27/18, 15:59:29:433] info: Store: SET_FULL_SCREEN
[11/27/18, 15:59:43:021] info: Store: SET_FULL_SCREEN
[11/27/18, 15:59:46:602] info: Store: SET_FULL_SCREEN
[11/27/18, 16:00:23:389] info: Store: SET_FULL_SCREEN
[11/27/18, 16:00:27:343] info: Store: SET_FULL_SCREEN
[11/27/18, 16:00:29:118] info: Store: SET_FULL_SCREEN
[11/27/18, 16:00:44:904] info: Store: SET_FULL_SCREEN
[11/27/18, 16:01:36:932] info: Store: SET_FULL_SCREEN
[11/27/18, 16:12:44:803] info: Store: SET_FULL_SCREEN
[11/27/18, 16:13:00:921] info: Store: SET_FULL_SCREEN
[11/27/18, 16:15:52:148] info: Store: SET_FULL_SCREEN
[11/27/18, 16:16:09:979] info: Store: SET_FULL_SCREEN
[11/27/18, 16:25:45:210] info: Store: SET_FULL_SCREEN
[11/27/18, 16:26:01:126] info: Store: SET_FULL_SCREEN
[11/27/18, 16:26:52:367] info: Store: SET_FULL_SCREEN
[11/27/18, 16:26:57:805] info: Store: SET_FULL_SCREEN
[11/27/18, 16:33:33:297] info: Store: SET_FULL_SCREEN
[11/27/18, 16:33:40:468] info: Store: SET_FULL_SCREEN
[11/27/18, 16:33:41:850] info: Store: SET_FULL_SCREEN
[11/27/18, 16:33:47:887] info: Store: SET_FULL_SCREEN
[11/27/18, 16:42:11:640] info: Store: SET_FULL_SCREEN
[11/27/18, 16:42:22:395] info: Store: SET_FULL_SCREEN
[11/27/18, 16:43:36:210] info: Store: SET_FULL_SCREEN
[11/27/18, 16:43:47:681] info: Store: SET_FULL_SCREEN
[11/27/18, 16:43:54:438] info: Store: SET_FULL_SCREEN
[11/27/18, 16:44:03:569] info: Store: SET_FULL_SCREEN
[11/27/18, 16:44:04:372] info: Store: SET_FULL_SCREEN
[11/27/18, 16:44:16:042] info: Store: SET_FULL_SCREEN
[11/27/18, 17:09:22:094] info: Store: SET_FULL_SCREEN
[11/27/18, 17:27:05:438] info: Store: SET_FULL_SCREEN
[11/27/18, 17:27:06:440] info: Store: SET_FULL_SCREEN
[11/27/18, 17:27:53:784] info: Store: SET_FULL_SCREEN
[11/27/18, 17:35:49:435] info: Store: SET_SUSPEND_STATUS
[11/27/18, 17:35:57:941] info: Store: SET_NETWORK_STATUS offline
[11/27/18, 17:35:58:062] info: Store: SET_SUSPEND_STATUS true
[11/27/18, 17:36:03:661] info: NetworkStatus: Waiting for network online…
[11/27/18, 17:36:04:136] info: NetworkStatus: Response from api.test
{
  "status": "online"
}
[11/27/18, 17:36:04:946] info: Store: SET_NETWORK_STATUS online
[11/27/18, 17:36:04:948] warn: Base Component: Attempting to update LoadingScreen when unmounted.
[11/27/18, 17:52:02:533] info: Store: SET_SUSPEND_STATUS
[11/27/18, 17:52:18:327] info: Store: SET_SUSPEND_STATUS true
[11/27/18, 17:52:19:147] info: Store: SET_NETWORK_STATUS offline
[11/27/18, 17:52:25:246] info: NetworkStatus: Waiting for network online…
[11/27/18, 17:52:26:347] info: NetworkStatus: Network check failed
{
  "error": {
    "message": "Failed to fetch",
    "stack": "TypeError: Failed to fetch"
  }
}
[11/27/18, 17:52:26:348] info: NetworkStatus: Response from api.test
{
  "status": "offline"
}
[11/27/18, 17:52:32:267] info: NetworkStatus: Response from api.test
{
  "status": "online"
}
[11/27/18, 17:52:33:143] info: Store: SET_NETWORK_STATUS online
[11/27/18, 17:52:33:146] warn: Base Component: Attempting to update LoadingScreen when unmounted.
[11/27/18, 18:52:09:060] info: Store: SET_FULL_SCREEN
[11/27/18, 18:52:09:751] info: Store: SET_FULL_SCREEN
[11/27/18, 18:52:10:229] info: Store: SET_FULL_SCREEN
[11/27/18, 18:52:11:834] info: Store: SET_FULL_SCREEN
[11/27/18, 18:52:12:864] info: Store: SET_FULL_SCREEN
[11/27/18, 18:52:13:120] info: Store: SET_FULL_SCREEN
[11/27/18, 18:52:13:961] info: Store: SET_FULL_SCREEN
[11/27/18, 18:53:10:990] info: Store: SET_FULL_SCREEN
[11/27/18, 20:14:37:580] info: Store: SET_SUSPEND_STATUS
[11/29/18, 09:23:04:150] info: Store: SET_SUSPEND_STATUS true
[11/29/18, 09:23:04:494] info: Store: SET_NETWORK_STATUS offline
[11/29/18, 09:23:10:499] info: NetworkStatus: Waiting for network online…
[11/29/18, 09:23:11:673] info: NetworkStatus: Response from api.test
{
  "status": "online"
}
[11/29/18, 09:23:12:487] info: Store: SET_NETWORK_STATUS online
[11/29/18, 09:23:12:488] warn: Base Component: Attempting to update LoadingScreen when unmounted.
[11/29/18, 09:23:14:466] info: Store: UPDATE_TEAM_LOCALE
{
  "locale": "en-US",
  "teamId": "TEBDL7HDF"
}
[11/29/18, 09:24:53:714] info: Store: SET_FULL_SCREEN
[11/29/18, 09:25:56:945] info: Store: SET_FULL_SCREEN
[11/29/18, 09:26:37:464] info: Store: SET_FULL_SCREEN
[11/29/18, 09:26:38:073] info: Store: SET_FULL_SCREEN
[11/29/18, 09:26:49:386] info: Store: SET_FULL_SCREEN
[11/29/18, 09:27:03:041] info: Store: SET_FULL_SCREEN
[11/29/18, 09:27:35:834] info: Store: SET_FULL_SCREEN
[11/29/18, 09:32:28:158] info: Store: SET_FULL_SCREEN
[11/29/18, 09:32:31:395] info: Store: SET_FULL_SCREEN
[11/29/18, 09:32:32:907] info: Store: SET_FULL_SCREEN
[11/29/18, 09:32:33:587] info: Store: SET_FULL_SCREEN
[11/29/18, 09:32:42:893] info: Store: SET_FULL_SCREEN
[11/29/18, 09:32:56:498] info: Store: SET_FULL_SCREEN
[11/29/18, 09:35:11:346] info: Store: SET_FULL_SCREEN
[11/29/18, 09:36:35:901] info: Store: SET_FULL_SCREEN
[11/29/18, 09:36:36:846] info: Store: SET_FULL_SCREEN
[11/29/18, 09:36:37:946] info: Store: SET_FULL_SCREEN
[11/29/18, 09:37:00:694] info: Store: SET_FULL_SCREEN
[11/29/18, 09:37:19:290] info: Store: SET_FULL_SCREEN
[11/29/18, 09:37:24:919] info: Store: SET_FULL_SCREEN
[11/29/18, 09:37:26:815] info: Store: SET_FULL_SCREEN
[11/29/18, 09:37:27:452] info: Store: SET_FULL_SCREEN
[11/29/18, 09:38:15:450] info: Store: SET_FULL_SCREEN
[11/29/18, 09:39:01:575] info: Store: SET_FULL_SCREEN
[11/29/18, 09:39:02:528] info: Store: SET_FULL_SCREEN
[11/29/18, 09:39:03:077] info: Store: SET_FULL_SCREEN
[11/29/18, 09:39:07:114] info: Store: SET_FULL_SCREEN
[11/29/18, 09:39:07:430] info: Store: SET_FULL_SCREEN
[11/29/18, 09:40:03:352] info: Store: SET_FULL_SCREEN
[11/29/18, 09:40:06:252] info: Store: SET_FULL_SCREEN
[11/29/18, 09:40:07:718] info: Store: SET_FULL_SCREEN
[11/29/18, 09:40:26:005] info: Store: SET_FULL_SCREEN
[11/29/18, 09:43:41:927] info: Store: SET_FULL_SCREEN
[11/29/18, 09:43:42:915] info: Store: SET_FULL_SCREEN
[11/29/18, 09:43:43:296] info: Store: SET_FULL_SCREEN
[11/29/18, 09:47:13:315] info: Store: SET_FULL_SCREEN
[11/29/18, 09:47:29:816] info: Store: SET_FULL_SCREEN
[11/29/18, 09:47:30:878] info: Store: SET_FULL_SCREEN
[11/29/18, 09:47:31:663] info: Store: SET_FULL_SCREEN
[11/29/18, 09:47:47:849] info: Store: SET_FULL_SCREEN
[11/29/18, 09:49:21:616] info: Store: SET_FULL_SCREEN
[11/29/18, 09:49:33:089] info: Store: SET_FULL_SCREEN
[11/29/18, 09:49:34:730] info: Store: SET_FULL_SCREEN
[11/29/18, 09:49:48:349] info: Store: SET_FULL_SCREEN
[11/29/18, 09:49:50:176] info: Store: SET_FULL_SCREEN
[11/29/18, 09:49:59:644] info: Store: SET_FULL_SCREEN
[11/29/18, 09:50:02:186] info: Store: SET_FULL_SCREEN
[11/29/18, 09:55:43:594] info: Store: SET_FULL_SCREEN
[11/29/18, 09:56:05:996] info: Store: SET_FULL_SCREEN
[11/29/18, 09:58:10:767] info: Store: SET_FULL_SCREEN
[11/29/18, 09:58:11:266] info: Store: SET_FULL_SCREEN
[11/29/18, 09:58:17:418] info: Store: SET_FULL_SCREEN
[11/29/18, 09:58:33:001] info: Store: SET_FULL_SCREEN
[11/29/18, 09:58:45:371] info: Store: SET_FULL_SCREEN
[11/29/18, 09:58:46:312] info: Store: SET_FULL_SCREEN
[11/29/18, 10:10:45:565] info: Store: SET_FULL_SCREEN
[11/29/18, 10:11:15:957] info: Store: SET_FULL_SCREEN
[11/29/18, 10:19:05:936] info: Store: SET_FULL_SCREEN
[11/29/18, 10:20:28:049] info: Store: SET_FULL_SCREEN
[11/29/18, 10:20:58:040] info: Store: SET_FULL_SCREEN
[11/29/18, 10:21:27:391] info: Store: SET_FULL_SCREEN
[11/29/18, 10:38:59:298] info: Store: SET_FULL_SCREEN
[11/29/18, 10:39:29:821] info: Store: SET_FULL_SCREEN
[11/29/18, 10:39:31:122] info: Store: SET_FULL_SCREEN
[11/29/18, 10:40:17:035] info: Store: SET_FULL_SCREEN
[11/29/18, 10:40:17:805] info: Store: SET_FULL_SCREEN
[11/29/18, 10:40:18:960] info: Store: SET_FULL_SCREEN
[11/29/18, 10:40:21:187] info: Store: SET_FULL_SCREEN
[11/29/18, 10:40:37:543] info: Store: SET_FULL_SCREEN
[11/29/18, 10:40:48:258] info: Store: SET_FULL_SCREEN
[11/29/18, 10:41:11:193] info: Store: SET_FULL_SCREEN
[11/29/18, 10:46:54:268] info: Store: SET_FULL_SCREEN
[11/29/18, 10:47:52:142] info: Store: SET_FULL_SCREEN
[11/29/18, 10:48:18:888] info: Store: SET_FULL_SCREEN
[11/29/18, 10:48:49:546] info: Store: SET_FULL_SCREEN
[11/29/18, 10:48:58:985] info: Store: SET_FULL_SCREEN
[11/29/18, 10:48:59:386] info: Store: SET_FULL_SCREEN
[11/29/18, 11:13:31:725] info: Store: SET_FULL_SCREEN
[11/29/18, 11:13:39:349] info: Store: SET_FULL_SCREEN
[11/29/18, 11:13:49:580] info: Store: SET_FULL_SCREEN
[11/29/18, 11:14:22:299] info: Store: SET_FULL_SCREEN
[11/29/18, 11:14:23:364] info: Store: SET_FULL_SCREEN
[11/29/18, 11:14:24:406] info: Store: SET_FULL_SCREEN
[11/29/18, 11:14:36:415] info: Store: SET_FULL_SCREEN
[11/29/18, 11:14:37:236] info: Store: SET_FULL_SCREEN
[11/29/18, 11:20:04:893] info: Store: SET_FULL_SCREEN
[11/29/18, 11:20:24:518] info: Store: SET_FULL_SCREEN
[11/29/18, 11:30:19:771] info: Store: SET_FULL_SCREEN
[11/29/18, 11:30:32:091] info: Store: SET_FULL_SCREEN
[11/29/18, 11:30:32:963] info: Store: SET_FULL_SCREEN
[11/29/18, 11:30:33:271] info: Store: SET_FULL_SCREEN
[11/29/18, 11:30:34:867] info: Store: SET_FULL_SCREEN
[11/29/18, 11:48:36:101] info: Store: SET_FULL_SCREEN
[11/29/18, 11:48:41:283] info: Store: SET_FULL_SCREEN
[11/29/18, 11:48:42:411] info: Store: SET_FULL_SCREEN
[11/29/18, 11:48:42:798] info: Store: SET_FULL_SCREEN
[11/29/18, 11:48:43:024] info: Store: SET_FULL_SCREEN
[11/29/18, 11:50:11:277] info: Store: SET_FULL_SCREEN
[11/29/18, 11:51:00:035] info: Store: SET_FULL_SCREEN
[11/29/18, 11:51:01:695] info: Store: SET_FULL_SCREEN
[11/29/18, 11:51:03:460] info: Store: SET_FULL_SCREEN
[11/29/18, 11:51:07:559] info: Store: SET_FULL_SCREEN
[11/29/18, 11:51:09:820] info: Store: SET_FULL_SCREEN
[11/29/18, 11:52:23:378] info: Store: SET_FULL_SCREEN
[11/29/18, 11:53:03:241] info: Store: SET_FULL_SCREEN
[11/29/18, 11:53:04:200] info: Store: SET_FULL_SCREEN
[11/29/18, 11:53:09:365] info: Store: SET_FULL_SCREEN
[11/29/18, 11:53:13:503] info: Store: SET_FULL_SCREEN
[11/29/18, 11:53:15:004] info: Store: SET_FULL_SCREEN
[11/29/18, 11:57:51:241] info: Store: SET_FULL_SCREEN
[11/29/18, 11:59:06:691] info: Store: SET_FULL_SCREEN
[11/29/18, 11:59:07:679] info: Store: SET_FULL_SCREEN
[11/29/18, 11:59:37:082] info: Store: SET_FULL_SCREEN
[11/29/18, 12:00:26:928] info: Store: SET_FULL_SCREEN
[11/29/18, 12:00:30:896] info: Store: SET_FULL_SCREEN
[11/29/18, 12:00:34:479] info: Store: SET_FULL_SCREEN
[11/29/18, 12:00:52:446] info: Store: SET_FULL_SCREEN
[11/29/18, 12:00:59:490] info: Store: SET_FULL_SCREEN
[11/29/18, 12:01:02:427] info: Store: SET_FULL_SCREEN
[11/29/18, 12:01:04:167] info: Store: SET_FULL_SCREEN
[11/29/18, 12:01:06:814] info: Store: SET_FULL_SCREEN
[11/29/18, 12:01:10:498] info: Store: SET_FULL_SCREEN
[11/29/18, 12:01:18:996] info: Store: SET_FULL_SCREEN
[11/29/18, 12:01:22:820] info: Store: SET_FULL_SCREEN
[11/29/18, 12:01:23:873] info: Store: SET_FULL_SCREEN
[11/29/18, 12:01:30:693] info: Store: SET_FULL_SCREEN
[11/29/18, 12:01:38:246] info: Store: SET_FULL_SCREEN
[11/29/18, 12:01:47:041] info: Store: SET_FULL_SCREEN
[11/29/18, 12:02:00:821] info: Store: SET_FULL_SCREEN
[11/29/18, 12:02:18:674] info: Store: SET_FULL_SCREEN
[11/29/18, 12:02:21:899] info: Store: SET_FULL_SCREEN
[11/29/18, 12:02:25:574] info: Store: SET_FULL_SCREEN
[11/29/18, 12:02:29:928] info: Store: SET_FULL_SCREEN
[11/29/18, 12:02:30:404] info: Store: SET_FULL_SCREEN
[11/29/18, 12:02:35:695] info: Store: SET_FULL_SCREEN
[11/29/18, 12:03:17:925] info: Store: SET_FULL_SCREEN
[11/29/18, 12:03:41:001] info: Store: SET_FULL_SCREEN
[11/29/18, 12:03:49:150] info: Store: SET_FULL_SCREEN
[11/29/18, 12:03:57:077] info: Store: SET_FULL_SCREEN
[11/29/18, 12:03:59:278] info: Store: SET_FULL_SCREEN
[11/29/18, 12:04:00:622] info: Store: SET_FULL_SCREEN
[11/29/18, 12:04:33:242] info: Store: SET_FULL_SCREEN
[11/29/18, 12:04:34:090] info: Store: SET_FULL_SCREEN
[11/29/18, 12:04:36:190] info: Store: SET_FULL_SCREEN
[11/29/18, 12:04:42:416] info: Store: SET_SUSPEND_STATUS
[11/29/18, 12:04:51:400] info: Store: SET_SUSPEND_STATUS true
[11/29/18, 12:04:52:129] info: Store: SET_NETWORK_STATUS offline
[11/29/18, 12:05:00:138] info: NetworkStatus: Waiting for network online…
[11/29/18, 12:05:01:248] info: NetworkStatus: Response from api.test
{
  "status": "online"
}
[11/29/18, 12:05:01:988] info: Store: SET_NETWORK_STATUS online
[11/29/18, 12:05:01:989] warn: Base Component: Attempting to update LoadingScreen when unmounted.
[11/29/18, 12:05:17:548] info: Store: SET_FULL_SCREEN
[11/29/18, 12:05:25:777] info: Store: SET_FULL_SCREEN
[11/29/18, 12:05:26:783] info: Store: SET_FULL_SCREEN
[11/29/18, 12:05:34:892] info: Store: SET_FULL_SCREEN
[11/29/18, 12:05:51:336] info: Store: SET_FULL_SCREEN
[11/29/18, 12:05:53:079] info: Store: SET_FULL_SCREEN
[11/29/18, 12:06:11:415] info: Store: SET_FULL_SCREEN
[11/29/18, 12:09:48:696] info: Store: SET_FULL_SCREEN
[11/29/18, 12:10:18:108] info: Store: SET_FULL_SCREEN
[11/29/18, 12:10:38:920] info: Store: SET_FULL_SCREEN
[11/29/18, 12:10:43:670] info: Store: SET_FULL_SCREEN
[11/29/18, 12:10:44:788] info: Store: SET_FULL_SCREEN
[11/29/18, 12:11:13:730] info: Store: SET_FULL_SCREEN
[11/29/18, 12:11:17:806] info: Store: SET_FULL_SCREEN
[11/29/18, 12:12:41:917] info: Store: SET_FULL_SCREEN
[11/29/18, 12:12:48:556] info: Store: SET_FULL_SCREEN
[11/29/18, 12:12:55:717] info: Store: SET_FULL_SCREEN
[11/29/18, 12:13:04:012] info: Store: SET_FULL_SCREEN
[11/29/18, 12:14:21:092] info: Store: SET_FULL_SCREEN
[11/29/18, 12:14:35:990] info: Store: SET_FULL_SCREEN
[11/29/18, 12:15:12:327] info: Store: SET_FULL_SCREEN
[11/29/18, 12:15:13:634] info: Store: SET_FULL_SCREEN
[11/29/18, 12:21:28:418] info: Store: SET_FULL_SCREEN
[11/29/18, 12:21:37:230] info: Store: SET_FULL_SCREEN
[11/29/18, 12:21:37:951] info: Store: SET_FULL_SCREEN
[11/29/18, 12:21:54:628] info: Store: SET_FULL_SCREEN
[11/29/18, 12:22:10:924] info: Store: SET_FULL_SCREEN
[11/29/18, 12:22:14:802] info: Store: SET_FULL_SCREEN
[11/29/18, 12:22:15:453] info: Store: SET_FULL_SCREEN
[11/29/18, 12:23:33:170] info: Store: SET_FULL_SCREEN
[11/29/18, 12:23:54:894] info: Store: SET_FULL_SCREEN
[11/29/18, 12:24:04:763] info: Store: SET_FULL_SCREEN
[11/29/18, 12:24:17:426] info: Store: SET_FULL_SCREEN
[11/29/18, 12:29:59:811] info: Store: SET_FULL_SCREEN
[11/29/18, 12:30:05:481] info: Store: SET_FULL_SCREEN
[11/29/18, 12:30:05:864] info: Store: SET_FULL_SCREEN
[11/29/18, 12:30:46:522] info: Store: SET_FULL_SCREEN
[11/29/18, 12:30:55:555] info: Store: SET_FULL_SCREEN
[11/29/18, 12:31:00:172] info: Store: SET_FULL_SCREEN
[11/29/18, 12:32:15:892] info: Store: SET_FULL_SCREEN
[11/29/18, 12:32:41:725] info: Store: SET_FULL_SCREEN
[11/29/18, 12:32:42:604] info: Store: SET_FULL_SCREEN
[11/29/18, 12:32:48:338] info: Store: SET_FULL_SCREEN
[11/29/18, 12:34:04:862] info: Store: SET_FULL_SCREEN
[11/29/18, 12:34:28:565] info: Store: SET_FULL_SCREEN
[11/29/18, 12:46:00:531] info: Store: SET_FULL_SCREEN
[11/29/18, 12:47:01:443] info: Store: SET_FULL_SCREEN
[11/29/18, 12:47:03:972] info: Store: SET_FULL_SCREEN
[11/29/18, 12:47:04:538] info: Store: SET_FULL_SCREEN
[11/29/18, 12:47:09:374] info: Store: SET_FULL_SCREEN
[11/29/18, 12:48:26:141] info: Store: SET_FULL_SCREEN
[11/29/18, 12:49:22:217] info: Store: SET_FULL_SCREEN
[11/29/18, 12:49:36:699] info: Store: SET_FULL_SCREEN
[11/29/18, 12:49:55:218] info: Store: SET_FULL_SCREEN
[11/29/18, 12:49:58:264] info: Store: SET_FULL_SCREEN
[11/29/18, 12:51:43:282] info: Store: SET_FULL_SCREEN
[11/29/18, 12:51:44:740] info: Store: SET_FULL_SCREEN
[11/29/18, 12:52:18:324] info: Store: SET_FULL_SCREEN
[11/29/18, 12:52:47:375] info: Store: SET_FULL_SCREEN
[11/29/18, 12:53:04:794] info: Store: SET_FULL_SCREEN
[11/29/18, 12:53:52:255] info: Store: SET_FULL_SCREEN
[11/29/18, 12:53:58:087] info: Store: SET_FULL_SCREEN
[11/29/18, 12:53:59:081] info: Store: SET_FULL_SCREEN
[11/29/18, 12:54:27:135] info: Store: SET_FULL_SCREEN
[11/29/18, 12:57:18:878] info: Store: SET_FULL_SCREEN
[11/29/18, 12:57:37:320] info: Store: SET_FULL_SCREEN
[11/29/18, 12:57:40:619] info: Store: SET_FULL_SCREEN
[11/29/18, 12:57:45:374] info: Store: SET_FULL_SCREEN
[11/29/18, 12:57:54:843] info: Store: SET_FULL_SCREEN
[11/29/18, 12:58:10:014] info: Store: SET_FULL_SCREEN
[11/29/18, 12:58:13:393] info: Store: SET_FULL_SCREEN
[11/29/18, 12:58:20:676] info: Store: SET_FULL_SCREEN
[11/29/18, 12:59:57:262] info: Store: SET_FULL_SCREEN
[11/29/18, 12:59:58:315] info: Store: SET_FULL_SCREEN
[11/29/18, 13:00:00:379] info: Store: SET_FULL_SCREEN
[11/29/18, 13:00:02:030] info: Store: SET_FULL_SCREEN
[11/29/18, 13:00:05:109] info: Store: SET_FULL_SCREEN
[11/29/18, 13:00:10:038] info: Store: SET_FULL_SCREEN
[11/29/18, 13:00:15:502] info: Store: SET_FULL_SCREEN
[11/29/18, 13:00:17:065] info: Store: SET_FULL_SCREEN
[11/29/18, 13:00:24:736] info: Store: SET_FULL_SCREEN
[11/29/18, 13:00:33:368] info: Store: SET_FULL_SCREEN
[11/29/18, 13:00:38:517] info: Store: SET_FULL_SCREEN
[11/29/18, 13:00:44:560] info: Store: SET_FULL_SCREEN
[11/29/18, 13:01:15:435] info: Store: SET_FULL_SCREEN
[11/29/18, 13:01:16:454] info: Store: SET_FULL_SCREEN
[11/29/18, 13:01:17:921] info: Store: SET_FULL_SCREEN
[11/29/18, 13:01:24:342] info: Store: SET_FULL_SCREEN
[11/29/18, 13:01:25:710] info: Store: SET_FULL_SCREEN
[11/29/18, 13:01:38:548] info: Store: SET_FULL_SCREEN
[11/29/18, 13:02:18:153] info: Store: SET_FULL_SCREEN
[11/29/18, 13:02:55:239] info: Store: SET_FULL_SCREEN
[11/29/18, 13:02:59:209] info: Store: SET_FULL_SCREEN
[11/29/18, 13:03:01:661] info: Store: SET_FULL_SCREEN
[11/29/18, 13:03:04:346] info: Store: SET_FULL_SCREEN
[11/29/18, 13:03:29:792] info: Store: SET_FULL_SCREEN
[11/29/18, 13:03:37:060] info: Store: SET_FULL_SCREEN
[11/29/18, 13:03:44:282] info: Store: SET_FULL_SCREEN
[11/29/18, 13:04:01:095] info: Store: SET_FULL_SCREEN
[11/29/18, 13:04:01:686] info: Store: SET_FULL_SCREEN
[11/29/18, 13:04:30:659] info: Store: SET_FULL_SCREEN
[11/29/18, 13:04:48:016] info: Store: SET_FULL_SCREEN
[11/29/18, 13:04:56:515] info: Store: SET_FULL_SCREEN
[11/29/18, 13:04:59:609] info: Store: SET_FULL_SCREEN
[11/29/18, 13:05:03:106] info: Store: SET_FULL_SCREEN
[11/29/18, 13:05:16:675] info: Store: SET_FULL_SCREEN
[11/29/18, 13:09:06:242] info: Store: SET_FULL_SCREEN
[11/29/18, 13:09:17:971] info: Store: SET_FULL_SCREEN
[11/29/18, 13:09:32:497] info: Store: SET_FULL_SCREEN
[11/29/18, 13:09:45:999] info: Store: SET_FULL_SCREEN
[11/29/18, 13:10:47:471] info: Store: SET_FULL_SCREEN
[11/29/18, 13:10:47:783] info: Store: SET_FULL_SCREEN
[11/29/18, 13:10:50:919] info: Store: SET_FULL_SCREEN
[11/29/18, 13:10:51:432] info: Store: SET_FULL_SCREEN
[11/29/18, 13:10:53:495] info: Store: SET_FULL_SCREEN
[11/29/18, 13:12:17:924] info: Store: SET_FULL_SCREEN
[11/29/18, 13:12:28:040] info: Store: SET_FULL_SCREEN
[11/29/18, 13:12:57:245] info: Store: SET_FULL_SCREEN
[11/29/18, 13:12:59:755] info: Store: SET_FULL_SCREEN
[11/29/18, 13:13:03:613] info: Store: SET_FULL_SCREEN
[11/29/18, 13:13:09:480] info: Store: SET_FULL_SCREEN
[11/29/18, 13:13:17:628] info: Store: SET_FULL_SCREEN
[11/29/18, 13:14:58:534] info: Store: SET_FULL_SCREEN
[11/29/18, 13:15:01:924] info: Store: SET_FULL_SCREEN
[11/29/18, 13:15:02:796] info: Store: SET_FULL_SCREEN
[11/29/18, 13:15:15:464] info: Store: SET_FULL_SCREEN
[11/29/18, 13:15:51:239] info: Store: SET_FULL_SCREEN
[11/29/18, 13:16:36:371] info: Store: SET_FULL_SCREEN
[11/29/18, 13:16:49:414] info: Store: SET_FULL_SCREEN
[11/29/18, 13:21:35:256] info: Store: SET_FULL_SCREEN
[11/29/18, 13:21:47:940] info: Store: SET_FULL_SCREEN
[11/29/18, 13:22:16:720] info: Store: SET_FULL_SCREEN
[11/29/18, 13:22:27:224] info: Store: SET_FULL_SCREEN
[11/29/18, 13:22:27:614] info: Store: SET_FULL_SCREEN
[11/29/18, 13:22:35:673] info: Store: SET_FULL_SCREEN
[11/29/18, 13:22:37:490] info: Store: SET_FULL_SCREEN
[11/29/18, 13:22:38:211] info: Store: SET_FULL_SCREEN
[11/29/18, 13:23:33:738] info: Store: SET_FULL_SCREEN
[11/29/18, 13:23:41:137] info: Store: SET_FULL_SCREEN
[11/29/18, 13:25:02:883] info: Store: SET_FULL_SCREEN
[11/29/18, 13:25:07:514] info: Store: SET_FULL_SCREEN
[11/29/18, 13:25:28:241] info: Store: SET_FULL_SCREEN
[11/29/18, 13:25:48:420] info: Store: SET_FULL_SCREEN
[11/29/18, 13:26:02:990] info: Store: SET_FULL_SCREEN
[11/29/18, 13:26:25:301] info: Store: SET_FULL_SCREEN
[11/29/18, 13:29:56:150] info: Store: SET_FULL_SCREEN
[11/29/18, 13:30:01:246] info: Store: SET_FULL_SCREEN
[11/29/18, 13:30:05:352] info: Store: SET_FULL_SCREEN
[11/29/18, 13:30:19:277] info: Store: SET_FULL_SCREEN
[11/29/18, 13:30:47:269] info: Store: SET_FULL_SCREEN
[11/29/18, 13:31:02:315] info: Store: SET_FULL_SCREEN
[11/29/18, 13:31:05:478] info: Store: SET_FULL_SCREEN
[11/29/18, 13:31:06:649] info: Store: SET_FULL_SCREEN
[11/29/18, 13:32:16:910] info: Store: SET_FULL_SCREEN
[11/29/18, 13:33:00:299] info: Store: SET_FULL_SCREEN
[11/29/18, 13:33:33:370] info: Store: SET_FULL_SCREEN
[11/29/18, 13:33:33:745] info: Store: SET_FULL_SCREEN
[11/29/18, 13:33:38:153] info: Store: SET_FULL_SCREEN
[11/29/18, 13:33:39:574] info: Store: SET_FULL_SCREEN
[11/29/18, 13:33:41:673] info: Store: SET_FULL_SCREEN
[11/29/18, 13:33:47:444] info: Store: SET_FULL_SCREEN
[11/29/18, 13:33:59:201] info: Store: SET_FULL_SCREEN
[11/29/18, 13:34:01:801] info: Store: SET_FULL_SCREEN
[11/29/18, 13:34:25:917] info: Store: SET_FULL_SCREEN
[11/29/18, 13:34:27:312] info: Store: SET_FULL_SCREEN
[11/29/18, 13:34:51:603] info: Store: SET_FULL_SCREEN
[11/29/18, 13:34:54:271] info: Store: SET_FULL_SCREEN
[11/29/18, 13:34:56:791] info: Store: SET_FULL_SCREEN
[11/29/18, 13:34:58:112] info: Store: SET_FULL_SCREEN
[11/29/18, 13:35:06:749] info: Store: SET_FULL_SCREEN
[11/29/18, 13:35:08:636] info: Store: SET_FULL_SCREEN
[11/29/18, 13:35:49:929] info: Store: SET_FULL_SCREEN
[11/29/18, 13:36:09:288] info: Store: SET_FULL_SCREEN
[11/29/18, 13:37:06:904] info: Store: SET_FULL_SCREEN
[11/29/18, 13:37:09:286] info: Store: SET_FULL_SCREEN
[11/29/18, 13:37:48:526] info: Store: SET_FULL_SCREEN
[11/29/18, 13:37:52:137] info: Store: SET_FULL_SCREEN
[11/29/18, 13:41:33:158] info: Store: SET_FULL_SCREEN
[11/29/18, 13:41:35:100] info: Store: SET_FULL_SCREEN
[11/29/18, 13:41:37:508] info: Store: SET_FULL_SCREEN
[11/29/18, 13:41:40:142] info: Store: SET_FULL_SCREEN
[11/29/18, 13:41:45:604] info: Store: SET_FULL_SCREEN
[11/29/18, 13:41:47:549] info: Store: SET_FULL_SCREEN
[11/29/18, 13:41:56:609] info: Store: SET_FULL_SCREEN
[11/29/18, 13:44:23:328] info: Store: SET_FULL_SCREEN
[11/29/18, 13:44:33:963] info: Store: SET_FULL_SCREEN
[11/29/18, 13:50:37:735] info: Store: SET_FULL_SCREEN
[11/29/18, 13:50:40:787] info: Store: SET_FULL_SCREEN
[11/29/18, 13:50:43:267] info: Store: SET_FULL_SCREEN
[11/29/18, 13:57:39:679] info: Store: SET_FULL_SCREEN
[11/29/18, 13:57:59:566] info: Store: SET_FULL_SCREEN
[11/29/18, 14:11:12:566] info: Store: SET_FULL_SCREEN
[11/29/18, 14:11:54:944] info: Store: SET_FULL_SCREEN
[11/29/18, 14:23:22:328] info: Store: SET_FULL_SCREEN
[11/29/18, 14:25:19:424] info: Store: SET_FULL_SCREEN
[11/29/18, 14:26:30:973] info: Store: SET_FULL_SCREEN
[11/29/18, 14:27:24:827] info: Store: SET_FULL_SCREEN
[11/29/18, 14:27:55:329] info: Store: SET_FULL_SCREEN
[11/29/18, 14:27:57:686] info: Store: SET_FULL_SCREEN
[11/29/18, 14:29:35:045] info: Store: SET_FULL_SCREEN
[11/29/18, 14:29:39:388] info: Store: SET_FULL_SCREEN
[11/29/18, 14:39:47:179] info: Store: SET_FULL_SCREEN
[11/29/18, 14:40:01:766] info: Store: SET_FULL_SCREEN
[11/29/18, 14:40:16:026] info: Store: SET_FULL_SCREEN
[11/29/18, 14:40:30:111] info: Store: SET_FULL_SCREEN
[11/29/18, 14:41:58:643] info: Store: SET_FULL_SCREEN
[11/29/18, 14:42:05:806] info: Store: SET_FULL_SCREEN
[11/29/18, 15:19:57:045] info: Store: SET_FULL_SCREEN
[11/29/18, 15:19:57:714] info: Store: SET_FULL_SCREEN
[11/29/18, 15:22:56:334] info: Store: SET_FULL_SCREEN
[11/29/18, 15:23:53:118] info: Store: SET_FULL_SCREEN
[11/29/18, 15:24:00:462] info: Store: SET_FULL_SCREEN
[11/29/18, 15:25:00:243] info: Store: SET_FULL_SCREEN
[11/29/18, 15:25:49:159] info: Store: SET_FULL_SCREEN
[11/29/18, 15:26:14:405] info: Store: SET_FULL_SCREEN
[11/29/18, 15:27:01:676] info: Store: SET_FULL_SCREEN
[11/29/18, 15:27:02:403] info: Store: SET_FULL_SCREEN
[11/29/18, 15:27:02:976] info: Store: SET_FULL_SCREEN
[11/29/18, 15:27:10:732] info: Store: SET_FULL_SCREEN
[11/29/18, 15:28:01:337] info: Store: SET_FULL_SCREEN
[11/29/18, 15:28:07:751] info: Store: SET_FULL_SCREEN
[11/29/18, 15:29:21:959] info: Store: SET_FULL_SCREEN
[11/29/18, 15:29:22:929] info: Store: SET_FULL_SCREEN
[11/29/18, 15:29:24:732] info: Store: SET_FULL_SCREEN
[11/29/18, 15:29:25:333] info: Store: SET_FULL_SCREEN
[11/29/18, 15:29:25:892] info: Store: SET_FULL_SCREEN
[11/29/18, 15:29:26:134] info: Store: SET_FULL_SCREEN
[11/29/18, 15:29:44:398] info: Store: SET_FULL_SCREEN
[11/29/18, 15:29:45:430] info: Store: SET_FULL_SCREEN
[11/29/18, 15:29:46:175] info: Store: SET_FULL_SCREEN
[11/29/18, 15:29:47:461] info: Store: SET_FULL_SCREEN
[11/29/18, 15:30:08:593] info: Store: SET_FULL_SCREEN
[11/29/18, 15:32:25:721] info: Store: SET_FULL_SCREEN
[11/29/18, 15:32:41:539] info: Store: SET_FULL_SCREEN
[11/29/18, 15:32:50:932] info: Store: SET_FULL_SCREEN
[11/29/18, 15:32:51:755] info: Store: SET_FULL_SCREEN
[11/29/18, 15:33:06:540] info: Store: SET_FULL_SCREEN
[11/29/18, 15:33:07:831] info: Store: SET_FULL_SCREEN
[11/29/18, 15:33:08:434] info: Store: SET_FULL_SCREEN
[11/29/18, 15:33:58:738] info: Store: SET_FULL_SCREEN
[11/29/18, 15:34:39:395] info: Store: SET_FULL_SCREEN
[11/29/18, 15:35:13:335] info: Store: SET_FULL_SCREEN
[11/29/18, 15:35:16:057] info: Store: SET_FULL_SCREEN
[11/29/18, 15:35:16:820] info: Store: SET_FULL_SCREEN
[11/29/18, 15:35:18:480] info: Store: SET_FULL_SCREEN
[11/29/18, 15:35:29:945] info: Store: SET_FULL_SCREEN
[11/29/18, 15:35:37:030] info: Store: SET_FULL_SCREEN
[11/29/18, 15:35:41:116] info: Store: SET_FULL_SCREEN
[11/29/18, 15:35:42:223] info: Store: SET_FULL_SCREEN
[11/29/18, 15:35:45:663] info: Store: SET_FULL_SCREEN
[11/29/18, 15:35:47:216] info: Store: SET_FULL_SCREEN
[11/29/18, 15:35:47:769] info: Store: SET_FULL_SCREEN
[11/29/18, 15:36:02:443] info: Store: SET_FULL_SCREEN
[11/29/18, 15:36:16:082] info: Store: SET_FULL_SCREEN
[11/29/18, 15:36:17:019] info: Store: SET_FULL_SCREEN
[11/29/18, 15:36:58:890] info: Store: SET_FULL_SCREEN
[11/29/18, 15:36:59:615] info: Store: SET_FULL_SCREEN
[11/29/18, 15:37:00:198] info: Store: SET_FULL_SCREEN
[11/29/18, 15:37:21:344] info: Store: SET_FULL_SCREEN
[11/29/18, 15:37:29:839] info: Store: SET_FULL_SCREEN
[11/29/18, 15:38:14:001] info: Store: SET_FULL_SCREEN
[11/29/18, 15:38:15:287] info: Store: SET_FULL_SCREEN
[11/29/18, 15:38:16:172] info: Store: SET_FULL_SCREEN
[11/29/18, 15:38:19:651] info: Store: SET_FULL_SCREEN
[11/29/18, 15:39:42:219] info: Store: SET_FULL_SCREEN
[11/29/18, 15:39:44:617] info: Store: SET_FULL_SCREEN
[11/29/18, 15:39:45:019] info: Store: SET_FULL_SCREEN
[11/29/18, 15:40:19:875] info: Store: SET_FULL_SCREEN
[11/29/18, 15:40:21:555] info: Store: SET_FULL_SCREEN
[11/29/18, 15:40:22:715] info: Store: SET_FULL_SCREEN
[11/29/18, 15:41:46:254] info: Store: SET_FULL_SCREEN
[11/29/18, 15:42:27:051] info: Store: SET_FULL_SCREEN
[11/29/18, 15:44:16:676] info: Store: SET_FULL_SCREEN
[11/29/18, 15:44:56:667] info: Store: SET_FULL_SCREEN
[11/29/18, 15:44:57:433] info: Store: SET_FULL_SCREEN
[11/29/18, 15:45:17:586] info: Store: SET_FULL_SCREEN
[11/29/18, 15:46:33:856] info: Store: SET_FULL_SCREEN
[11/29/18, 15:47:07:980] info: Store: SET_FULL_SCREEN
[11/29/18, 15:47:35:149] info: Store: SET_FULL_SCREEN
[11/29/18, 15:47:45:976] info: Store: SET_FULL_SCREEN
[11/29/18, 15:47:49:820] info: Store: SET_FULL_SCREEN
[11/29/18, 15:47:50:951] info: Store: SET_FULL_SCREEN
[11/29/18, 15:48:03:752] info: Store: SET_FULL_SCREEN
[11/29/18, 15:48:04:710] info: Store: SET_FULL_SCREEN
[11/29/18, 15:48:06:067] info: Store: SET_FULL_SCREEN
[11/29/18, 15:48:09:089] info: Store: SET_FULL_SCREEN
[11/29/18, 15:48:11:484] info: Store: SET_FULL_SCREEN
[11/29/18, 15:48:32:158] info: Store: SET_FULL_SCREEN
[11/29/18, 15:50:30:144] info: Store: SET_FULL_SCREEN
[11/29/18, 15:50:45:797] info: Store: SET_FULL_SCREEN
[11/29/18, 15:50:48:576] info: Store: SET_FULL_SCREEN
[11/29/18, 15:50:49:288] info: Store: SET_FULL_SCREEN
[11/29/18, 15:52:05:975] info: Store: SET_FULL_SCREEN
[11/29/18, 15:52:38:727] info: Store: SET_FULL_SCREEN
[11/29/18, 15:52:42:035] info: Store: SET_FULL_SCREEN
[11/29/18, 15:52:51:089] info: Store: SET_FULL_SCREEN
[11/29/18, 15:52:51:469] info: Store: SET_FULL_SCREEN
[11/29/18, 15:53:01:164] info: Store: SET_FULL_SCREEN
[11/29/18, 15:53:10:609] info: Store: SET_FULL_SCREEN
[11/29/18, 15:53:41:445] info: Store: SET_FULL_SCREEN
[11/29/18, 15:53:43:843] info: Store: SET_FULL_SCREEN
[11/29/18, 15:54:21:601] info: Store: SET_FULL_SCREEN
[11/29/18, 15:54:25:019] info: Store: SET_FULL_SCREEN
[11/29/18, 15:54:41:001] info: Store: SET_FULL_SCREEN
[11/29/18, 15:55:06:979] info: Store: SET_FULL_SCREEN
[11/29/18, 15:57:59:468] info: Store: SET_FULL_SCREEN
[11/29/18, 15:58:19:532] info: Store: SET_FULL_SCREEN
[11/29/18, 16:20:20:191] info: Store: SET_FULL_SCREEN
[11/29/18, 16:20:45:006] info: Store: SET_FULL_SCREEN
[11/29/18, 16:20:47:434] info: Store: SET_FULL_SCREEN
[11/29/18, 16:20:48:775] info: Store: SET_FULL_SCREEN
[11/29/18, 16:20:54:526] info: Store: SET_FULL_SCREEN
[11/29/18, 16:21:01:988] info: Store: SET_FULL_SCREEN
[11/29/18, 16:21:50:431] info: Store: SET_FULL_SCREEN
[11/29/18, 16:22:06:981] info: Store: SET_FULL_SCREEN
[11/29/18, 16:23:22:426] info: Store: SET_FULL_SCREEN
[11/29/18, 16:23:25:806] info: Store: SET_FULL_SCREEN
[11/29/18, 16:23:36:717] info: Store: SET_FULL_SCREEN
[11/29/18, 16:23:39:402] info: Store: SET_FULL_SCREEN
[11/29/18, 16:24:14:820] info: Store: SET_FULL_SCREEN
[11/29/18, 16:24:45:292] info: Store: SET_FULL_SCREEN
[11/29/18, 16:24:48:118] info: Store: SET_FULL_SCREEN
[11/29/18, 16:24:49:396] info: Store: SET_FULL_SCREEN
[11/29/18, 16:24:50:366] info: Store: SAVE_WINDOW_SETTINGS
{
  "isMaximized": true,
  "position": [
    171,
    0
  ],
  "size": [
    1024,
    768
  ]
}
[11/29/18, 16:24:51:728] info: Store: UPDATE_SETTINGS
{
  "hasRunFromTray": true
}
[11/29/18, 16:24:51:730] info: Store: SHOW_TRAY_BALLOON
{
  "content": "Slack’s set to stay running in the notification area. To change this, visit Preferences > Linux App.",
  "title": "Why didn’t Slack quit?"
}
[11/29/18, 16:24:52:913] info: Store: SAVE_WINDOW_SETTINGS
{
  "isMaximized": false,
  "position": [
    0,
    29
  ],
  "size": [
    1366,
    739
  ]
}
[11/29/18, 17:45:36:142] info: Store: SET_SUSPEND_STATUS
[11/30/18, 09:31:37:325] info: Store: SET_SUSPEND_STATUS true
[11/30/18, 09:31:37:452] info: Store: SET_NETWORK_STATUS offline
[11/30/18, 09:31:43:238] info: NetworkStatus: Waiting for network online…
[11/30/18, 09:31:43:477] info: NetworkStatus: Network check failed
{
  "error": {
    "message": "Failed to fetch",
    "stack": "TypeError: Failed to fetch"
  }
}
[11/30/18, 09:31:43:479] info: NetworkStatus: Response from api.test
{
  "status": "offline"
}
[11/30/18, 09:31:49:648] info: NetworkStatus: Response from api.test
{
  "status": "online"
}
[11/30/18, 09:31:50:451] info: Store: SET_NETWORK_STATUS online
[11/30/18, 09:31:50:453] warn: Base Component: Attempting to update LoadingScreen when unmounted.
[11/30/18, 09:32:17:570] info: Store: UPDATE_TEAM_LOCALE
{
  "locale": "en-US",
  "teamId": "TEBDL7HDF"
}
